{"/Users/anindyamukhopadhyay/Developer/JanVote/src/App.jsx": {"path":"/Users/anindyamukhopadhyay/Developer/JanVote/src/App.jsx","statementMap":{"0":{"start":{"line":14,"column":22},"end":{"line":14,"column":55}},"1":{"start":{"line":15,"column":21},"end":{"line":16,"column":null}},"2":{"start":{"line":16,"column":10},"end":{"line":16,"column":null}},"3":{"start":{"line":18,"column":8},"end":{"line":18,"column":32}},"4":{"start":{"line":21,"column":2},"end":{"line":23,"column":null}},"5":{"start":{"line":22,"column":4},"end":{"line":22,"column":null}},"6":{"start":{"line":25,"column":2},"end":{"line":28,"column":null}},"7":{"start":{"line":26,"column":4},"end":{"line":26,"column":null}},"8":{"start":{"line":27,"column":4},"end":{"line":27,"column":null}},"9":{"start":{"line":30,"column":2},"end":{"line":92,"column":null}},"10":{"start":{"line":46,"column":36},"end":{"line":46,"column":66}},"11":{"start":{"line":46,"column":60},"end":{"line":46,"column":66}},"12":{"start":{"line":47,"column":33},"end":{"line":47,"column":null}},"13":{"start":{"line":47,"column":58},"end":{"line":47,"column":null}}},"fnMap":{"0":{"name":"App","decl":{"start":{"line":13,"column":9},"end":{"line":13,"column":15}},"loc":{"start":{"line":13,"column":15},"end":{"line":92,"column":null}},"line":13},"1":{"name":"(anonymous_1)","decl":{"start":{"line":15,"column":38},"end":{"line":15,"column":null}},"loc":{"start":{"line":16,"column":10},"end":{"line":16,"column":null}},"line":16},"2":{"name":"(anonymous_2)","decl":{"start":{"line":21,"column":2},"end":{"line":21,"column":18}},"loc":{"start":{"line":21,"column":18},"end":{"line":23,"column":6}},"line":21},"3":{"name":"(anonymous_3)","decl":{"start":{"line":25,"column":2},"end":{"line":25,"column":18}},"loc":{"start":{"line":25,"column":18},"end":{"line":28,"column":6}},"line":25},"4":{"name":"(anonymous_4)","decl":{"start":{"line":46,"column":12},"end":{"line":46,"column":36}},"loc":{"start":{"line":46,"column":36},"end":{"line":46,"column":66}},"line":46},"5":{"name":"(anonymous_5)","decl":{"start":{"line":46,"column":36},"end":{"line":46,"column":51}},"loc":{"start":{"line":46,"column":60},"end":{"line":46,"column":66}},"line":46},"6":{"name":"(anonymous_6)","decl":{"start":{"line":47,"column":12},"end":{"line":47,"column":33}},"loc":{"start":{"line":47,"column":33},"end":{"line":47,"column":null}},"line":47},"7":{"name":"(anonymous_7)","decl":{"start":{"line":47,"column":33},"end":{"line":47,"column":49}},"loc":{"start":{"line":47,"column":58},"end":{"line":47,"column":null}},"line":47}},"branchMap":{},"s":{"0":2,"1":2,"2":2,"3":2,"4":2,"5":2,"6":2,"7":2,"8":2,"9":2,"10":0,"11":0,"12":0,"13":0},"f":{"0":2,"1":2,"2":2,"3":2,"4":0,"5":0,"6":0,"7":0},"b":{},"meta":{"lastBranch":0,"lastFunction":8,"lastStatement":14,"seen":{"f:13:9:13:15":0,"s:14:22:14:55":0,"s:15:21:16:Infinity":1,"f:15:38:15:Infinity":1,"s:16:10:16:Infinity":2,"s:18:8:18:32":3,"s:21:2:23:Infinity":4,"f:21:2:21:18":2,"s:22:4:22:Infinity":5,"s:25:2:28:Infinity":6,"f:25:2:25:18":3,"s:26:4:26:Infinity":7,"s:27:4:27:Infinity":8,"s:30:2:92:Infinity":9,"f:46:12:46:36":4,"s:46:36:46:66":10,"f:46:36:46:51":5,"s:46:60:46:66":11,"f:47:12:47:33":6,"s:47:33:47:Infinity":12,"f:47:33:47:49":7,"s:47:58:47:Infinity":13}}}
,"/Users/anindyamukhopadhyay/Developer/JanVote/src/firebase.js": {"path":"/Users/anindyamukhopadhyay/Developer/JanVote/src/firebase.js","statementMap":{"0":{"start":{"line":8,"column":23},"end":{"line":16,"column":null}},"1":{"start":{"line":18,"column":6},"end":{"line":18,"column":41}},"2":{"start":{"line":21,"column":16},"end":{"line":21,"column":null}},"3":{"start":{"line":22,"column":0},"end":{"line":29,"column":null}},"4":{"start":{"line":23,"column":2},"end":{"line":29,"column":null}},"5":{"start":{"line":24,"column":4},"end":{"line":25,"column":null}},"6":{"start":{"line":25,"column":6},"end":{"line":25,"column":null}},"7":{"start":{"line":28,"column":4},"end":{"line":28,"column":null}},"8":{"start":{"line":33,"column":6},"end":{"line":33,"column":28}},"9":{"start":{"line":40,"column":13},"end":{"line":42,"column":null}},"10":{"start":{"line":41,"column":2},"end":{"line":42,"column":null}},"11":{"start":{"line":42,"column":4},"end":{"line":42,"column":null}},"12":{"start":{"line":52,"column":13},"end":{"line":54,"column":null}},"13":{"start":{"line":53,"column":2},"end":{"line":54,"column":null}},"14":{"start":{"line":54,"column":4},"end":{"line":54,"column":null}},"15":{"start":{"line":64,"column":30},"end":{"line":74,"column":null}},"16":{"start":{"line":65,"column":2},"end":{"line":74,"column":null}},"17":{"start":{"line":66,"column":4},"end":{"line":71,"column":null}},"18":{"start":{"line":74,"column":4},"end":{"line":74,"column":null}},"19":{"start":{"line":84,"column":28},"end":{"line":95,"column":null}},"20":{"start":{"line":85,"column":2},"end":{"line":95,"column":null}},"21":{"start":{"line":86,"column":10},"end":{"line":89,"column":null}},"22":{"start":{"line":91,"column":21},"end":{"line":91,"column":37}},"23":{"start":{"line":92,"column":4},"end":{"line":92,"column":null}},"24":{"start":{"line":92,"column":37},"end":{"line":92,"column":68}},"25":{"start":{"line":94,"column":4},"end":{"line":94,"column":null}},"26":{"start":{"line":95,"column":4},"end":{"line":95,"column":null}},"27":{"start":{"line":105,"column":35},"end":{"line":113,"column":null}},"28":{"start":{"line":106,"column":2},"end":{"line":113,"column":null}},"29":{"start":{"line":107,"column":4},"end":{"line":111,"column":null}},"30":{"start":{"line":113,"column":4},"end":{"line":113,"column":null}}},"fnMap":{"0":{"name":"(anonymous_0)","decl":{"start":{"line":23,"column":16},"end":{"line":23,"column":22}},"loc":{"start":{"line":23,"column":36},"end":{"line":27,"column":5}},"line":23},"1":{"name":"(anonymous_1)","decl":{"start":{"line":27,"column":5},"end":{"line":27,"column":17}},"loc":{"start":{"line":27,"column":17},"end":{"line":29,"column":null}},"line":27},"2":{"name":"(anonymous_2)","decl":{"start":{"line":40,"column":13},"end":{"line":40,"column":28}},"loc":{"start":{"line":40,"column":41},"end":{"line":42,"column":null}},"line":40},"3":{"name":"(anonymous_3)","decl":{"start":{"line":52,"column":13},"end":{"line":52,"column":31}},"loc":{"start":{"line":52,"column":58},"end":{"line":54,"column":null}},"line":52},"4":{"name":"(anonymous_4)","decl":{"start":{"line":64,"column":30},"end":{"line":64,"column":37}},"loc":{"start":{"line":64,"column":54},"end":{"line":74,"column":null}},"line":64},"5":{"name":"(anonymous_5)","decl":{"start":{"line":84,"column":28},"end":{"line":84,"column":35}},"loc":{"start":{"line":84,"column":49},"end":{"line":95,"column":null}},"line":84},"6":{"name":"(anonymous_6)","decl":{"start":{"line":92,"column":25},"end":{"line":92,"column":29}},"loc":{"start":{"line":92,"column":37},"end":{"line":92,"column":68}},"line":92},"7":{"name":"(anonymous_7)","decl":{"start":{"line":105,"column":35},"end":{"line":105,"column":42}},"loc":{"start":{"line":105,"column":71},"end":{"line":113,"column":null}},"line":105}},"branchMap":{"0":{"loc":{"start":{"line":9,"column":10},"end":{"line":9,"column":null}},"type":"binary-expr","locations":[{"start":{"line":9,"column":10},"end":{"line":9,"column":51}},{"start":{"line":9,"column":51},"end":{"line":9,"column":null}}],"line":9},"1":{"loc":{"start":{"line":11,"column":13},"end":{"line":11,"column":null}},"type":"binary-expr","locations":[{"start":{"line":11,"column":13},"end":{"line":11,"column":57}},{"start":{"line":11,"column":57},"end":{"line":11,"column":null}}],"line":11},"2":{"loc":{"start":{"line":22,"column":0},"end":{"line":29,"column":null}},"type":"if","locations":[{"start":{"line":22,"column":0},"end":{"line":29,"column":null}},{"start":{},"end":{}}],"line":22},"3":{"loc":{"start":{"line":24,"column":4},"end":{"line":25,"column":null}},"type":"if","locations":[{"start":{"line":24,"column":4},"end":{"line":25,"column":null}},{"start":{},"end":{}}],"line":24},"4":{"loc":{"start":{"line":41,"column":2},"end":{"line":42,"column":null}},"type":"if","locations":[{"start":{"line":41,"column":2},"end":{"line":42,"column":null}},{"start":{},"end":{}}],"line":41},"5":{"loc":{"start":{"line":52,"column":42},"end":{"line":52,"column":53}},"type":"default-arg","locations":[{"start":{"line":52,"column":51},"end":{"line":52,"column":53}}],"line":52},"6":{"loc":{"start":{"line":53,"column":2},"end":{"line":54,"column":null}},"type":"if","locations":[{"start":{"line":53,"column":2},"end":{"line":54,"column":null}},{"start":{},"end":{}}],"line":53},"7":{"loc":{"start":{"line":84,"column":35},"end":{"line":84,"column":49}},"type":"default-arg","locations":[{"start":{"line":84,"column":43},"end":{"line":84,"column":49}}],"line":84}},"s":{"0":3,"1":3,"2":3,"3":3,"4":3,"5":3,"6":0,"7":0,"8":3,"9":3,"10":2,"11":0,"12":3,"13":0,"14":0,"15":3,"16":0,"17":0,"18":0,"19":3,"20":3,"21":3,"22":3,"23":0,"24":0,"25":0,"26":0,"27":3,"28":0,"29":0,"30":0},"f":{"0":3,"1":0,"2":2,"3":0,"4":0,"5":3,"6":0,"7":0},"b":{"0":[3,3],"1":[3,3],"2":[3,0],"3":[0,3],"4":[0,2],"5":[0],"6":[0,0],"7":[3]},"meta":{"lastBranch":8,"lastFunction":8,"lastStatement":31,"seen":{"s:8:23:16:Infinity":0,"b:9:10:9:51:9:51:9:Infinity":0,"b:11:13:11:57:11:57:11:Infinity":1,"s:18:6:18:41":1,"s:21:16:21:Infinity":2,"b:22:0:29:Infinity:undefined:undefined:undefined:undefined":2,"s:22:0:29:Infinity":3,"s:23:2:29:Infinity":4,"f:23:16:23:22":0,"b:24:4:25:Infinity:undefined:undefined:undefined:undefined":3,"s:24:4:25:Infinity":5,"s:25:6:25:Infinity":6,"f:27:5:27:17":1,"s:28:4:28:Infinity":7,"s:33:6:33:28":8,"s:40:13:42:Infinity":9,"f:40:13:40:28":2,"b:41:2:42:Infinity:undefined:undefined:undefined:undefined":4,"s:41:2:42:Infinity":10,"s:42:4:42:Infinity":11,"s:52:13:54:Infinity":12,"f:52:13:52:31":3,"b:52:51:52:53":5,"b:53:2:54:Infinity:undefined:undefined:undefined:undefined":6,"s:53:2:54:Infinity":13,"s:54:4:54:Infinity":14,"s:64:30:74:Infinity":15,"f:64:30:64:37":4,"s:65:2:74:Infinity":16,"s:66:4:71:Infinity":17,"s:74:4:74:Infinity":18,"s:84:28:95:Infinity":19,"f:84:28:84:35":5,"b:84:43:84:49":7,"s:85:2:95:Infinity":20,"s:86:10:89:Infinity":21,"s:91:21:91:37":22,"s:92:4:92:Infinity":23,"f:92:25:92:29":6,"s:92:37:92:68":24,"s:94:4:94:Infinity":25,"s:95:4:95:Infinity":26,"s:105:35:113:Infinity":27,"f:105:35:105:42":7,"s:106:2:113:Infinity":28,"s:107:4:111:Infinity":29,"s:113:4:113:Infinity":30}}}
,"/Users/anindyamukhopadhyay/Developer/JanVote/src/components/ChatBox.jsx": {"path":"/Users/anindyamukhopadhyay/Developer/JanVote/src/components/ChatBox.jsx","statementMap":{"0":{"start":{"line":12,"column":17},"end":{"line":12,"column":127}},"1":{"start":{"line":15,"column":6},"end":{"line":15,"column":52}},"2":{"start":{"line":19,"column":24},"end":{"line":19,"column":55}},"3":{"start":{"line":21,"column":2},"end":{"line":31,"column":null}},"4":{"start":{"line":22,"column":12},"end":{"line":22,"column":null}},"5":{"start":{"line":23,"column":4},"end":{"line":23,"column":null}},"6":{"start":{"line":24,"column":21},"end":{"line":28,"column":10}},"7":{"start":{"line":25,"column":6},"end":{"line":25,"column":null}},"8":{"start":{"line":25,"column":33},"end":{"line":25,"column":54}},"9":{"start":{"line":26,"column":6},"end":{"line":26,"column":null}},"10":{"start":{"line":27,"column":6},"end":{"line":27,"column":null}},"11":{"start":{"line":27,"column":28},"end":{"line":27,"column":null}},"12":{"start":{"line":30,"column":4},"end":{"line":30,"column":null}},"13":{"start":{"line":30,"column":17},"end":{"line":30,"column":39}},"14":{"start":{"line":33,"column":2},"end":{"line":33,"column":null}},"15":{"start":{"line":37,"column":16},"end":{"line":37,"column":39}},"16":{"start":{"line":38,"column":19},"end":{"line":38,"column":48}},"17":{"start":{"line":39,"column":10},"end":{"line":39,"column":45}},"18":{"start":{"line":40,"column":19},"end":{"line":49,"column":null}},"19":{"start":{"line":50,"column":8},"end":{"line":50,"column":38}},"20":{"start":{"line":52,"column":2},"end":{"line":54,"column":null}},"21":{"start":{"line":53,"column":4},"end":{"line":53,"column":null}},"22":{"start":{"line":56,"column":22},"end":{"line":80,"column":null}},"23":{"start":{"line":57,"column":4},"end":{"line":80,"column":null}},"24":{"start":{"line":60,"column":28},"end":{"line":62,"column":null}},"25":{"start":{"line":64,"column":23},"end":{"line":67,"column":8}},"26":{"start":{"line":68,"column":6},"end":{"line":68,"column":null}},"27":{"start":{"line":71,"column":6},"end":{"line":78,"column":null}},"28":{"start":{"line":72,"column":8},"end":{"line":74,"column":null}},"29":{"start":{"line":75,"column":17},"end":{"line":78,"column":null}},"30":{"start":{"line":76,"column":8},"end":{"line":78,"column":null}},"31":{"start":{"line":80,"column":6},"end":{"line":80,"column":null}},"32":{"start":{"line":84,"column":22},"end":{"line":84,"column":54}},"33":{"start":{"line":86,"column":8},"end":{"line":130,"column":null}},"34":{"start":{"line":87,"column":20},"end":{"line":87,"column":null}},"35":{"start":{"line":89,"column":10},"end":{"line":89,"column":41}},"36":{"start":{"line":91,"column":4},"end":{"line":91,"column":null}},"37":{"start":{"line":91,"column":18},"end":{"line":91,"column":null}},"38":{"start":{"line":94,"column":4},"end":{"line":97,"column":null}},"39":{"start":{"line":95,"column":6},"end":{"line":95,"column":null}},"40":{"start":{"line":96,"column":6},"end":{"line":96,"column":null}},"41":{"start":{"line":96,"column":23},"end":{"line":96,"column":44}},"42":{"start":{"line":97,"column":6},"end":{"line":97,"column":null}},"43":{"start":{"line":100,"column":24},"end":{"line":105,"column":null}},"44":{"start":{"line":107,"column":4},"end":{"line":107,"column":null}},"45":{"start":{"line":107,"column":26},"end":{"line":107,"column":48}},"46":{"start":{"line":108,"column":4},"end":{"line":108,"column":null}},"47":{"start":{"line":109,"column":4},"end":{"line":109,"column":null}},"48":{"start":{"line":110,"column":4},"end":{"line":110,"column":null}},"49":{"start":{"line":113,"column":20},"end":{"line":113,"column":45}},"50":{"start":{"line":115,"column":10},"end":{"line":115,"column":50}},"51":{"start":{"line":117,"column":23},"end":{"line":122,"column":null}},"52":{"start":{"line":124,"column":4},"end":{"line":124,"column":null}},"53":{"start":{"line":125,"column":4},"end":{"line":125,"column":null}},"54":{"start":{"line":125,"column":26},"end":{"line":125,"column":47}},"55":{"start":{"line":128,"column":4},"end":{"line":128,"column":null}},"56":{"start":{"line":129,"column":4},"end":{"line":129,"column":null}},"57":{"start":{"line":132,"column":2},"end":{"line":223,"column":null}},"58":{"start":{"line":139,"column":25},"end":{"line":139,"column":58}},"59":{"start":{"line":146,"column":25},"end":{"line":146,"column":52}},"60":{"start":{"line":158,"column":14},"end":{"line":179,"column":null}},"61":{"start":{"line":209,"column":31},"end":{"line":209,"column":59}},"62":{"start":{"line":211,"column":12},"end":{"line":211,"column":null}},"63":{"start":{"line":211,"column":39},"end":{"line":211,"column":null}},"64":{"start":{"line":218,"column":25},"end":{"line":218,"column":38}},"65":{"start":{"line":230,"column":0},"end":{"line":232,"column":null}}},"fnMap":{"0":{"name":"StreamingMessage","decl":{"start":{"line":18,"column":9},"end":{"line":18,"column":26}},"loc":{"start":{"line":18,"column":36},"end":{"line":33,"column":null}},"line":18},"1":{"name":"(anonymous_1)","decl":{"start":{"line":21,"column":2},"end":{"line":21,"column":18}},"loc":{"start":{"line":21,"column":18},"end":{"line":31,"column":6}},"line":21},"2":{"name":"(anonymous_2)","decl":{"start":{"line":24,"column":21},"end":{"line":24,"column":39}},"loc":{"start":{"line":24,"column":39},"end":{"line":28,"column":10}},"line":24},"3":{"name":"(anonymous_3)","decl":{"start":{"line":25,"column":6},"end":{"line":25,"column":24}},"loc":{"start":{"line":25,"column":33},"end":{"line":25,"column":54}},"line":25},"4":{"name":"(anonymous_4)","decl":{"start":{"line":30,"column":4},"end":{"line":30,"column":17}},"loc":{"start":{"line":30,"column":17},"end":{"line":30,"column":39}},"line":30},"5":{"name":"ChatBox","decl":{"start":{"line":36,"column":9},"end":{"line":36,"column":17}},"loc":{"start":{"line":36,"column":34},"end":{"line":223,"column":null}},"line":36},"6":{"name":"(anonymous_6)","decl":{"start":{"line":52,"column":2},"end":{"line":52,"column":18}},"loc":{"start":{"line":52,"column":18},"end":{"line":54,"column":6}},"line":52},"7":{"name":"(anonymous_7)","decl":{"start":{"line":56,"column":22},"end":{"line":56,"column":29}},"loc":{"start":{"line":56,"column":46},"end":{"line":80,"column":null}},"line":56},"8":{"name":"(anonymous_8)","decl":{"start":{"line":86,"column":34},"end":{"line":86,"column":41}},"loc":{"start":{"line":86,"column":54},"end":{"line":130,"column":6}},"line":86},"9":{"name":"(anonymous_9)","decl":{"start":{"line":96,"column":6},"end":{"line":96,"column":23}},"loc":{"start":{"line":96,"column":23},"end":{"line":96,"column":44}},"line":96},"10":{"name":"(anonymous_10)","decl":{"start":{"line":107,"column":4},"end":{"line":107,"column":17}},"loc":{"start":{"line":107,"column":26},"end":{"line":107,"column":48}},"line":107},"11":{"name":"(anonymous_11)","decl":{"start":{"line":125,"column":4},"end":{"line":125,"column":17}},"loc":{"start":{"line":125,"column":26},"end":{"line":125,"column":47}},"line":125},"12":{"name":"(anonymous_12)","decl":{"start":{"line":139,"column":10},"end":{"line":139,"column":25}},"loc":{"start":{"line":139,"column":25},"end":{"line":139,"column":58}},"line":139},"13":{"name":"(anonymous_13)","decl":{"start":{"line":146,"column":10},"end":{"line":146,"column":25}},"loc":{"start":{"line":146,"column":25},"end":{"line":146,"column":52}},"line":146},"14":{"name":"(anonymous_14)","decl":{"start":{"line":157,"column":22},"end":{"line":157,"column":27}},"loc":{"start":{"line":158,"column":14},"end":{"line":179,"column":null}},"line":158},"15":{"name":"(anonymous_15)","decl":{"start":{"line":209,"column":10},"end":{"line":209,"column":21}},"loc":{"start":{"line":209,"column":31},"end":{"line":209,"column":59}},"line":209},"16":{"name":"(anonymous_16)","decl":{"start":{"line":210,"column":10},"end":{"line":210,"column":22}},"loc":{"start":{"line":210,"column":32},"end":{"line":211,"column":null}},"line":210},"17":{"name":"(anonymous_17)","decl":{"start":{"line":218,"column":10},"end":{"line":218,"column":25}},"loc":{"start":{"line":218,"column":25},"end":{"line":218,"column":38}},"line":218}},"branchMap":{"0":{"loc":{"start":{"line":12,"column":43},"end":{"line":12,"column":126}},"type":"binary-expr","locations":[{"start":{"line":12,"column":43},"end":{"line":12,"column":82}},{"start":{"line":12,"column":82},"end":{"line":12,"column":126}}],"line":12},"1":{"loc":{"start":{"line":27,"column":6},"end":{"line":27,"column":null}},"type":"if","locations":[{"start":{"line":27,"column":6},"end":{"line":27,"column":null}},{"start":{},"end":{}}],"line":27},"2":{"loc":{"start":{"line":44,"column":12},"end":{"line":46,"column":null}},"type":"cond-expr","locations":[{"start":{"line":45,"column":10},"end":{"line":45,"column":null}},{"start":{"line":46,"column":10},"end":{"line":46,"column":null}}],"line":44},"3":{"loc":{"start":{"line":60,"column":28},"end":{"line":62,"column":null}},"type":"cond-expr","locations":[{"start":{"line":61,"column":10},"end":{"line":61,"column":null}},{"start":{"line":62,"column":10},"end":{"line":62,"column":null}}],"line":60},"4":{"loc":{"start":{"line":71,"column":6},"end":{"line":78,"column":null}},"type":"if","locations":[{"start":{"line":71,"column":6},"end":{"line":78,"column":null}},{"start":{"line":75,"column":17},"end":{"line":78,"column":null}}],"line":71},"5":{"loc":{"start":{"line":72,"column":15},"end":{"line":74,"column":null}},"type":"cond-expr","locations":[{"start":{"line":73,"column":12},"end":{"line":73,"column":null}},{"start":{"line":74,"column":12},"end":{"line":74,"column":null}}],"line":72},"6":{"loc":{"start":{"line":75,"column":17},"end":{"line":78,"column":null}},"type":"if","locations":[{"start":{"line":75,"column":17},"end":{"line":78,"column":null}},{"start":{},"end":{}}],"line":75},"7":{"loc":{"start":{"line":76,"column":15},"end":{"line":78,"column":null}},"type":"cond-expr","locations":[{"start":{"line":77,"column":12},"end":{"line":77,"column":null}},{"start":{"line":78,"column":12},"end":{"line":78,"column":null}}],"line":76},"8":{"loc":{"start":{"line":87,"column":20},"end":{"line":87,"column":null}},"type":"binary-expr","locations":[{"start":{"line":87,"column":20},"end":{"line":87,"column":32}},{"start":{"line":87,"column":32},"end":{"line":87,"column":null}}],"line":87},"9":{"loc":{"start":{"line":91,"column":4},"end":{"line":91,"column":null}},"type":"if","locations":[{"start":{"line":91,"column":4},"end":{"line":91,"column":null}},{"start":{},"end":{}}],"line":91},"10":{"loc":{"start":{"line":94,"column":4},"end":{"line":97,"column":null}},"type":"if","locations":[{"start":{"line":94,"column":4},"end":{"line":97,"column":null}},{"start":{},"end":{}}],"line":94},"11":{"loc":{"start":{"line":162,"column":53},"end":{"line":162,"column":null}},"type":"cond-expr","locations":[{"start":{"line":162,"column":81},"end":{"line":162,"column":110}},{"start":{"line":162,"column":110},"end":{"line":162,"column":null}}],"line":162},"12":{"loc":{"start":{"line":164,"column":108},"end":{"line":164,"column":null}},"type":"cond-expr","locations":[{"start":{"line":164,"column":136},"end":{"line":164,"column":188}},{"start":{"line":164,"column":188},"end":{"line":164,"column":null}}],"line":164},"13":{"loc":{"start":{"line":165,"column":19},"end":{"line":165,"column":null}},"type":"cond-expr","locations":[{"start":{"line":165,"column":47},"end":{"line":165,"column":90}},{"start":{"line":165,"column":89},"end":{"line":165,"column":null}}],"line":165},"14":{"loc":{"start":{"line":169,"column":18},"end":{"line":171,"column":null}},"type":"cond-expr","locations":[{"start":{"line":170,"column":22},"end":{"line":170,"column":null}},{"start":{"line":171,"column":22},"end":{"line":171,"column":null}}],"line":169},"15":{"loc":{"start":{"line":173,"column":19},"end":{"line":176,"column":null}},"type":"cond-expr","locations":[{"start":{"line":174,"column":20},"end":{"line":176,"column":28}},{"start":{"line":176,"column":20},"end":{"line":176,"column":null}}],"line":173},"16":{"loc":{"start":{"line":173,"column":19},"end":{"line":173,"column":null}},"type":"binary-expr","locations":[{"start":{"line":173,"column":19},"end":{"line":173,"column":47}},{"start":{"line":173,"column":47},"end":{"line":173,"column":null}}],"line":173},"17":{"loc":{"start":{"line":183,"column":11},"end":{"line":195,"column":null}},"type":"binary-expr","locations":[{"start":{"line":183,"column":11},"end":{"line":183,"column":null}},{"start":{"line":184,"column":12},"end":{"line":195,"column":null}}],"line":183},"18":{"loc":{"start":{"line":211,"column":12},"end":{"line":211,"column":null}},"type":"if","locations":[{"start":{"line":211,"column":12},"end":{"line":211,"column":null}},{"start":{},"end":{}}],"line":211}},"s":{"0":2,"1":2,"2":0,"3":0,"4":0,"5":0,"6":0,"7":0,"8":0,"9":0,"10":0,"11":0,"12":0,"13":0,"14":0,"15":4,"16":4,"17":4,"18":4,"19":4,"20":4,"21":4,"22":4,"23":1,"24":1,"25":1,"26":0,"27":0,"28":0,"29":0,"30":0,"31":0,"32":4,"33":4,"34":1,"35":1,"36":1,"37":0,"38":1,"39":0,"40":0,"41":0,"42":0,"43":1,"44":1,"45":1,"46":1,"47":1,"48":1,"49":1,"50":0,"51":0,"52":0,"53":0,"54":0,"55":0,"56":0,"57":4,"58":1,"59":0,"60":5,"61":0,"62":0,"63":0,"64":0,"65":2},"f":{"0":0,"1":0,"2":0,"3":0,"4":0,"5":4,"6":4,"7":1,"8":1,"9":0,"10":1,"11":0,"12":1,"13":0,"14":5,"15":0,"16":0,"17":0},"b":{"0":[2,2],"1":[0,0],"2":[0,4],"3":[0,1],"4":[0,0],"5":[0,0],"6":[0,0],"7":[0,0],"8":[1,0],"9":[0,1],"10":[0,1],"11":[1,4],"12":[1,4],"13":[1,4],"14":[1,4],"15":[0,5],"16":[5,4],"17":[4,1],"18":[0,0]},"meta":{"lastBranch":19,"lastFunction":18,"lastStatement":66,"seen":{"s:12:17:12:127":0,"b:12:43:12:82:12:82:12:126":0,"s:15:6:15:52":1,"f:18:9:18:26":0,"s:19:24:19:55":2,"s:21:2:31:Infinity":3,"f:21:2:21:18":1,"s:22:12:22:Infinity":4,"s:23:4:23:Infinity":5,"s:24:21:28:10":6,"f:24:21:24:39":2,"s:25:6:25:Infinity":7,"f:25:6:25:24":3,"s:25:33:25:54":8,"s:26:6:26:Infinity":9,"b:27:6:27:Infinity:undefined:undefined:undefined:undefined":1,"s:27:6:27:Infinity":10,"s:27:28:27:Infinity":11,"s:30:4:30:Infinity":12,"f:30:4:30:17":4,"s:30:17:30:39":13,"s:33:2:33:Infinity":14,"f:36:9:36:17":5,"s:37:16:37:39":15,"s:38:19:38:48":16,"s:39:10:39:45":17,"s:40:19:49:Infinity":18,"b:45:10:45:Infinity:46:10:46:Infinity":2,"s:50:8:50:38":19,"s:52:2:54:Infinity":20,"f:52:2:52:18":6,"s:53:4:53:Infinity":21,"s:56:22:80:Infinity":22,"f:56:22:56:29":7,"s:57:4:80:Infinity":23,"s:60:28:62:Infinity":24,"b:61:10:61:Infinity:62:10:62:Infinity":3,"s:64:23:67:8":25,"s:68:6:68:Infinity":26,"b:71:6:78:Infinity:75:17:78:Infinity":4,"s:71:6:78:Infinity":27,"s:72:8:74:Infinity":28,"b:73:12:73:Infinity:74:12:74:Infinity":5,"b:75:17:78:Infinity:undefined:undefined:undefined:undefined":6,"s:75:17:78:Infinity":29,"s:76:8:78:Infinity":30,"b:77:12:77:Infinity:78:12:78:Infinity":7,"s:80:6:80:Infinity":31,"s:84:22:84:54":32,"s:86:8:130:Infinity":33,"f:86:34:86:41":8,"s:87:20:87:Infinity":34,"b:87:20:87:32:87:32:87:Infinity":8,"s:89:10:89:41":35,"b:91:4:91:Infinity:undefined:undefined:undefined:undefined":9,"s:91:4:91:Infinity":36,"s:91:18:91:Infinity":37,"b:94:4:97:Infinity:undefined:undefined:undefined:undefined":10,"s:94:4:97:Infinity":38,"s:95:6:95:Infinity":39,"s:96:6:96:Infinity":40,"f:96:6:96:23":9,"s:96:23:96:44":41,"s:97:6:97:Infinity":42,"s:100:24:105:Infinity":43,"s:107:4:107:Infinity":44,"f:107:4:107:17":10,"s:107:26:107:48":45,"s:108:4:108:Infinity":46,"s:109:4:109:Infinity":47,"s:110:4:110:Infinity":48,"s:113:20:113:45":49,"s:115:10:115:50":50,"s:117:23:122:Infinity":51,"s:124:4:124:Infinity":52,"s:125:4:125:Infinity":53,"f:125:4:125:17":11,"s:125:26:125:47":54,"s:128:4:128:Infinity":55,"s:129:4:129:Infinity":56,"s:132:2:223:Infinity":57,"f:139:10:139:25":12,"s:139:25:139:58":58,"f:146:10:146:25":13,"s:146:25:146:52":59,"f:157:22:157:27":14,"s:158:14:179:Infinity":60,"b:162:81:162:110:162:110:162:Infinity":11,"b:164:136:164:188:164:188:164:Infinity":12,"b:165:47:165:90:165:89:165:Infinity":13,"b:170:22:170:Infinity:171:22:171:Infinity":14,"b:174:20:176:28:176:20:176:Infinity":15,"b:173:19:173:47:173:47:173:Infinity":16,"b:183:11:183:Infinity:184:12:195:Infinity":17,"f:209:10:209:21":15,"s:209:31:209:59":61,"f:210:10:210:22":16,"b:211:12:211:Infinity:undefined:undefined:undefined:undefined":18,"s:211:12:211:Infinity":62,"s:211:39:211:Infinity":63,"f:218:10:218:25":17,"s:218:25:218:38":64,"s:230:0:232:Infinity":65}}}
,"/Users/anindyamukhopadhyay/Developer/JanVote/src/components/ErrorBoundary.jsx": {"path":"/Users/anindyamukhopadhyay/Developer/JanVote/src/components/ErrorBoundary.jsx","statementMap":{"0":{"start":{"line":12,"column":4},"end":{"line":12,"column":null}},"1":{"start":{"line":13,"column":4},"end":{"line":13,"column":null}},"2":{"start":{"line":17,"column":4},"end":{"line":17,"column":null}},"3":{"start":{"line":22,"column":4},"end":{"line":22,"column":null}},"4":{"start":{"line":26,"column":4},"end":{"line":46,"column":null}},"5":{"start":{"line":27,"column":6},"end":{"line":46,"column":null}},"6":{"start":{"line":42,"column":27},"end":{"line":42,"column":51}},"7":{"start":{"line":51,"column":4},"end":{"line":51,"column":null}},"8":{"start":{"line":55,"column":0},"end":{"line":57,"column":null}}},"fnMap":{"0":{"name":"(anonymous_0)","decl":{"start":{"line":11,"column":2},"end":{"line":11,"column":14}},"loc":{"start":{"line":11,"column":21},"end":{"line":13,"column":null}},"line":11},"1":{"name":"(anonymous_1)","decl":{"start":{"line":16,"column":9},"end":{"line":16,"column":34}},"loc":{"start":{"line":16,"column":41},"end":{"line":17,"column":null}},"line":16},"2":{"name":"(anonymous_2)","decl":{"start":{"line":20,"column":2},"end":{"line":20,"column":20}},"loc":{"start":{"line":20,"column":38},"end":{"line":22,"column":null}},"line":20},"3":{"name":"(anonymous_3)","decl":{"start":{"line":25,"column":2},"end":{"line":25,"column":11}},"loc":{"start":{"line":25,"column":11},"end":{"line":51,"column":null}},"line":25},"4":{"name":"(anonymous_4)","decl":{"start":{"line":42,"column":12},"end":{"line":42,"column":27}},"loc":{"start":{"line":42,"column":27},"end":{"line":42,"column":51}},"line":42}},"branchMap":{"0":{"loc":{"start":{"line":26,"column":4},"end":{"line":46,"column":null}},"type":"if","locations":[{"start":{"line":26,"column":4},"end":{"line":46,"column":null}},{"start":{},"end":{}}],"line":26}},"s":{"0":6,"1":6,"2":2,"3":1,"4":7,"5":2,"6":0,"7":5,"8":2},"f":{"0":6,"1":2,"2":1,"3":7,"4":0},"b":{"0":[2,5]},"meta":{"lastBranch":1,"lastFunction":5,"lastStatement":9,"seen":{"f:11:2:11:14":0,"s:12:4:12:Infinity":0,"s:13:4:13:Infinity":1,"f:16:9:16:34":1,"s:17:4:17:Infinity":2,"f:20:2:20:20":2,"s:22:4:22:Infinity":3,"f:25:2:25:11":3,"b:26:4:46:Infinity:undefined:undefined:undefined:undefined":0,"s:26:4:46:Infinity":4,"s:27:6:46:Infinity":5,"f:42:12:42:27":4,"s:42:27:42:51":6,"s:51:4:51:Infinity":7,"s:55:0:57:Infinity":8}}}
,"/Users/anindyamukhopadhyay/Developer/JanVote/src/components/Leaderboard.jsx": {"path":"/Users/anindyamukhopadhyay/Developer/JanVote/src/components/Leaderboard.jsx","statementMap":{"0":{"start":{"line":7,"column":17},"end":{"line":7,"column":42}},"1":{"start":{"line":8,"column":18},"end":{"line":8,"column":46}},"2":{"start":{"line":10,"column":2},"end":{"line":22,"column":null}},"3":{"start":{"line":12,"column":6},"end":{"line":18,"column":null}},"4":{"start":{"line":13,"column":26},"end":{"line":13,"column":47}},"5":{"start":{"line":14,"column":8},"end":{"line":14,"column":null}},"6":{"start":{"line":16,"column":8},"end":{"line":16,"column":null}},"7":{"start":{"line":18,"column":8},"end":{"line":18,"column":null}},"8":{"start":{"line":21,"column":4},"end":{"line":21,"column":null}},"9":{"start":{"line":24,"column":2},"end":{"line":28,"column":null}},"10":{"start":{"line":25,"column":4},"end":{"line":28,"column":null}},"11":{"start":{"line":32,"column":2},"end":{"line":82,"column":null}},"12":{"start":{"line":47,"column":12},"end":{"line":75,"column":null}}},"fnMap":{"0":{"name":"Leaderboard","decl":{"start":{"line":6,"column":9},"end":{"line":6,"column":23}},"loc":{"start":{"line":6,"column":23},"end":{"line":82,"column":null}},"line":6},"1":{"name":"(anonymous_1)","decl":{"start":{"line":10,"column":2},"end":{"line":10,"column":18}},"loc":{"start":{"line":10,"column":18},"end":{"line":22,"column":7}},"line":10},"2":{"name":"fetchScores","decl":{"start":{"line":11,"column":19},"end":{"line":11,"column":33}},"loc":{"start":{"line":11,"column":33},"end":{"line":18,"column":null}},"line":11},"3":{"name":"(anonymous_3)","decl":{"start":{"line":46,"column":17},"end":{"line":46,"column":22}},"loc":{"start":{"line":47,"column":12},"end":{"line":75,"column":null}},"line":47}},"branchMap":{"0":{"loc":{"start":{"line":24,"column":2},"end":{"line":28,"column":null}},"type":"if","locations":[{"start":{"line":24,"column":2},"end":{"line":28,"column":null}},{"start":{},"end":{}}],"line":24},"1":{"loc":{"start":{"line":45,"column":9},"end":{"line":80,"column":null}},"type":"cond-expr","locations":[{"start":{"line":46,"column":10},"end":{"line":75,"column":null}},{"start":{"line":78,"column":10},"end":{"line":80,"column":null}}],"line":45},"2":{"loc":{"start":{"line":56,"column":18},"end":{"line":59,"column":null}},"type":"cond-expr","locations":[{"start":{"line":56,"column":32},"end":{"line":56,"column":null}},{"start":{"line":57,"column":18},"end":{"line":59,"column":null}}],"line":56},"3":{"loc":{"start":{"line":57,"column":18},"end":{"line":59,"column":null}},"type":"cond-expr","locations":[{"start":{"line":57,"column":32},"end":{"line":57,"column":null}},{"start":{"line":58,"column":18},"end":{"line":59,"column":null}}],"line":57},"4":{"loc":{"start":{"line":58,"column":18},"end":{"line":59,"column":null}},"type":"cond-expr","locations":[{"start":{"line":58,"column":32},"end":{"line":58,"column":null}},{"start":{"line":59,"column":18},"end":{"line":59,"column":null}}],"line":58},"5":{"loc":{"start":{"line":61,"column":19},"end":{"line":61,"column":null}},"type":"cond-expr","locations":[{"start":{"line":61,"column":31},"end":{"line":61,"column":71}},{"start":{"line":61,"column":63},"end":{"line":61,"column":null}}],"line":61}},"s":{"0":4,"1":4,"2":4,"3":3,"4":3,"5":0,"6":0,"7":0,"8":3,"9":4,"10":4,"11":0,"12":0},"f":{"0":4,"1":3,"2":3,"3":0},"b":{"0":[4,0],"1":[0,0],"2":[0,0],"3":[0,0],"4":[0,0],"5":[0,0]},"meta":{"lastBranch":6,"lastFunction":4,"lastStatement":13,"seen":{"f:6:9:6:23":0,"s:7:17:7:42":0,"s:8:18:8:46":1,"s:10:2:22:Infinity":2,"f:10:2:10:18":1,"f:11:19:11:33":2,"s:12:6:18:Infinity":3,"s:13:26:13:47":4,"s:14:8:14:Infinity":5,"s:16:8:16:Infinity":6,"s:18:8:18:Infinity":7,"s:21:4:21:Infinity":8,"b:24:2:28:Infinity:undefined:undefined:undefined:undefined":0,"s:24:2:28:Infinity":9,"s:25:4:28:Infinity":10,"s:32:2:82:Infinity":11,"b:46:10:75:Infinity:78:10:80:Infinity":1,"f:46:17:46:22":3,"s:47:12:75:Infinity":12,"b:56:32:56:Infinity:57:18:59:Infinity":2,"b:57:32:57:Infinity:58:18:59:Infinity":3,"b:58:32:58:Infinity:59:18:59:Infinity":4,"b:61:31:61:71:61:63:61:Infinity":5}}}
,"/Users/anindyamukhopadhyay/Developer/JanVote/src/components/MockElection.jsx": {"path":"/Users/anindyamukhopadhyay/Developer/JanVote/src/components/MockElection.jsx","statementMap":{"0":{"start":{"line":7,"column":16},"end":{"line":12,"column":null}},"1":{"start":{"line":15,"column":19},"end":{"line":15,"column":49}},"2":{"start":{"line":16,"column":24},"end":{"line":16,"column":58}},"3":{"start":{"line":17,"column":16},"end":{"line":17,"column":86}},"4":{"start":{"line":18,"column":21},"end":{"line":18,"column":53}},"5":{"start":{"line":19,"column":21},"end":{"line":19,"column":54}},"6":{"start":{"line":21,"column":21},"end":{"line":21,"column":68}},"7":{"start":{"line":21,"column":59},"end":{"line":21,"column":66}},"8":{"start":{"line":24,"column":2},"end":{"line":51,"column":null}},"9":{"start":{"line":25,"column":4},"end":{"line":48,"column":null}},"10":{"start":{"line":26,"column":23},"end":{"line":37,"column":13}},"11":{"start":{"line":27,"column":8},"end":{"line":36,"column":null}},"12":{"start":{"line":29,"column":27},"end":{"line":29,"column":38}},"13":{"start":{"line":30,"column":10},"end":{"line":34,"column":null}},"14":{"start":{"line":31,"column":12},"end":{"line":32,"column":null}},"15":{"start":{"line":32,"column":14},"end":{"line":32,"column":null}},"16":{"start":{"line":35,"column":10},"end":{"line":35,"column":null}},"17":{"start":{"line":40,"column":22},"end":{"line":44,"column":15}},"18":{"start":{"line":41,"column":8},"end":{"line":41,"column":null}},"19":{"start":{"line":42,"column":8},"end":{"line":42,"column":null}},"20":{"start":{"line":43,"column":8},"end":{"line":43,"column":null}},"21":{"start":{"line":46,"column":6},"end":{"line":48,"column":null}},"22":{"start":{"line":47,"column":8},"end":{"line":47,"column":null}},"23":{"start":{"line":48,"column":8},"end":{"line":48,"column":null}},"24":{"start":{"line":53,"column":8},"end":{"line":55,"column":null}},"25":{"start":{"line":54,"column":4},"end":{"line":54,"column":null}},"26":{"start":{"line":55,"column":4},"end":{"line":55,"column":null}},"27":{"start":{"line":58,"column":8},"end":{"line":63,"column":null}},"28":{"start":{"line":59,"column":4},"end":{"line":59,"column":null}},"29":{"start":{"line":59,"column":24},"end":{"line":59,"column":null}},"30":{"start":{"line":60,"column":4},"end":{"line":60,"column":null}},"31":{"start":{"line":61,"column":4},"end":{"line":61,"column":null}},"32":{"start":{"line":61,"column":22},"end":{"line":61,"column":77}},"33":{"start":{"line":62,"column":4},"end":{"line":62,"column":null}},"34":{"start":{"line":63,"column":4},"end":{"line":63,"column":null}},"35":{"start":{"line":66,"column":2},"end":{"line":190,"column":null}},"36":{"start":{"line":94,"column":16},"end":{"line":117,"column":null}},"37":{"start":{"line":98,"column":33},"end":{"line":98,"column":53}},"38":{"start":{"line":159,"column":38},"end":{"line":159,"column":64}},"39":{"start":{"line":160,"column":37},"end":{"line":160,"column":null}},"40":{"start":{"line":162,"column":16},"end":{"line":180,"column":null}}},"fnMap":{"0":{"name":"MockElection","decl":{"start":{"line":14,"column":9},"end":{"line":14,"column":24}},"loc":{"start":{"line":14,"column":24},"end":{"line":190,"column":null}},"line":14},"1":{"name":"(anonymous_1)","decl":{"start":{"line":21,"column":42},"end":{"line":21,"column":50}},"loc":{"start":{"line":21,"column":59},"end":{"line":21,"column":66}},"line":21},"2":{"name":"(anonymous_2)","decl":{"start":{"line":24,"column":2},"end":{"line":24,"column":18}},"loc":{"start":{"line":24,"column":18},"end":{"line":51,"column":6}},"line":24},"3":{"name":"(anonymous_3)","decl":{"start":{"line":26,"column":23},"end":{"line":26,"column":41}},"loc":{"start":{"line":26,"column":41},"end":{"line":37,"column":13}},"line":26},"4":{"name":"(anonymous_4)","decl":{"start":{"line":27,"column":8},"end":{"line":27,"column":17}},"loc":{"start":{"line":27,"column":25},"end":{"line":36,"column":null}},"line":27},"5":{"name":"(anonymous_5)","decl":{"start":{"line":30,"column":18},"end":{"line":30,"column":26}},"loc":{"start":{"line":30,"column":35},"end":{"line":34,"column":null}},"line":30},"6":{"name":"(anonymous_6)","decl":{"start":{"line":40,"column":22},"end":{"line":40,"column":39}},"loc":{"start":{"line":40,"column":39},"end":{"line":44,"column":15}},"line":40},"7":{"name":"(anonymous_7)","decl":{"start":{"line":46,"column":6},"end":{"line":46,"column":19}},"loc":{"start":{"line":46,"column":19},"end":{"line":48,"column":null}},"line":46},"8":{"name":"(anonymous_8)","decl":{"start":{"line":53,"column":8},"end":{"line":53,"column":22}},"loc":{"start":{"line":53,"column":34},"end":{"line":55,"column":null}},"line":53},"9":{"name":"(anonymous_9)","decl":{"start":{"line":58,"column":8},"end":{"line":58,"column":27}},"loc":{"start":{"line":58,"column":27},"end":{"line":63,"column":null}},"line":58},"10":{"name":"(anonymous_10)","decl":{"start":{"line":61,"column":4},"end":{"line":61,"column":13}},"loc":{"start":{"line":61,"column":22},"end":{"line":61,"column":77}},"line":61},"11":{"name":"(anonymous_11)","decl":{"start":{"line":93,"column":23},"end":{"line":93,"column":27}},"loc":{"start":{"line":94,"column":16},"end":{"line":117,"column":null}},"line":94},"12":{"name":"(anonymous_12)","decl":{"start":{"line":98,"column":18},"end":{"line":98,"column":33}},"loc":{"start":{"line":98,"column":33},"end":{"line":98,"column":53}},"line":98},"13":{"name":"(anonymous_13)","decl":{"start":{"line":159,"column":23},"end":{"line":159,"column":29}},"loc":{"start":{"line":159,"column":38},"end":{"line":159,"column":64}},"line":159},"14":{"name":"(anonymous_14)","decl":{"start":{"line":159,"column":65},"end":{"line":159,"column":70}},"loc":{"start":{"line":159,"column":80},"end":{"line":180,"column":null}},"line":159}},"branchMap":{"0":{"loc":{"start":{"line":25,"column":4},"end":{"line":48,"column":null}},"type":"if","locations":[{"start":{"line":25,"column":4},"end":{"line":48,"column":null}},{"start":{},"end":{}}],"line":25},"1":{"loc":{"start":{"line":31,"column":12},"end":{"line":32,"column":null}},"type":"if","locations":[{"start":{"line":31,"column":12},"end":{"line":32,"column":null}},{"start":{},"end":{}}],"line":31},"2":{"loc":{"start":{"line":59,"column":4},"end":{"line":59,"column":null}},"type":"if","locations":[{"start":{"line":59,"column":4},"end":{"line":59,"column":null}},{"start":{},"end":{}}],"line":59},"3":{"loc":{"start":{"line":79,"column":9},"end":{"line":135,"column":null}},"type":"cond-expr","locations":[{"start":{"line":80,"column":10},"end":{"line":132,"column":null}},{"start":{"line":134,"column":10},"end":{"line":135,"column":null}}],"line":79},"4":{"loc":{"start":{"line":100,"column":20},"end":{"line":102,"column":null}},"type":"cond-expr","locations":[{"start":{"line":101,"column":24},"end":{"line":101,"column":null}},{"start":{"line":102,"column":24},"end":{"line":102,"column":null}}],"line":100},"5":{"loc":{"start":{"line":113,"column":20},"end":{"line":113,"column":null}},"type":"cond-expr","locations":[{"start":{"line":113,"column":49},"end":{"line":113,"column":83}},{"start":{"line":113,"column":83},"end":{"line":113,"column":null}}],"line":113},"6":{"loc":{"start":{"line":115,"column":21},"end":{"line":115,"column":null}},"type":"binary-expr","locations":[{"start":{"line":115,"column":21},"end":{"line":115,"column":51}},{"start":{"line":115,"column":51},"end":{"line":115,"column":null}}],"line":115},"7":{"loc":{"start":{"line":123,"column":28},"end":{"line":123,"column":64}},"type":"cond-expr","locations":[{"start":{"line":123,"column":44},"end":{"line":123,"column":59}},{"start":{"line":123,"column":62},"end":{"line":123,"column":64}}],"line":123},"8":{"loc":{"start":{"line":124,"column":26},"end":{"line":124,"column":62}},"type":"cond-expr","locations":[{"start":{"line":124,"column":42},"end":{"line":124,"column":57}},{"start":{"line":124,"column":60},"end":{"line":124,"column":62}}],"line":124},"9":{"loc":{"start":{"line":147,"column":15},"end":{"line":153,"column":null}},"type":"cond-expr","locations":[{"start":{"line":148,"column":16},"end":{"line":152,"column":17}},{"start":{"line":152,"column":16},"end":{"line":153,"column":null}}],"line":147},"10":{"loc":{"start":{"line":160,"column":37},"end":{"line":160,"column":null}},"type":"binary-expr","locations":[{"start":{"line":160,"column":37},"end":{"line":160,"column":77}},{"start":{"line":160,"column":77},"end":{"line":160,"column":null}}],"line":160}},"s":{"0":1,"1":0,"2":0,"3":0,"4":0,"5":0,"6":0,"7":0,"8":0,"9":0,"10":0,"11":0,"12":0,"13":0,"14":0,"15":0,"16":0,"17":0,"18":0,"19":0,"20":0,"21":0,"22":0,"23":0,"24":0,"25":0,"26":0,"27":0,"28":0,"29":0,"30":0,"31":0,"32":0,"33":0,"34":0,"35":0,"36":0,"37":0,"38":0,"39":0,"40":0},"f":{"0":0,"1":0,"2":0,"3":0,"4":0,"5":0,"6":0,"7":0,"8":0,"9":0,"10":0,"11":0,"12":0,"13":0,"14":0},"b":{"0":[0,0],"1":[0,0],"2":[0,0],"3":[0,0],"4":[0,0],"5":[0,0],"6":[0,0],"7":[0,0],"8":[0,0],"9":[0,0],"10":[0,0]},"meta":{"lastBranch":11,"lastFunction":15,"lastStatement":41,"seen":{"s:7:16:12:Infinity":0,"f:14:9:14:24":0,"s:15:19:15:49":1,"s:16:24:16:58":2,"s:17:16:17:86":3,"s:18:21:18:53":4,"s:19:21:19:54":5,"s:21:21:21:68":6,"f:21:42:21:50":1,"s:21:59:21:66":7,"s:24:2:51:Infinity":8,"f:24:2:24:18":2,"b:25:4:48:Infinity:undefined:undefined:undefined:undefined":0,"s:25:4:48:Infinity":9,"s:26:23:37:13":10,"f:26:23:26:41":3,"s:27:8:36:Infinity":11,"f:27:8:27:17":4,"s:29:27:29:38":12,"s:30:10:34:Infinity":13,"f:30:18:30:26":5,"b:31:12:32:Infinity:undefined:undefined:undefined:undefined":1,"s:31:12:32:Infinity":14,"s:32:14:32:Infinity":15,"s:35:10:35:Infinity":16,"s:40:22:44:15":17,"f:40:22:40:39":6,"s:41:8:41:Infinity":18,"s:42:8:42:Infinity":19,"s:43:8:43:Infinity":20,"s:46:6:48:Infinity":21,"f:46:6:46:19":7,"s:47:8:47:Infinity":22,"s:48:8:48:Infinity":23,"s:53:8:55:Infinity":24,"f:53:8:53:22":8,"s:54:4:54:Infinity":25,"s:55:4:55:Infinity":26,"s:58:8:63:Infinity":27,"f:58:8:58:27":9,"b:59:4:59:Infinity:undefined:undefined:undefined:undefined":2,"s:59:4:59:Infinity":28,"s:59:24:59:Infinity":29,"s:60:4:60:Infinity":30,"s:61:4:61:Infinity":31,"f:61:4:61:13":10,"s:61:22:61:77":32,"s:62:4:62:Infinity":33,"s:63:4:63:Infinity":34,"s:66:2:190:Infinity":35,"b:80:10:132:Infinity:134:10:135:Infinity":3,"f:93:23:93:27":11,"s:94:16:117:Infinity":36,"f:98:18:98:33":12,"s:98:33:98:53":37,"b:101:24:101:Infinity:102:24:102:Infinity":4,"b:113:49:113:83:113:83:113:Infinity":5,"b:115:21:115:51:115:51:115:Infinity":6,"b:123:44:123:59:123:62:123:64":7,"b:124:42:124:57:124:60:124:62":8,"b:148:16:152:17:152:16:153:Infinity":9,"f:159:23:159:29":13,"s:159:38:159:64":38,"f:159:65:159:70":14,"s:160:37:160:Infinity":39,"b:160:37:160:77:160:77:160:Infinity":10,"s:162:16:180:Infinity":40}}}
,"/Users/anindyamukhopadhyay/Developer/JanVote/src/components/Navbar.jsx": {"path":"/Users/anindyamukhopadhyay/Developer/JanVote/src/components/Navbar.jsx","statementMap":{"0":{"start":{"line":6,"column":17},"end":{"line":12,"column":null}},"1":{"start":{"line":15,"column":2},"end":{"line":90,"column":null}},"2":{"start":{"line":34,"column":12},"end":{"line":59,"column":null}},"3":{"start":{"line":39,"column":16},"end":{"line":42,"column":null}},"4":{"start":{"line":47,"column":16},"end":{"line":57,"column":null}},"5":{"start":{"line":94,"column":0},"end":{"line":99,"column":null}}},"fnMap":{"0":{"name":"Navbar","decl":{"start":{"line":14,"column":9},"end":{"line":14,"column":16}},"loc":{"start":{"line":14,"column":78},"end":{"line":90,"column":null}},"line":14},"1":{"name":"(anonymous_1)","decl":{"start":{"line":33,"column":20},"end":{"line":33,"column":25}},"loc":{"start":{"line":34,"column":12},"end":{"line":59,"column":null}},"line":34},"2":{"name":"(anonymous_2)","decl":{"start":{"line":38,"column":14},"end":{"line":38,"column":26}},"loc":{"start":{"line":39,"column":16},"end":{"line":42,"column":null}},"line":39},"3":{"name":"(anonymous_3)","decl":{"start":{"line":46,"column":16},"end":{"line":46,"column":18}},"loc":{"start":{"line":47,"column":16},"end":{"line":57,"column":null}},"line":47}},"branchMap":{"0":{"loc":{"start":{"line":40,"column":18},"end":{"line":42,"column":null}},"type":"cond-expr","locations":[{"start":{"line":41,"column":22},"end":{"line":41,"column":null}},{"start":{"line":42,"column":22},"end":{"line":42,"column":null}}],"line":40},"1":{"loc":{"start":{"line":48,"column":19},"end":{"line":56,"column":19}},"type":"binary-expr","locations":[{"start":{"line":48,"column":19},"end":{"line":48,"column":null}},{"start":{"line":49,"column":20},"end":{"line":56,"column":19}}],"line":48},"2":{"loc":{"start":{"line":67,"column":24},"end":{"line":67,"column":null}},"type":"cond-expr","locations":[{"start":{"line":67,"column":38},"end":{"line":67,"column":61}},{"start":{"line":67,"column":61},"end":{"line":67,"column":null}}],"line":67},"3":{"loc":{"start":{"line":70,"column":14},"end":{"line":72,"column":null}},"type":"cond-expr","locations":[{"start":{"line":71,"column":18},"end":{"line":71,"column":null}},{"start":{"line":72,"column":18},"end":{"line":72,"column":null}}],"line":70},"4":{"loc":{"start":{"line":76,"column":13},"end":{"line":76,"column":null}},"type":"cond-expr","locations":[{"start":{"line":76,"column":27},"end":{"line":76,"column":42}},{"start":{"line":76,"column":42},"end":{"line":76,"column":null}}],"line":76},"5":{"loc":{"start":{"line":82,"column":24},"end":{"line":82,"column":null}},"type":"cond-expr","locations":[{"start":{"line":82,"column":37},"end":{"line":82,"column":62}},{"start":{"line":82,"column":62},"end":{"line":82,"column":null}}],"line":82},"6":{"loc":{"start":{"line":86,"column":13},"end":{"line":86,"column":null}},"type":"cond-expr","locations":[{"start":{"line":86,"column":26},"end":{"line":86,"column":76}},{"start":{"line":86,"column":75},"end":{"line":86,"column":null}}],"line":86}},"s":{"0":2,"1":7,"2":35,"3":35,"4":35,"5":2},"f":{"0":7,"1":35,"2":35,"3":35},"b":{"0":[7,28],"1":[35,7],"2":[1,6],"3":[1,6],"4":[1,6],"5":[0,7],"6":[0,7]},"meta":{"lastBranch":7,"lastFunction":4,"lastStatement":6,"seen":{"s:6:17:12:Infinity":0,"f:14:9:14:16":0,"s:15:2:90:Infinity":1,"f:33:20:33:25":1,"s:34:12:59:Infinity":2,"f:38:14:38:26":2,"s:39:16:42:Infinity":3,"b:41:22:41:Infinity:42:22:42:Infinity":0,"f:46:16:46:18":3,"s:47:16:57:Infinity":4,"b:48:19:48:Infinity:49:20:56:19":1,"b:67:38:67:61:67:61:67:Infinity":2,"b:71:18:71:Infinity:72:18:72:Infinity":3,"b:76:27:76:42:76:42:76:Infinity":4,"b:82:37:82:62:82:62:82:Infinity":5,"b:86:26:86:76:86:75:86:Infinity":6,"s:94:0:99:Infinity":5}}}
,"/Users/anindyamukhopadhyay/Developer/JanVote/src/components/QuizCard.jsx": {"path":"/Users/anindyamukhopadhyay/Developer/JanVote/src/components/QuizCard.jsx","statementMap":{"0":{"start":{"line":12,"column":2},"end":{"line":83,"column":null}},"1":{"start":{"line":32,"column":36},"end":{"line":32,"column":null}},"2":{"start":{"line":34,"column":14},"end":{"line":34,"column":null}},"3":{"start":{"line":35,"column":31},"end":{"line":35,"column":null}},"4":{"start":{"line":37,"column":37},"end":{"line":37,"column":null}},"5":{"start":{"line":39,"column":12},"end":{"line":48,"column":null}},"6":{"start":{"line":40,"column":14},"end":{"line":45,"column":null}},"7":{"start":{"line":41,"column":16},"end":{"line":41,"column":null}},"8":{"start":{"line":42,"column":25},"end":{"line":45,"column":null}},"9":{"start":{"line":43,"column":16},"end":{"line":43,"column":null}},"10":{"start":{"line":45,"column":16},"end":{"line":45,"column":null}},"11":{"start":{"line":47,"column":23},"end":{"line":48,"column":null}},"12":{"start":{"line":48,"column":14},"end":{"line":48,"column":null}},"13":{"start":{"line":51,"column":12},"end":{"line":76,"column":null}},"14":{"start":{"line":73,"column":34},"end":{"line":73,"column":69}},"15":{"start":{"line":89,"column":0},"end":{"line":100,"column":null}}},"fnMap":{"0":{"name":"QuizCard","decl":{"start":{"line":5,"column":9},"end":{"line":5,"column":18}},"loc":{"start":{"line":11,"column":3},"end":{"line":83,"column":null}},"line":11},"1":{"name":"(anonymous_1)","decl":{"start":{"line":31,"column":28},"end":{"line":31,"column":33}},"loc":{"start":{"line":31,"column":44},"end":{"line":76,"column":null}},"line":31},"2":{"name":"(anonymous_2)","decl":{"start":{"line":73,"column":18},"end":{"line":73,"column":34}},"loc":{"start":{"line":73,"column":34},"end":{"line":73,"column":69}},"line":73}},"branchMap":{"0":{"loc":{"start":{"line":34,"column":14},"end":{"line":34,"column":null}},"type":"binary-expr","locations":[{"start":{"line":34,"column":14},"end":{"line":34,"column":29}},{"start":{"line":34,"column":29},"end":{"line":34,"column":58}},{"start":{"line":34,"column":58},"end":{"line":34,"column":null}}],"line":34},"1":{"loc":{"start":{"line":39,"column":12},"end":{"line":48,"column":null}},"type":"if","locations":[{"start":{"line":39,"column":12},"end":{"line":48,"column":null}},{"start":{"line":47,"column":23},"end":{"line":48,"column":null}}],"line":39},"2":{"loc":{"start":{"line":40,"column":14},"end":{"line":45,"column":null}},"type":"if","locations":[{"start":{"line":40,"column":14},"end":{"line":45,"column":null}},{"start":{"line":42,"column":25},"end":{"line":45,"column":null}}],"line":40},"3":{"loc":{"start":{"line":42,"column":25},"end":{"line":45,"column":null}},"type":"if","locations":[{"start":{"line":42,"column":25},"end":{"line":45,"column":null}},{"start":{"line":44,"column":21},"end":{"line":45,"column":null}}],"line":42},"4":{"loc":{"start":{"line":47,"column":23},"end":{"line":48,"column":null}},"type":"if","locations":[{"start":{"line":47,"column":23},"end":{"line":48,"column":null}},{"start":{},"end":{}}],"line":47},"5":{"loc":{"start":{"line":54,"column":28},"end":{"line":54,"column":63}},"type":"cond-expr","locations":[{"start":{"line":54,"column":43},"end":{"line":54,"column":58}},{"start":{"line":54,"column":61},"end":{"line":54,"column":63}}],"line":54},"6":{"loc":{"start":{"line":55,"column":26},"end":{"line":55,"column":61}},"type":"cond-expr","locations":[{"start":{"line":55,"column":41},"end":{"line":55,"column":56}},{"start":{"line":55,"column":59},"end":{"line":55,"column":61}}],"line":55},"7":{"loc":{"start":{"line":60,"column":19},"end":{"line":63,"column":null}},"type":"binary-expr","locations":[{"start":{"line":60,"column":19},"end":{"line":60,"column":null}},{"start":{"line":61,"column":20},"end":{"line":63,"column":null}}],"line":60},"8":{"loc":{"start":{"line":61,"column":120},"end":{"line":61,"column":null}},"type":"cond-expr","locations":[{"start":{"line":61,"column":133},"end":{"line":61,"column":167}},{"start":{"line":61,"column":167},"end":{"line":61,"column":null}}],"line":61},"9":{"loc":{"start":{"line":62,"column":23},"end":{"line":62,"column":null}},"type":"binary-expr","locations":[{"start":{"line":62,"column":23},"end":{"line":62,"column":37}},{"start":{"line":62,"column":37},"end":{"line":62,"column":null}}],"line":62},"10":{"loc":{"start":{"line":65,"column":19},"end":{"line":65,"column":null}},"type":"binary-expr","locations":[{"start":{"line":65,"column":19},"end":{"line":65,"column":34}},{"start":{"line":65,"column":34},"end":{"line":65,"column":53}},{"start":{"line":65,"column":53},"end":{"line":65,"column":null}}],"line":65},"11":{"loc":{"start":{"line":66,"column":19},"end":{"line":66,"column":null}},"type":"binary-expr","locations":[{"start":{"line":66,"column":19},"end":{"line":66,"column":34}},{"start":{"line":66,"column":34},"end":{"line":66,"column":54}},{"start":{"line":66,"column":54},"end":{"line":66,"column":null}}],"line":66},"12":{"loc":{"start":{"line":82,"column":7},"end":{"line":83,"column":null}},"type":"binary-expr","locations":[{"start":{"line":82,"column":7},"end":{"line":82,"column":22}},{"start":{"line":82,"column":22},"end":{"line":82,"column":null}},{"start":{"line":83,"column":9},"end":{"line":83,"column":null}}],"line":82}},"s":{"0":16,"1":64,"2":64,"3":64,"4":64,"5":64,"6":0,"7":0,"8":0,"9":0,"10":0,"11":64,"12":1,"13":64,"14":1,"15":2},"f":{"0":16,"1":64,"2":1},"b":{"0":[64,0,0],"1":[0,64],"2":[0,0],"3":[0,0],"4":[1,63],"5":[64,0],"6":[64,0],"7":[64,64],"8":[1,63],"9":[64,1],"10":[64,0,0],"11":[64,0,0],"12":[16,0,0]},"meta":{"lastBranch":13,"lastFunction":3,"lastStatement":16,"seen":{"f:5:9:5:18":0,"s:12:2:83:Infinity":0,"f:31:28:31:33":1,"s:32:36:32:Infinity":1,"s:34:14:34:Infinity":2,"b:34:14:34:29:34:29:34:58:34:58:34:Infinity":0,"s:35:31:35:Infinity":3,"s:37:37:37:Infinity":4,"b:39:12:48:Infinity:47:23:48:Infinity":1,"s:39:12:48:Infinity":5,"b:40:14:45:Infinity:42:25:45:Infinity":2,"s:40:14:45:Infinity":6,"s:41:16:41:Infinity":7,"b:42:25:45:Infinity:44:21:45:Infinity":3,"s:42:25:45:Infinity":8,"s:43:16:43:Infinity":9,"s:45:16:45:Infinity":10,"b:47:23:48:Infinity:undefined:undefined:undefined:undefined":4,"s:47:23:48:Infinity":11,"s:48:14:48:Infinity":12,"s:51:12:76:Infinity":13,"b:54:43:54:58:54:61:54:63":5,"b:55:41:55:56:55:59:55:61":6,"b:60:19:60:Infinity:61:20:63:Infinity":7,"b:61:133:61:167:61:167:61:Infinity":8,"b:62:23:62:37:62:37:62:Infinity":9,"b:65:19:65:34:65:34:65:53:65:53:65:Infinity":10,"b:66:19:66:34:66:34:66:54:66:54:66:Infinity":11,"f:73:18:73:34":2,"s:73:34:73:69":14,"b:82:7:82:22:82:22:82:Infinity:83:9:83:Infinity":12,"s:89:0:100:Infinity":15}}}
,"/Users/anindyamukhopadhyay/Developer/JanVote/src/components/StatesExplorer.jsx": {"path":"/Users/anindyamukhopadhyay/Developer/JanVote/src/components/StatesExplorer.jsx","statementMap":{"0":{"start":{"line":8,"column":19},"end":{"line":21,"column":null}},"1":{"start":{"line":24,"column":23},"end":{"line":24,"column":56}},"2":{"start":{"line":25,"column":10},"end":{"line":25,"column":39}},"3":{"start":{"line":27,"column":2},"end":{"line":76,"column":null}},"4":{"start":{"line":41,"column":10},"end":{"line":74,"column":null}},"5":{"start":{"line":44,"column":14},"end":{"line":44,"column":null}},"6":{"start":{"line":45,"column":14},"end":{"line":45,"column":null}},"7":{"start":{"line":47,"column":32},"end":{"line":47,"column":53}}},"fnMap":{"0":{"name":"StatesExplorer","decl":{"start":{"line":23,"column":9},"end":{"line":23,"column":26}},"loc":{"start":{"line":23,"column":26},"end":{"line":76,"column":null}},"line":23},"1":{"name":"(anonymous_1)","decl":{"start":{"line":40,"column":20},"end":{"line":40,"column":25}},"loc":{"start":{"line":41,"column":10},"end":{"line":74,"column":null}},"line":41},"2":{"name":"(anonymous_2)","decl":{"start":{"line":43,"column":12},"end":{"line":43,"column":32}},"loc":{"start":{"line":43,"column":32},"end":{"line":45,"column":null}},"line":43},"3":{"name":"(anonymous_3)","decl":{"start":{"line":47,"column":12},"end":{"line":47,"column":32}},"loc":{"start":{"line":47,"column":32},"end":{"line":47,"column":53}},"line":47}},"branchMap":{"0":{"loc":{"start":{"line":56,"column":15},"end":{"line":73,"column":null}},"type":"binary-expr","locations":[{"start":{"line":56,"column":15},"end":{"line":56,"column":null}},{"start":{"line":57,"column":16},"end":{"line":73,"column":null}}],"line":56}},"s":{"0":2,"1":3,"2":3,"3":3,"4":36,"5":1,"6":1,"7":0},"f":{"0":3,"1":36,"2":1,"3":0},"b":{"0":[36,1]},"meta":{"lastBranch":1,"lastFunction":4,"lastStatement":8,"seen":{"s:8:19:21:Infinity":0,"f:23:9:23:26":0,"s:24:23:24:56":1,"s:25:10:25:39":2,"s:27:2:76:Infinity":3,"f:40:20:40:25":1,"s:41:10:74:Infinity":4,"f:43:12:43:32":2,"s:44:14:44:Infinity":5,"s:45:14:45:Infinity":6,"f:47:12:47:32":3,"s:47:32:47:53":7,"b:56:15:56:Infinity:57:16:73:Infinity":0}}}
,"/Users/anindyamukhopadhyay/Developer/JanVote/src/components/StepCard.jsx": {"path":"/Users/anindyamukhopadhyay/Developer/JanVote/src/components/StepCard.jsx","statementMap":{"0":{"start":{"line":5,"column":14},"end":{"line":11,"column":null}},"1":{"start":{"line":14,"column":15},"end":{"line":14,"column":null}},"2":{"start":{"line":16,"column":2},"end":{"line":47,"column":null}},"3":{"start":{"line":22,"column":8},"end":{"line":22,"column":null}},"4":{"start":{"line":22,"column":22},"end":{"line":22,"column":null}},"5":{"start":{"line":53,"column":0},"end":{"line":63,"column":null}}},"fnMap":{"0":{"name":"StepCard","decl":{"start":{"line":13,"column":9},"end":{"line":13,"column":18}},"loc":{"start":{"line":13,"column":63},"end":{"line":47,"column":null}},"line":13},"1":{"name":"(anonymous_1)","decl":{"start":{"line":21,"column":6},"end":{"line":21,"column":29}},"loc":{"start":{"line":21,"column":29},"end":{"line":22,"column":null}},"line":21}},"branchMap":{"0":{"loc":{"start":{"line":14,"column":15},"end":{"line":14,"column":null}},"type":"binary-expr","locations":[{"start":{"line":14,"column":15},"end":{"line":14,"column":33}},{"start":{"line":14,"column":33},"end":{"line":14,"column":null}}],"line":14},"1":{"loc":{"start":{"line":22,"column":8},"end":{"line":22,"column":null}},"type":"if","locations":[{"start":{"line":22,"column":8},"end":{"line":22,"column":null}},{"start":{},"end":{}}],"line":22},"2":{"loc":{"start":{"line":46,"column":11},"end":{"line":46,"column":null}},"type":"cond-expr","locations":[{"start":{"line":46,"column":25},"end":{"line":46,"column":38}},{"start":{"line":46,"column":38},"end":{"line":46,"column":null}}],"line":46}},"s":{"0":1,"1":0,"2":0,"3":0,"4":0,"5":1},"f":{"0":0,"1":0},"b":{"0":[0,0],"1":[0,0],"2":[0,0]},"meta":{"lastBranch":3,"lastFunction":2,"lastStatement":6,"seen":{"s:5:14:11:Infinity":0,"f:13:9:13:18":0,"s:14:15:14:Infinity":1,"b:14:15:14:33:14:33:14:Infinity":0,"s:16:2:47:Infinity":2,"f:21:6:21:29":1,"b:22:8:22:Infinity:undefined:undefined:undefined:undefined":1,"s:22:8:22:Infinity":3,"s:22:22:22:Infinity":4,"b:46:25:46:38:46:38:46:Infinity":2,"s:53:0:63:Infinity":5}}}
,"/Users/anindyamukhopadhyay/Developer/JanVote/src/components/Timeline.jsx": {"path":"/Users/anindyamukhopadhyay/Developer/JanVote/src/components/Timeline.jsx","statementMap":{"0":{"start":{"line":6,"column":2},"end":{"line":43,"column":null}},"1":{"start":{"line":18,"column":25},"end":{"line":18,"column":null}},"2":{"start":{"line":19,"column":10},"end":{"line":40,"column":null}},"3":{"start":{"line":48,"column":0},"end":{"line":57,"column":null}}},"fnMap":{"0":{"name":"Timeline","decl":{"start":{"line":5,"column":9},"end":{"line":5,"column":18}},"loc":{"start":{"line":5,"column":56},"end":{"line":43,"column":null}},"line":5},"1":{"name":"(anonymous_1)","decl":{"start":{"line":17,"column":15},"end":{"line":17,"column":20}},"loc":{"start":{"line":17,"column":36},"end":{"line":40,"column":null}},"line":17}},"branchMap":{"0":{"loc":{"start":{"line":20,"column":80},"end":{"line":20,"column":127}},"type":"cond-expr","locations":[{"start":{"line":20,"column":89},"end":{"line":20,"column":105}},{"start":{"line":20,"column":105},"end":{"line":20,"column":127}}],"line":20},"1":{"loc":{"start":{"line":31,"column":63},"end":{"line":31,"column":null}},"type":"cond-expr","locations":[{"start":{"line":31,"column":72},"end":{"line":31,"column":85}},{"start":{"line":31,"column":85},"end":{"line":31,"column":null}}],"line":31}},"s":{"0":1,"1":2,"2":2,"3":2},"f":{"0":1,"1":2},"b":{"0":[1,1],"1":[1,1]},"meta":{"lastBranch":2,"lastFunction":2,"lastStatement":4,"seen":{"f:5:9:5:18":0,"s:6:2:43:Infinity":0,"f:17:15:17:20":1,"s:18:25:18:Infinity":1,"s:19:10:40:Infinity":2,"b:20:89:20:105:20:105:20:127":0,"b:31:72:31:85:31:85:31:Infinity":1,"s:48:0:57:Infinity":3}}}
,"/Users/anindyamukhopadhyay/Developer/JanVote/src/data/electionSteps.js": {"path":"/Users/anindyamukhopadhyay/Developer/JanVote/src/data/electionSteps.js","statementMap":{"0":{"start":{"line":1,"column":29},"end":{"line":42,"column":null}}},"fnMap":{},"branchMap":{},"s":{"0":1},"f":{},"b":{},"meta":{"lastBranch":0,"lastFunction":0,"lastStatement":1,"seen":{"s:1:29:42:Infinity":0}}}
,"/Users/anindyamukhopadhyay/Developer/JanVote/src/data/quizData.js": {"path":"/Users/anindyamukhopadhyay/Developer/JanVote/src/data/quizData.js","statementMap":{"0":{"start":{"line":1,"column":24},"end":{"line":36,"column":null}}},"fnMap":{},"branchMap":{},"s":{"0":2},"f":{},"b":{},"meta":{"lastBranch":0,"lastFunction":0,"lastStatement":1,"seen":{"s:1:24:36:Infinity":0}}}
,"/Users/anindyamukhopadhyay/Developer/JanVote/src/hooks/useProgress.js": {"path":"/Users/anindyamukhopadhyay/Developer/JanVote/src/hooks/useProgress.js","statementMap":{"0":{"start":{"line":3,"column":25},"end":{"line":7,"column":null}},"1":{"start":{"line":10,"column":19},"end":{"line":17,"column":null}},"2":{"start":{"line":11,"column":4},"end":{"line":15,"column":null}},"3":{"start":{"line":12,"column":21},"end":{"line":12,"column":69}},"4":{"start":{"line":13,"column":6},"end":{"line":13,"column":null}},"5":{"start":{"line":15,"column":6},"end":{"line":15,"column":null}},"6":{"start":{"line":19,"column":2},"end":{"line":21,"column":null}},"7":{"start":{"line":20,"column":4},"end":{"line":20,"column":null}},"8":{"start":{"line":23,"column":8},"end":{"line":24,"column":null}},"9":{"start":{"line":24,"column":4},"end":{"line":24,"column":null}},"10":{"start":{"line":24,"column":27},"end":{"line":24,"column":65}},"11":{"start":{"line":27,"column":8},"end":{"line":28,"column":null}},"12":{"start":{"line":28,"column":4},"end":{"line":28,"column":null}},"13":{"start":{"line":28,"column":27},"end":{"line":28,"column":81}},"14":{"start":{"line":31,"column":8},"end":{"line":35,"column":null}},"15":{"start":{"line":32,"column":4},"end":{"line":35,"column":null}},"16":{"start":{"line":32,"column":27},"end":{"line":35,"column":7}},"17":{"start":{"line":39,"column":14},"end":{"line":39,"column":null}},"18":{"start":{"line":40,"column":25},"end":{"line":40,"column":null}},"19":{"start":{"line":41,"column":14},"end":{"line":41,"column":null}},"20":{"start":{"line":43,"column":15},"end":{"line":43,"column":null}},"21":{"start":{"line":44,"column":2},"end":{"line":44,"column":null}},"22":{"start":{"line":44,"column":34},"end":{"line":44,"column":null}},"23":{"start":{"line":45,"column":2},"end":{"line":45,"column":null}},"24":{"start":{"line":46,"column":2},"end":{"line":46,"column":null}},"25":{"start":{"line":48,"column":2},"end":{"line":61,"column":null}},"26":{"start":{"line":49,"column":4},"end":{"line":49,"column":null}},"27":{"start":{"line":50,"column":4},"end":{"line":50,"column":null}},"28":{"start":{"line":51,"column":4},"end":{"line":51,"column":null}},"29":{"start":{"line":52,"column":13},"end":{"line":61,"column":null}},"30":{"start":{"line":53,"column":4},"end":{"line":53,"column":null}},"31":{"start":{"line":54,"column":4},"end":{"line":54,"column":null}},"32":{"start":{"line":55,"column":4},"end":{"line":55,"column":null}},"33":{"start":{"line":56,"column":13},"end":{"line":61,"column":null}},"34":{"start":{"line":57,"column":4},"end":{"line":57,"column":null}},"35":{"start":{"line":58,"column":4},"end":{"line":58,"column":null}},"36":{"start":{"line":59,"column":4},"end":{"line":59,"column":null}},"37":{"start":{"line":61,"column":4},"end":{"line":61,"column":null}},"38":{"start":{"line":64,"column":2},"end":{"line":70,"column":null}}},"fnMap":{"0":{"name":"useProgress","decl":{"start":{"line":9,"column":16},"end":{"line":9,"column":30}},"loc":{"start":{"line":9,"column":30},"end":{"line":70,"column":null}},"line":9},"1":{"name":"(anonymous_1)","decl":{"start":{"line":10,"column":34},"end":{"line":10,"column":49}},"loc":{"start":{"line":10,"column":49},"end":{"line":17,"column":null}},"line":10},"2":{"name":"(anonymous_2)","decl":{"start":{"line":19,"column":2},"end":{"line":19,"column":18}},"loc":{"start":{"line":19,"column":18},"end":{"line":21,"column":6}},"line":19},"3":{"name":"(anonymous_3)","decl":{"start":{"line":23,"column":8},"end":{"line":23,"column":33}},"loc":{"start":{"line":23,"column":33},"end":{"line":24,"column":null}},"line":23},"4":{"name":"(anonymous_4)","decl":{"start":{"line":24,"column":4},"end":{"line":24,"column":17}},"loc":{"start":{"line":24,"column":27},"end":{"line":24,"column":65}},"line":24},"5":{"name":"(anonymous_5)","decl":{"start":{"line":27,"column":8},"end":{"line":27,"column":35}},"loc":{"start":{"line":27,"column":35},"end":{"line":28,"column":null}},"line":27},"6":{"name":"(anonymous_6)","decl":{"start":{"line":28,"column":4},"end":{"line":28,"column":17}},"loc":{"start":{"line":28,"column":27},"end":{"line":28,"column":81}},"line":28},"7":{"name":"(anonymous_7)","decl":{"start":{"line":31,"column":8},"end":{"line":31,"column":31}},"loc":{"start":{"line":31,"column":41},"end":{"line":35,"column":null}},"line":31},"8":{"name":"(anonymous_8)","decl":{"start":{"line":32,"column":4},"end":{"line":32,"column":17}},"loc":{"start":{"line":32,"column":27},"end":{"line":35,"column":7}},"line":32}},"branchMap":{"0":{"loc":{"start":{"line":13,"column":13},"end":{"line":13,"column":null}},"type":"cond-expr","locations":[{"start":{"line":13,"column":22},"end":{"line":13,"column":40}},{"start":{"line":13,"column":43},"end":{"line":13,"column":null}}],"line":13},"1":{"loc":{"start":{"line":44,"column":2},"end":{"line":44,"column":null}},"type":"if","locations":[{"start":{"line":44,"column":2},"end":{"line":44,"column":null}},{"start":{},"end":{}}],"line":44},"2":{"loc":{"start":{"line":48,"column":2},"end":{"line":61,"column":null}},"type":"if","locations":[{"start":{"line":48,"column":2},"end":{"line":61,"column":null}},{"start":{"line":52,"column":13},"end":{"line":61,"column":null}}],"line":48},"3":{"loc":{"start":{"line":52,"column":13},"end":{"line":61,"column":null}},"type":"if","locations":[{"start":{"line":52,"column":13},"end":{"line":61,"column":null}},{"start":{"line":56,"column":13},"end":{"line":61,"column":null}}],"line":52},"4":{"loc":{"start":{"line":56,"column":13},"end":{"line":61,"column":null}},"type":"if","locations":[{"start":{"line":56,"column":13},"end":{"line":61,"column":null}},{"start":{"line":60,"column":9},"end":{"line":61,"column":null}}],"line":56}},"s":{"0":1,"1":2,"2":2,"3":2,"4":2,"5":0,"6":2,"7":2,"8":2,"9":0,"10":0,"11":2,"12":0,"13":0,"14":2,"15":0,"16":0,"17":2,"18":2,"19":2,"20":2,"21":2,"22":0,"23":2,"24":2,"25":2,"26":0,"27":0,"28":0,"29":2,"30":0,"31":0,"32":0,"33":2,"34":0,"35":0,"36":0,"37":2,"38":2},"f":{"0":2,"1":2,"2":2,"3":0,"4":0,"5":0,"6":0,"7":0,"8":0},"b":{"0":[1,1],"1":[0,2],"2":[0,2],"3":[0,2],"4":[0,2]},"meta":{"lastBranch":5,"lastFunction":9,"lastStatement":39,"seen":{"s:3:25:7:Infinity":0,"f:9:16:9:30":0,"s:10:19:17:Infinity":1,"f:10:34:10:49":1,"s:11:4:15:Infinity":2,"s:12:21:12:69":3,"s:13:6:13:Infinity":4,"b:13:22:13:40:13:43:13:Infinity":0,"s:15:6:15:Infinity":5,"s:19:2:21:Infinity":6,"f:19:2:19:18":2,"s:20:4:20:Infinity":7,"s:23:8:24:Infinity":8,"f:23:8:23:33":3,"s:24:4:24:Infinity":9,"f:24:4:24:17":4,"s:24:27:24:65":10,"s:27:8:28:Infinity":11,"f:27:8:27:35":5,"s:28:4:28:Infinity":12,"f:28:4:28:17":6,"s:28:27:28:81":13,"s:31:8:35:Infinity":14,"f:31:8:31:31":7,"s:32:4:35:Infinity":15,"f:32:4:32:17":8,"s:32:27:35:7":16,"s:39:14:39:Infinity":17,"s:40:25:40:Infinity":18,"s:41:14:41:Infinity":19,"s:43:15:43:Infinity":20,"b:44:2:44:Infinity:undefined:undefined:undefined:undefined":1,"s:44:2:44:Infinity":21,"s:44:34:44:Infinity":22,"s:45:2:45:Infinity":23,"s:46:2:46:Infinity":24,"b:48:2:61:Infinity:52:13:61:Infinity":2,"s:48:2:61:Infinity":25,"s:49:4:49:Infinity":26,"s:50:4:50:Infinity":27,"s:51:4:51:Infinity":28,"b:52:13:61:Infinity:56:13:61:Infinity":3,"s:52:13:61:Infinity":29,"s:53:4:53:Infinity":30,"s:54:4:54:Infinity":31,"s:55:4:55:Infinity":32,"b:56:13:61:Infinity:60:9:61:Infinity":4,"s:56:13:61:Infinity":33,"s:57:4:57:Infinity":34,"s:58:4:58:Infinity":35,"s:59:4:59:Infinity":36,"s:61:4:61:Infinity":37,"s:64:2:70:Infinity":38}}}
,"/Users/anindyamukhopadhyay/Developer/JanVote/src/hooks/useSoundEffects.js": {"path":"/Users/anindyamukhopadhyay/Developer/JanVote/src/hooks/useSoundEffects.js","statementMap":{"0":{"start":{"line":4,"column":15},"end":{"line":4,"column":null}},"1":{"start":{"line":6,"column":6},"end":{"line":30,"column":null}},"2":{"start":{"line":7,"column":2},"end":{"line":8,"column":null}},"3":{"start":{"line":8,"column":4},"end":{"line":8,"column":null}},"4":{"start":{"line":12,"column":2},"end":{"line":13,"column":null}},"5":{"start":{"line":13,"column":4},"end":{"line":13,"column":null}},"6":{"start":{"line":16,"column":21},"end":{"line":16,"column":48}},"7":{"start":{"line":17,"column":19},"end":{"line":17,"column":40}},"8":{"start":{"line":19,"column":2},"end":{"line":19,"column":null}},"9":{"start":{"line":20,"column":2},"end":{"line":20,"column":null}},"10":{"start":{"line":23,"column":2},"end":{"line":23,"column":null}},"11":{"start":{"line":24,"column":2},"end":{"line":24,"column":null}},"12":{"start":{"line":26,"column":2},"end":{"line":26,"column":null}},"13":{"start":{"line":27,"column":2},"end":{"line":27,"column":null}},"14":{"start":{"line":29,"column":2},"end":{"line":29,"column":null}},"15":{"start":{"line":30,"column":2},"end":{"line":30,"column":null}},"16":{"start":{"line":34,"column":8},"end":{"line":36,"column":8}},"17":{"start":{"line":35,"column":4},"end":{"line":35,"column":null}},"18":{"start":{"line":38,"column":8},"end":{"line":40,"column":8}},"19":{"start":{"line":39,"column":4},"end":{"line":39,"column":null}},"20":{"start":{"line":42,"column":8},"end":{"line":50,"column":8}},"21":{"start":{"line":43,"column":4},"end":{"line":43,"column":null}},"22":{"start":{"line":43,"column":19},"end":{"line":43,"column":null}},"23":{"start":{"line":44,"column":4},"end":{"line":44,"column":null}},"24":{"start":{"line":44,"column":40},"end":{"line":44,"column":null}},"25":{"start":{"line":47,"column":4},"end":{"line":47,"column":null}},"26":{"start":{"line":48,"column":4},"end":{"line":48,"column":null}},"27":{"start":{"line":48,"column":21},"end":{"line":48,"column":56}},"28":{"start":{"line":49,"column":4},"end":{"line":49,"column":null}},"29":{"start":{"line":49,"column":21},"end":{"line":49,"column":56}},"30":{"start":{"line":52,"column":8},"end":{"line":55,"column":8}},"31":{"start":{"line":53,"column":4},"end":{"line":53,"column":null}},"32":{"start":{"line":54,"column":4},"end":{"line":54,"column":null}},"33":{"start":{"line":54,"column":21},"end":{"line":54,"column":57}},"34":{"start":{"line":57,"column":2},"end":{"line":57,"column":null}}},"fnMap":{"0":{"name":"(anonymous_0)","decl":{"start":{"line":6,"column":6},"end":{"line":6,"column":18}},"loc":{"start":{"line":6,"column":54},"end":{"line":30,"column":null}},"line":6},"1":{"name":"useSoundEffects","decl":{"start":{"line":33,"column":16},"end":{"line":33,"column":34}},"loc":{"start":{"line":33,"column":34},"end":{"line":57,"column":null}},"line":33},"2":{"name":"(anonymous_2)","decl":{"start":{"line":34,"column":20},"end":{"line":34,"column":38}},"loc":{"start":{"line":34,"column":38},"end":{"line":36,"column":7}},"line":34},"3":{"name":"(anonymous_3)","decl":{"start":{"line":38,"column":18},"end":{"line":38,"column":36}},"loc":{"start":{"line":38,"column":36},"end":{"line":40,"column":7}},"line":38},"4":{"name":"(anonymous_4)","decl":{"start":{"line":42,"column":22},"end":{"line":42,"column":40}},"loc":{"start":{"line":42,"column":40},"end":{"line":50,"column":7}},"line":42},"5":{"name":"(anonymous_5)","decl":{"start":{"line":48,"column":4},"end":{"line":48,"column":21}},"loc":{"start":{"line":48,"column":21},"end":{"line":48,"column":56}},"line":48},"6":{"name":"(anonymous_6)","decl":{"start":{"line":49,"column":4},"end":{"line":49,"column":21}},"loc":{"start":{"line":49,"column":21},"end":{"line":49,"column":56}},"line":49},"7":{"name":"(anonymous_7)","decl":{"start":{"line":52,"column":20},"end":{"line":52,"column":38}},"loc":{"start":{"line":52,"column":38},"end":{"line":55,"column":7}},"line":52},"8":{"name":"(anonymous_8)","decl":{"start":{"line":54,"column":4},"end":{"line":54,"column":21}},"loc":{"start":{"line":54,"column":21},"end":{"line":54,"column":57}},"line":54}},"branchMap":{"0":{"loc":{"start":{"line":6,"column":40},"end":{"line":6,"column":54}},"type":"default-arg","locations":[{"start":{"line":6,"column":46},"end":{"line":6,"column":54}}],"line":6},"1":{"loc":{"start":{"line":7,"column":2},"end":{"line":8,"column":null}},"type":"if","locations":[{"start":{"line":7,"column":2},"end":{"line":8,"column":null}},{"start":{},"end":{}}],"line":7},"2":{"loc":{"start":{"line":8,"column":20},"end":{"line":8,"column":71}},"type":"binary-expr","locations":[{"start":{"line":8,"column":20},"end":{"line":8,"column":43}},{"start":{"line":8,"column":43},"end":{"line":8,"column":71}}],"line":8},"3":{"loc":{"start":{"line":12,"column":2},"end":{"line":13,"column":null}},"type":"if","locations":[{"start":{"line":12,"column":2},"end":{"line":13,"column":null}},{"start":{},"end":{}}],"line":12},"4":{"loc":{"start":{"line":43,"column":4},"end":{"line":43,"column":null}},"type":"if","locations":[{"start":{"line":43,"column":4},"end":{"line":43,"column":null}},{"start":{},"end":{}}],"line":43},"5":{"loc":{"start":{"line":43,"column":35},"end":{"line":43,"column":86}},"type":"binary-expr","locations":[{"start":{"line":43,"column":35},"end":{"line":43,"column":58}},{"start":{"line":43,"column":58},"end":{"line":43,"column":86}}],"line":43},"6":{"loc":{"start":{"line":44,"column":4},"end":{"line":44,"column":null}},"type":"if","locations":[{"start":{"line":44,"column":4},"end":{"line":44,"column":null}},{"start":{},"end":{}}],"line":44}},"s":{"0":1,"1":1,"2":0,"3":0,"4":0,"5":0,"6":0,"7":0,"8":0,"9":0,"10":0,"11":0,"12":0,"13":0,"14":0,"15":0,"16":0,"17":0,"18":0,"19":0,"20":0,"21":0,"22":0,"23":0,"24":0,"25":0,"26":0,"27":0,"28":0,"29":0,"30":0,"31":0,"32":0,"33":0,"34":0},"f":{"0":0,"1":0,"2":0,"3":0,"4":0,"5":0,"6":0,"7":0,"8":0},"b":{"0":[0],"1":[0,0],"2":[0,0],"3":[0,0],"4":[0,0],"5":[0,0],"6":[0,0]},"meta":{"lastBranch":7,"lastFunction":9,"lastStatement":35,"seen":{"s:4:15:4:Infinity":0,"s:6:6:30:Infinity":1,"f:6:6:6:18":0,"b:6:46:6:54":0,"b:7:2:8:Infinity:undefined:undefined:undefined:undefined":1,"s:7:2:8:Infinity":2,"s:8:4:8:Infinity":3,"b:8:20:8:43:8:43:8:71":2,"b:12:2:13:Infinity:undefined:undefined:undefined:undefined":3,"s:12:2:13:Infinity":4,"s:13:4:13:Infinity":5,"s:16:21:16:48":6,"s:17:19:17:40":7,"s:19:2:19:Infinity":8,"s:20:2:20:Infinity":9,"s:23:2:23:Infinity":10,"s:24:2:24:Infinity":11,"s:26:2:26:Infinity":12,"s:27:2:27:Infinity":13,"s:29:2:29:Infinity":14,"s:30:2:30:Infinity":15,"f:33:16:33:34":1,"s:34:8:36:8":16,"f:34:20:34:38":2,"s:35:4:35:Infinity":17,"s:38:8:40:8":18,"f:38:18:38:36":3,"s:39:4:39:Infinity":19,"s:42:8:50:8":20,"f:42:22:42:40":4,"b:43:4:43:Infinity:undefined:undefined:undefined:undefined":4,"s:43:4:43:Infinity":21,"s:43:19:43:Infinity":22,"b:43:35:43:58:43:58:43:86":5,"b:44:4:44:Infinity:undefined:undefined:undefined:undefined":6,"s:44:4:44:Infinity":23,"s:44:40:44:Infinity":24,"s:47:4:47:Infinity":25,"s:48:4:48:Infinity":26,"f:48:4:48:21":5,"s:48:21:48:56":27,"s:49:4:49:Infinity":28,"f:49:4:49:21":6,"s:49:21:49:56":29,"s:52:8:55:8":30,"f:52:20:52:38":7,"s:53:4:53:Infinity":31,"s:54:4:54:Infinity":32,"f:54:4:54:21":8,"s:54:21:54:57":33,"s:57:2:57:Infinity":34}}}
,"/Users/anindyamukhopadhyay/Developer/JanVote/src/pages/Chat.jsx": {"path":"/Users/anindyamukhopadhyay/Developer/JanVote/src/pages/Chat.jsx","statementMap":{"0":{"start":{"line":5,"column":2},"end":{"line":26,"column":null}}},"fnMap":{"0":{"name":"Chat","decl":{"start":{"line":4,"column":9},"end":{"line":4,"column":14}},"loc":{"start":{"line":4,"column":31},"end":{"line":26,"column":null}},"line":4}},"branchMap":{"0":{"loc":{"start":{"line":20,"column":11},"end":{"line":22,"column":null}},"type":"cond-expr","locations":[{"start":{"line":21,"column":14},"end":{"line":21,"column":null}},{"start":{"line":22,"column":14},"end":{"line":22,"column":null}}],"line":20}},"s":{"0":0},"f":{"0":0},"b":{"0":[0,0]},"meta":{"lastBranch":1,"lastFunction":1,"lastStatement":1,"seen":{"f:4:9:4:14":0,"s:5:2:26:Infinity":0,"b:21:14:21:Infinity:22:14:22:Infinity":0}}}
,"/Users/anindyamukhopadhyay/Developer/JanVote/src/pages/Home.jsx": {"path":"/Users/anindyamukhopadhyay/Developer/JanVote/src/pages/Home.jsx","statementMap":{"0":{"start":{"line":7,"column":26},"end":{"line":13,"column":null}},"1":{"start":{"line":15,"column":21},"end":{"line":18,"column":null}},"2":{"start":{"line":21,"column":8},"end":{"line":21,"column":32}},"3":{"start":{"line":22,"column":10},"end":{"line":22,"column":33}},"4":{"start":{"line":24,"column":2},"end":{"line":125,"column":null}},"5":{"start":{"line":55,"column":29},"end":{"line":55,"column":50}},"6":{"start":{"line":96,"column":10},"end":{"line":123,"column":null}},"7":{"start":{"line":102,"column":14},"end":{"line":105,"column":null}},"8":{"start":{"line":103,"column":16},"end":{"line":103,"column":null}},"9":{"start":{"line":103,"column":31},"end":{"line":103,"column":null}},"10":{"start":{"line":104,"column":16},"end":{"line":104,"column":null}},"11":{"start":{"line":104,"column":31},"end":{"line":104,"column":null}},"12":{"start":{"line":105,"column":16},"end":{"line":105,"column":null}},"13":{"start":{"line":105,"column":31},"end":{"line":105,"column":null}},"14":{"start":{"line":111,"column":14},"end":{"line":111,"column":null}},"15":{"start":{"line":111,"column":29},"end":{"line":111,"column":null}},"16":{"start":{"line":112,"column":14},"end":{"line":112,"column":null}},"17":{"start":{"line":112,"column":29},"end":{"line":112,"column":null}},"18":{"start":{"line":113,"column":14},"end":{"line":113,"column":null}},"19":{"start":{"line":113,"column":29},"end":{"line":113,"column":null}},"20":{"start":{"line":130,"column":0},"end":{"line":132,"column":null}}},"fnMap":{"0":{"name":"Home","decl":{"start":{"line":20,"column":9},"end":{"line":20,"column":14}},"loc":{"start":{"line":20,"column":31},"end":{"line":125,"column":null}},"line":20},"1":{"name":"(anonymous_1)","decl":{"start":{"line":55,"column":14},"end":{"line":55,"column":29}},"loc":{"start":{"line":55,"column":29},"end":{"line":55,"column":50}},"line":55},"2":{"name":"(anonymous_2)","decl":{"start":{"line":95,"column":10},"end":{"line":95,"column":15}},"loc":{"start":{"line":96,"column":10},"end":{"line":123,"column":null}},"line":96},"3":{"name":"(anonymous_3)","decl":{"start":{"line":101,"column":12},"end":{"line":101,"column":24}},"loc":{"start":{"line":101,"column":30},"end":{"line":105,"column":null}},"line":101},"4":{"name":"(anonymous_4)","decl":{"start":{"line":110,"column":12},"end":{"line":110,"column":27}},"loc":{"start":{"line":110,"column":27},"end":{"line":113,"column":null}},"line":110}},"branchMap":{"0":{"loc":{"start":{"line":47,"column":13},"end":{"line":49,"column":null}},"type":"cond-expr","locations":[{"start":{"line":48,"column":16},"end":{"line":48,"column":null}},{"start":{"line":49,"column":16},"end":{"line":49,"column":null}}],"line":47},"1":{"loc":{"start":{"line":102,"column":14},"end":{"line":105,"
[...]
,"/Users/anindyamukhopadhyay/Developer/JanVote/src/pages/Quiz.jsx": {"path":"/Users/anindyamukhopadhyay/Developer/JanVote/src/pages/Quiz.jsx","statementMap":{"0":{"start":{"line":13,"column":26},"end":{"line":13,"column":60}},"1":{"start":{"line":14,"column":22},"end":{"line":14,"column":55}},"2":{"start":{"line":15,"column":16},"end":{"line":15,"column":39}},"3":{"start":{"line":16,"column":10},"end":{"line":16,"column":47}},"4":{"start":{"line":18,"column":8},"end":{"line":21,"column":23}},"5":{"start":{"line":19,"column":26},"end":{"line":19,"column":null}},"6":{"start":{"line":20,"column":4},"end":{"line":20,"column":null}},"7":{"start":{"line":23,"column":8},"end":{"line":25,"column":null}},"8":{"start":{"line":24,"column":10},"end":{"line":24,"column":null}},"9":{"start":{"line":28,"column":8},"end":{"line":33,"column":null}},"10":{"start":{"line":29,"column":4},"end":{"line":29,"column":null}},"11":{"start":{"line":29,"column":21},"end":{"line":29,"column":null}},"12":{"start":{"line":30,"column":4},"end":{"line":33,"column":null}},"13":{"start":{"line":30,"column":34},"end":{"line":33,"column":7}},"14":{"start":{"line":36,"column":8},"end":{"line":77,"column":null}},"15":{"start":{"line":37,"column":16},"end":{"line":37,"column":null}},"16":{"start":{"line":38,"column":4},"end":{"line":42,"column":null}},"17":{"start":{"line":39,"column":6},"end":{"line":40,"column":null}},"18":{"start":{"line":40,"column":8},"end":{"line":40,"column":null}},"19":{"start":{"line":44,"column":4},"end":{"line":44,"column":null}},"20":{"start":{"line":45,"column":4},"end":{"line":45,"column":null}},"21":{"start":{"line":46,"column":4},"end":{"line":46,"column":null}},"22":{"start":{"line":49,"column":4},"end":{"line":49,"column":null}},"23":{"start":{"line":50,"column":4},"end":{"line":50,"column":null}},"24":{"start":{"line":53,"column":4},"end":{"line":77,"column":null}},"25":{"start":{"line":54,"column":23},"end":{"line":54,"column":null}},"26":{"start":{"line":55,"column":27},"end":{"line":55,"column":null}},"27":{"start":{"line":56,"column":23},"end":{"line":56,"column":null}},"28":{"start":{"line":58,"column":12},"end":{"line":58,"column":null}},"29":{"start":{"line":58,"column":42},"end":{"line":58,"column":null}},"30":{"start":{"line":60,"column":23},"end":{"line":70,"column":13}},"31":{"start":{"line":61,"column":25},"end":{"line":61,"column":50}},"32":{"start":{"line":63,"column":8},"end":{"line":64,"column":null}},"33":{"start":{"line":64,"column":10},"end":{"line":64,"column":null}},"34":{"start":{"line":67,"column":30},"end":{"line":67,"column":null}},"35":{"start":{"line":68,"column":8},"end":{"line":68,"column":null}},"36":{"start":{"line":69,"column":8},"end":{"line":69,"column":null}},"37":{"start":{"line":71,"column":15},"end":{"line":77,"column":null}},"38":{"start":{"line":73,"column":6},"end":{"line":77,"column":null}},"39":{"start":{"line":81,"column":8},"end":{"line":84,"column":null}},"40":{"start":{"line":82,"column":4},"end":{"line":82,"column":null}},"41":{"start":{"line":83,"column":4},"end":{"line":83,"column":null}},"42":{"start":{"line":84,"column":4},"end":{"line":84,"column":null}},"43":{"start":{"line":87,"column":2},"end":{"line":186,"column":null}},"44":{"start":{"line":125,"column":10},"end":{"line":132,"column":null}},"45":{"start":{"line":191,"column":0},"end":{"line":193,"column":null}}},"fnMap":{"0":{"name":"Quiz","decl":{"start":{"line":12,"column":9},"end":{"line":12,"column":14}},"loc":{"start":{"line":12,"column":31},"end":{"line":186,"column":null}},"line":12},"1":{"name":"(anonymous_1)","decl":{"start":{"line":18,"column":19},"end":{"line":18,"column":33}},"loc":{"start":{"line":18,"column":33},"end":{"line":21,"column":6}},"line":18},"2":{"name":"(anonymous_2)","decl":{"start":{"line":23,"column":22},"end":{"line":23,"column":null}},"loc":{"start":{"line":24,"column":10},"end":{"line":24,"column":null}},"line":24},"3":{"name":"(anonymous_3)","decl":{"start":{"line":28,"column":8},"end":{"line":28,"column":30}},"loc":{"start":{"line":28,"column":53},"end":{"line":33,"column":null}},"line":28},"4":{"name":"(anonymous_4)","decl":{"start":{"line":30,"column":4},"end":{"line":30,"column":24}},"loc":{"start":{"line":30,"column":34},"end":{"line":33,"column":7}},"line":30},"5":{"name":"(anonymous_5)","decl":{"start":{"line":36,"column":8},"end":{"line":36,"column":29}},"loc":{"start":{"line":36,"column":29},"end":{"line":77,"column":null}},"line":36},"6":{"name":"(anonymous_6)","decl":{"start":{"line":38,"column":13},"end":{"line":38,"column":22}},"loc":{"start":{"line":38,"column":35},"end":{"line":42,"column":null}},"line":38},"7":{"name":"(anonymous_7)","decl":{"start":{"line":58,"column":12},"end":{"line":58,"column":29}},"loc":{"start":{"line":58,"column":42},"end":{"line":58,"column":null}},"line":58},"8":{"name":"(anonymous_8)","decl":{"start":{"line":60,"column":35},"end":{"line":60,"column":46}},"loc":{"start":{"line":60,"column":46},"end":{"line":70,"column":13}},"line":60},"9":{"name":"(anonymous_9)","decl":{"start":{"line":81,"column":8},"end":{"line":81,"column":26}},"loc":{"start":{"line":81,"column":26},"end":{"line":84,"column":null}},"line":81},"10":{"name":"(anonymous_10)","decl":{"start":{"line":124,"column":18},"end":{"line":124,"column":23}},"loc":{"start":{"line":125,"column":10},"end":{"line":132,"column":null}},"line":125}},"branchMap":{"0":{"loc":{"start":{"line":29,"column":4},"end":{"line":29,"column":null}},"type":"if","locations":[{"start":{"line":29,"column":4},"end":{"line":29,"column":null}},{"start":{},"end":{}}],"line":29},"1":{"loc":{"start":{"line":39,"column":6},"end":{"line":40,"column":null}},"type":"if","locations":[{"start":{"line":39,"column":6},"end":{"line":40,"column":null}},{"start":{},"end":{}}],"line":39},"2":{"loc":{"start":{"line":53,"column":4},"end":{"line":77,"column":null}},"type":"if","locations":[{"start":{"line":53,"column":4},"end":{"line":77,"column":null}},{"start":{"line":71,"column":15},"end":{"line":77,"column":null}}],"line":53},"3":{"loc":{"start":{"line":63,"column":8},"end":{"line":64,"column":null}},"type":"if","locations":[{"start":{"line":63,"column":8},"end":{"line":64,"column":null}},{"start":{},"end":{}}],"line":63},"4":{"loc":{"start":{"line":71,"column":15},"end":{"line":77,"column":null}},"type":"if","locations":[{"start":{"line":71,"column":15},"end":{"line":77,"column":null}},{"start":{},"end":{}}],"line":71},"5":{"loc":{"start":{"line":102,"column":11},"end":{"line":104,"column":null}},"type":"cond-expr","locations":[{"start":{"line":103,"column":14},"end":{"line":103,"column":null}},{"start":{"line":104,"column":14},"end":{"line":104,"column":null}}],"line":102},"6":{"loc":{"start":{"line":137,"column":9},"end":{"line":158,"column":null}},"type":"binary-expr","locations":[{"start":{"line":137,"column":9},"end":{"line":137,"column":null}},{"start":{"line":138,"column":10},"end":{"line":158,"column":null}}],"line":137},"7":{"loc":{"start":{"line":142,"column":14},"end":{"line":144,"column":null}},"type":"cond-expr","locations":[{"start":{"line":143,"column":18},"end":{"line":143,"column":null}},{"start":{"line":144,"column":18},"end":{"line":144,"column":null}}],"line":142},"8":{"loc":{"start":{"line":147,"column":56},"end":{"line":147,"column":127}},"type":"cond-expr","locations":[{"start":{"line":147,"column":84},"end":{"line":147,"column":105}},{"start":{"line":147,"column":105},"end":{"line":147,"column":127}}],"line":147},"9":{"loc":{"start":{"line":152,"column":15},"end":{"line":154,"column":null}},"type":"cond-expr","locations":[{"start":{"line":153,"column":18},"end":{"line":153,"column":null}},{"start":{"line":154,"column":18},"end":{"line":154,"column":null}}],"line":152},"10":{"loc":{"start":{"line":161,"column":9},"end":{"line":180,"column":null}},"type":"cond-expr","locations":[{"start":{"line":162,"column":10},"end":{"line":173,"column":11}},{"start":{"line":173,"column":10},"end":{"line":180,"column":null}}],"line":161},"11":{"loc":{"start":{"line":163,"column":24},"end":{"line":163,"column":58}},"type":"cond-expr","locations":[{"start":{"line":163,"column":38},"end":{"line":163,"column":53}},{"start":{"line":163,"column":56},"end":{"line":163,"column":58}}],"line":163},"12":{"loc":{"start":{"line":164,"column":22},"end":{"line":164,"column":56}},"type":"cond-expr","locations":[{"start":{"line":164,"column":36},"end":{"line":164,"column":51}},{"start":{"line":164,"column":54},"end":{"line":164,"column":56}}],"line":164}},"s":{"0":4,"1":4,"2":4,"3":4,"4":4,"5":4,"6":4,"7":4,"8":4,"9":4,"10":1,"11":0,"12":1,"13":1,"14":4,"15":0,"16":0,"17":0,"18":0,"19":0,"20":0,"21":0,"22":0,"23":0,"24":0,"25":0,"26":0,"27":0,"28":0,"29":0,"30":0,"31":0,"32":0,"33":0,"34":0,"35":0,"36":0,"37":0,"38":0,"39":4,"40":0,"41":0,"42":0,"43":4,"44":16,"45":2},"f":{"0":4,"1":4,"2":4,"3":1,"4":1,"5":0,"6":0,"7":0,"8":0,"9":0,"10":16},"b":{"0":[0,1],"1":[0,0],"2":[0,0],"3":[0,0],"4":[0,0],"5":[0,4],"6":[4,0],"7":[0,0],"8":[0,0],"9":[0,0],"10":[4,0],"11":[0,4],"12":[0,4]},"meta":{"lastBranch":13,"lastFunction":11,"lastStatement":46,"seen":{"f:12:9:12:14":0,"s:13:26:13:60":0,"s:14:22:14:55":1,"s:15:16:15:39":2,"s:16:10:16:47":3,"s:18:8:21:23":4,"f:18:19:18:33":1,"s:19:26:19:Infinity":5,"s:20:4:20:Infinity":6,"s:23:8:25:Infinity":7,"f:23:22:23:Infinity":2,"s:24:10:24:Infinity":8,"s:28:8:33:Infinity":9,"f:28:8:28:30":3,"b:29:4:29:Infinity:undefined:undefined:undefined:undefined":0,"s:29:4:29:Infinity":10,"s:29:21:29:Infinity":11,"s:30:4:33:Infinity":12,"f:30:4:30:24":4,"s:30:34:33:7":13,"s:36:8:77:Infinity":14,"f:36:8:36:29":5,"s:37:16:37:Infinity":15,"s:38:4:42:Infinity":16,"f:38:13:38:22":6,"b:39:6:40:Infinity:undefined:undefined:undefined:undefined":1,"s:39:6:40:Infinity":17,"s:40:8:40:Infinity":18,"s:44:4:44:Infinity":19,"s:45:4:45:Infinity":20,"s:46:4:46:Infinity":21,"s:49:4:49:Infinity":22,"s:50:4:50:Infinity":23,"b:53:4:77:Infinity:71:15:77:Infinity":2,"s:53:4:77:Infinity":24,"s:54:23:54:Infinity":25,"s:55:27:55:Infinity":26,"s:56:23:56:Infinity":27,"s:58:12:58:Infinity":28,"f:58:12:58:29":7,"s:58:42:58:Infinity":29,"s:60:23:70:13":30,"f:60:35:60:46":8,"s:61:25:61:50":31,"b:63:8:64:Infinity:undefined:undefined:undefined:undefined":3,"s:63:8:64:Infinity":32,"s:64:10:64:Infinity":33,"s:67:30:67:Infinity":34,"s:68:8:68:Infinity":35,"s:69:8:69:Infinity":36,"b:71:15:77:Infinity:undefined:undefined:undefined:undefined":4,"s:71:15:77:Infinity":37,"s:73:6:77:Infinity":38,"s:81:8:84:Infinity":39,"f:81:8:81:26":9,"s:82:4:82:Infinity":40,"s:83:4:83:Infinity":41,"s:84:4:84:Infinity":42,"s:87:2:186:Infinity":43,"b:103:14:103:Infinity:104:14:104:Infinity":5,"f:124:18:124:23":10,"s:125:10:132:Infinity":44,"b:137:9:137:Infinity:138:10:158:Infinity":6,"b:143:18:143:Infinity:144:18:144:Infinity":7,"b:147:84:147:105:147:105:147:127":8,"b:153:18:153:Infinity:154:18:154:Infinity":9,"b:162:10:173:11:173:10:180:Infinity":10,"b:163:38:163:53:163:56:163:58":11,"b:164:36:164:51:164:54:164:56":12,"s:191:0:193:Infinity":45}}}
,"/Users/anindyamukhopadhyay/Developer/JanVote/src/pages/Simulation.jsx": {"path":"/Users/anindyamukhopadhyay/Developer/JanVote/src/pages/Simulation.jsx","statementMap":{"0":{"start":{"line":8,"column":2},"end":{"line":31,"column":null}},"1":{"start":{"line":37,"column":0},"end":{"line":39,"column":null}}},"fnMap":{"0":{"name":"Simulation","decl":{"start":{"line":7,"column":9},"end":{"line":7,"column":20}},"loc":{"start":{"line":7,"column":37},"end":{"line":31,"column":null}},"line":7}},"branchMap":{"0":{"loc":{"start":{"line":23,"column":11},"end":{"line":25,"column":null}},"type":"cond-expr","locations":[{"start":{"line":24,"column":14},"end":{"line":24,"column":null}},{"start":{"line":25,"column":14},"end":{"line":25,"column":null}}],"line":23}},"s":{"0":1,"1":2},"f":{"0":1},"b":{"0":[0,1]},"meta":{"lastBranch":1,"lastFunction":1,"lastStatement":2,"seen":{"f:7:9:7:20":0,"s:8:2:31:Infinity":0,"b:24:14:24:Infinity:25:14:25:Infinity":0,"s:37:0:39:Infinity":1}}}
,"/Users/anindyamukhopadhyay/Developer/JanVote/src/pages/TimelinePage.jsx": {"path":"/Users/anindyamukhopadhyay/Developer/JanVote/src/pages/TimelinePage.jsx","statementMap":{"0":{"start":{"line":7,"column":10},"end":{"line":7,"column":44}},"1":{"start":{"line":9,"column":8},"end":{"line":12,"column":null}},"2":{"start":{"line":11,"column":4},"end":{"line":12,"column":null}},"3":{"start":{"line":12,"column":6},"end":{"line":12,"column":null}},"4":{"start":{"line":16,"column":2},"end":{"line":37,"column":null}}},"fnMap":{"0":{"name":"TimelinePage","decl":{"start":{"line":6,"column":9},"end":{"line":6,"column":22}},"loc":{"start":{"line":6,"column":39},"end":{"line":37,"column":null}},"line":6},"1":{"name":"(anonymous_1)","decl":{"start":{"line":9,"column":8},"end":{"line":9,"column":28}},"loc":{"start":{"line":9,"column":39},"end":{"line":12,"column":null}},"line":9}},"branchMap":{"0":{"loc":{"start":{"line":11,"column":4},"end":{"line":12,"column":null}},"type":"if","locations":[{"start":{"line":11,"column":4},"end":{"line":12,"column":null}},{"start":{},"end":{}}],"line":11},"1":{"loc":{"start":{"line":31,"column":11},"end":{"line":33,"column":null}},"type":"cond-expr","locations":[{"start":{"line":32,"column":14},"end":{"line":32,"column":null}},{"start":{"line":33,"column":14},"end":{"line":33,"column":null}}],"line":31}},"s":{"0":0,"1":0,"2":0,"3":0,"4":0},"f":{"0":0,"1":0},"b":{"0":[0,0],"1":[0,0]},"meta":{"lastBranch":2,"lastFunction":2,"lastStatement":5,"seen":{"f:6:9:6:22":0,"s:7:10:7:44":0,"s:9:8:12:Infinity":1,"f:9:8:9:28":1,"b:11:4:12:Infinity:undefined:undefined:undefined:undefined":0,"s:11:4:12:Infinity":2,"s:12:6:12:Infinity":3,"s:16:2:37:Infinity":4,"b:32:14:32:Infinity:33:14:33:Infinity":1}}}
,"/Users/anindyamukhopadhyay/Developer/JanVote/src/utils/security.js": {"path":"/Users/anindyamukhopadhyay/Developer/JanVote/src/utils/security.js","statementMap":{"0":{"start":{"line":10,"column":32},"end":{"line":10,"column":null}},"1":{"start":{"line":19,"column":2},"end":{"line":19,"column":null}},"2":{"start":{"line":19,"column":33},"end":{"line":19,"column":null}},"3":{"start":{"line":20,"column":18},"end":{"line":20,"column":30}},"4":{"start":{"line":21,"column":2},"end":{"line":22,"column":null}},"5":{"start":{"line":22,"column":4},"end":{"line":22,"column":null}},"6":{"start":{"line":24,"column":2},"end":{"line":24,"column":null}},"7":{"start":{"line":32,"column":21},"end":{"line":32,"column":23}},"8":{"start":{"line":34,"column":2},"end":{"line":44,"column":null}},"9":{"start":{"line":35,"column":16},"end":{"line":35,"column":26}},"10":{"start":{"line":37,"column":4},"end":{"line":38,"column":null}},"11":{"start":{"line":38,"column":6},"end":{"line":38,"column":null}},"12":{"start":{"line":40,"column":4},"end":{"line":41,"column":null}},"13":{"start":{"line":41,"column":6},"end":{"line":41,"column":null}},"14":{"start":{"line":43,"column":4},"end":{"line":43,"column":null}},"15":{"start":{"line":44,"column":4},"end":{"line":44,"column":null}},"16":{"start":{"line":55,"column":2},"end":{"line":55,"column":null}},"17":{"start":{"line":64,"column":14},"end":{"line":70,"column":null}},"18":{"start":{"line":71,"column":2},"end":{"line":71,"column":null}},"19":{"start":{"line":71,"column":43},"end":{"line":71,"column":53}}},"fnMap":{"0":{"name":"sanitizeInput","decl":{"start":{"line":18,"column":16},"end":{"line":18,"column":30}},"loc":{"start":{"line":18,"column":37},"end":{"line":24,"column":null}},"line":18},"1":{"name":"createRateLimiter","decl":{"start":{"line":31,"column":16},"end":{"line":31,"column":34}},"loc":{"start":{"line":31,"column":70},"end":{"line":44,"column":null}},"line":31},"2":{"name":"isAllowed","decl":{"start":{"line":34,"column":18},"end":{"line":34,"column":30}},"loc":{"start":{"line":34,"column":30},"end":{"line":44,"column":null}},"line":34},"3":{"name":"isNonEmptyString","decl":{"start":{"line":54,"column":16},"end":{"line":54,"column":33}},"loc":{"start":{"line":54,"column":40},"end":{"line":55,"column":null}},"line":54},"4":{"name":"escapeHtml","decl":{"start":{"line":63,"column":16},"end":{"line":63,"column":27}},"loc":{"start":{"line":63,"column":32},"end":{"line":71,"column":null}},"line":63},"5":{"name":"(anonymous_5)","decl":{"start":{"line":71,"column":21},"end":{"line":71,"column":34}},"loc":{"start":{"line":71,"column":43},"end":{"line":71,"column":53}},"line":71}},"branchMap":{"0":{"loc":{"start":{"line":19,"column":2},"end":{"line":19,"column":null}},"type":"if","locations":[{"start":{"line":19,"column":2},"end":{"line":19,"column":null}},{"start":{},"end":{}}],"line":19},"1":{"loc":{"start":{"line":21,"column":2},"end":{"line":22,"column":null}},"type":"if","locations":[{"start":{"line":21,"column":2},"end":{"line":22,"column":null}},{"start":{},"end":{}}],"line":21},"2":{"loc":{"start":{"line":31,"column":34},"end":{"line":31,"column":52}},"type":"default-arg","locations":[{"start":{"line":31,"column":48},"end":{"line":31,"column":52}}],"line":31},"3":{"loc":{"start":{"line":31,"column":52},"end":{"line":31,"column":70}},"type":"default-arg","locations":[{"start":{"line":31,"column":63},"end":{"line":31,"column":70}}],"line":31},"4":{"loc":{"start":{"line":37,"column":11},"end":{"line":37,"column":69}},"type":"binary-expr","locations":[{"start":{"line":37,"column":11},"end":{"line":37,"column":36}},{"start":{"line":37,"column":36},"end":{"line":37,"column":69}}],"line":37},"5":{"loc":{"start":{"line":40,"column":4},"end":{"line":41,"column":null}},"type":"if","locations":[{"start":{"line":40,"column":4},"end":{"line":41,"column":null}},{"start":{},"end":{}}],"line":40},"6":{"loc":{"start":{"line":55,"column":9},"end":{"line":55,"column":null}},"type":"binary-expr","locations":[{"start":{"line":55,"column":9},"end":{"line":55,"column":38}},{"start":{"line":55,"column":38},"end":{"line":55,"column":null}}],"line":55}},"s":{"0":3,"1":7,"2":3,"3":4,"4":4,"5":1,"6":3,"7":4,"8":4,"9":7,"10":7,"11":0,"12":7,"13":1,"14":6,"15":6,"16":5,"17":1,"18":1,"19":7},"f":{"0":7,"1":4,"2":7,"3":5,"4":1,"5":7},"b":{"0":[3,4],"1":[1,3],"2":[4],"3":[4],"4":[7,4],"5":[1,6],"6":[5,3]},"meta":{"lastBranch":7,"lastFunction":6,"lastStatement":20,"seen":{"s:10:32:10:Infinity":0,"f:18:16:18:30":0,"b:19:2:19:Infinity:undefined:undefined:undefined:undefined":0,"s:19:2:19:Infinity":1,"s:19:33:19:Infinity":2,"s:20:18:20:30":3,"b:21:2:22:Infinity:undefined:undefined:undefined:undefined":1,"s:21:2:22:Infinity":4,"s:22:4:22:Infinity":5,"s:24:2:24:Infinity":6,"f:31:16:31:34":1,"b:31:48:31:52":2,"b:31:63:31:70":3,"s:32:21:32:23":7,"s:34:2:44:Infinity":8,"f:34:18:34:30":2,"s:35:16:35:26":9,"s:37:4:38:Infinity":10,"b:37:11:37:36:37:36:37:69":4,"s:38:6:38:Infinity":11,"b:40:4:41:Infinity:undefined:undefined:undefined:undefined":5,"s:40:4:41:Infinity":12,"s:41:6:41:Infinity":13,"s:43:4:43:Infinity":14,"s:44:4:44:Infinity":15,"f:54:16:54:33":3,"s:55:2:55:Infinity":16,"b:55:9:55:38:55:38:55:Infinity":6,"f:63:16:63:27":4,"s:64:14:70:Infinity":17,"s:71:2:71:Infinity":18,"f:71:21:71:34":5,"s:71:43:71:53":19}}}
}
