{"/Users/anindyamukhopadhyay/Developer/JanVote/src/App.jsx": {"path":"/Users/anindyamukhopadhyay/Developer/JanVote/src/App.jsx","statementMap":{"0":{"start":{"line":13,"column":22},"end":{"line":13,"column":55}},"1":{"start":{"line":14,"column":21},"end":{"line":15,"column":null}},"2":{"start":{"line":15,"column":10},"end":{"line":15,"column":null}},"3":{"start":{"line":17,"column":8},"end":{"line":17,"column":32}},"4":{"start":{"line":20,"column":2},"end":{"line":22,"column":null}},"5":{"start":{"line":21,"column":4},"end":{"line":21,"column":null}},"6":{"start":{"line":24,"column":2},"end":{"line":27,"column":null}},"7":{"start":{"line":25,"column":4},"end":{"line":25,"column":null}},"8":{"start":{"line":26,"column":4},"end":{"line":26,"column":null}},"9":{"start":{"line":29,"column":2},"end":{"line":91,"column":null}},"10":{"start":{"line":45,"column":36},"end":{"line":45,"column":66}},"11":{"start":{"line":45,"column":60},"end":{"line":45,"column":66}},"12":{"start":{"line":46,"column":33},"end":{"line":46,"column":null}},"13":{"start":{"line":46,"column":58},"end":{"line":46,"column":null}}},"fnMap":{"0":{"name":"App","decl":{"start":{"line":12,"column":9},"end":{"line":12,"column":15}},"loc":{"start":{"line":12,"column":15},"end":{"line":91,"column":null}},"line":12},"1":{"name":"(anonymous_1)","decl":{"start":{"line":14,"column":38},"end":{"line":14,"column":null}},"loc":{"start":{"line":15,"column":10},"end":{"line":15,"column":null}},"line":15},"2":{"name":"(anonymous_2)","decl":{"start":{"line":20,"column":2},"end":{"line":20,"column":18}},"loc":{"start":{"line":20,"column":18},"end":{"line":22,"column":6}},"line":20},"3":{"name":"(anonymous_3)","decl":{"start":{"line":24,"column":2},"end":{"line":24,"column":18}},"loc":{"start":{"line":24,"column":18},"end":{"line":27,"column":6}},"line":24},"4":{"name":"(anonymous_4)","decl":{"start":{"line":45,"column":12},"end":{"line":45,"column":36}},"loc":{"start":{"line":45,"column":36},"end":{"line":45,"column":66}},"line":45},"5":{"name":"(anonymous_5)","decl":{"start":{"line":45,"column":36},"end":{"line":45,"column":51}},"loc":{"start":{"line":45,"column":60},"end":{"line":45,"column":66}},"line":45},"6":{"name":"(anonymous_6)","decl":{"start":{"line":46,"column":12},"end":{"line":46,"column":33}},"loc":{"start":{"line":46,"column":33},"end":{"line":46,"column":null}},"line":46},"7":{"name":"(anonymous_7)","decl":{"start":{"line":46,"column":33},"end":{"line":46,"column":49}},"loc":{"start":{"line":46,"column":58},"end":{"line":46,"column":null}},"line":46}},"branchMap":{},"s":{"0":2,"1":2,"2":2,"3":2,"4":2,"5":2,"6":2,"7":2,"8":2,"9":2,"10":0,"11":0,"12":0,"13":0},"f":{"0":2,"1":2,"2":2,"3":2,"4":0,"5":0,"6":0,"7":0},"b":{},"meta":{"lastBranch":0,"lastFunction":8,"lastStatement":14,"seen":{"f:12:9:12:15":0,"s:13:22:13:55":0,"s:14:21:15:Infinity":1,"f:14:38:14:Infinity":1,"s:15:10:15:Infinity":2,"s:17:8:17:32":3,"s:20:2:22:Infinity":4,"f:20:2:20:18":2,"s:21:4:21:Infinity":5,"s:24:2:27:Infinity":6,"f:24:2:24:18":3,"s:25:4:25:Infinity":7,"s:26:4:26:Infinity":8,"s:29:2:91:Infinity":9,"f:45:12:45:36":4,"s:45:36:45:66":10,"f:45:36:45:51":5,"s:45:60:45:66":11,"f:46:12:46:33":6,"s:46:33:46:Infinity":12,"f:46:33:46:49":7,"s:46:58:46:Infinity":13}}}
,"/Users/anindyamukhopadhyay/Developer/JanVote/src/firebase.js": {"path":"/Users/anindyamukhopadhyay/Developer/JanVote/src/firebase.js","statementMap":{"0":{"start":{"line":6,"column":23},"end":{"line":14,"column":null}},"1":{"start":{"line":16,"column":6},"end":{"line":16,"column":41}},"2":{"start":{"line":19,"column":16},"end":{"line":19,"column":null}},"3":{"start":{"line":20,"column":0},"end":{"line":24,"column":null}},"4":{"start":{"line":21,"column":2},"end":{"line":24,"column":null}},"5":{"start":{"line":22,"column":4},"end":{"line":22,"column":null}},"6":{"start":{"line":24,"column":4},"end":{"line":24,"column":null}},"7":{"start":{"line":29,"column":6},"end":{"line":29,"column":28}},"8":{"start":{"line":31,"column":13},"end":{"line":33,"column":null}},"9":{"start":{"line":32,"column":2},"end":{"line":33,"column":null}},"10":{"start":{"line":33,"column":4},"end":{"line":33,"column":null}},"11":{"start":{"line":37,"column":29},"end":{"line":46,"column":null}},"12":{"start":{"line":38,"column":2},"end":{"line":46,"column":null}},"13":{"start":{"line":41,"column":4},"end":{"line":44,"column":null}},"14":{"start":{"line":46,"column":4},"end":{"line":46,"column":null}}},"fnMap":{"0":{"name":"(anonymous_0)","decl":{"start":{"line":31,"column":13},"end":{"line":31,"column":28}},"loc":{"start":{"line":31,"column":41},"end":{"line":33,"column":null}},"line":31},"1":{"name":"(anonymous_1)","decl":{"start":{"line":37,"column":29},"end":{"line":37,"column":36}},"loc":{"start":{"line":37,"column":50},"end":{"line":46,"column":null}},"line":37}},"branchMap":{"0":{"loc":{"start":{"line":20,"column":0},"end":{"line":24,"column":null}},"type":"if","locations":[{"start":{"line":20,"column":0},"end":{"line":24,"column":null}},{"start":{},"end":{}}],"line":20},"1":{"loc":{"start":{"line":32,"column":2},"end":{"line":33,"column":null}},"type":"if","locations":[{"start":{"line":32,"column":2},"end":{"line":33,"column":null}},{"start":{},"end":{}}],"line":32}},"s":{"0":1,"1":1,"2":1,"3":1,"4":1,"5":1,"6":0,"7":1,"8":1,"9":2,"10":2,"11":1,"12":0,"13":0,"14":0},"f":{"0":2,"1":0},"b":{"0":[1,0],"1":[2,0]},"meta":{"lastBranch":2,"lastFunction":2,"lastStatement":15,"seen":{"s:6:23:14:Infinity":0,"s:16:6:16:41":1,"s:19:16:19:Infinity":2,"b:20:0:24:Infinity:undefined:undefined:undefined:undefined":0,"s:20:0:24:Infinity":3,"s:21:2:24:Infinity":4,"s:22:4:22:Infinity":5,"s:24:4:24:Infinity":6,"s:29:6:29:28":7,"s:31:13:33:Infinity":8,"f:31:13:31:28":0,"b:32:2:33:Infinity:undefined:undefined:undefined:undefined":1,"s:32:2:33:Infinity":9,"s:33:4:33:Infinity":10,"s:37:29:46:Infinity":11,"f:37:29:37:36":1,"s:38:2:46:Infinity":12,"s:41:4:44:Infinity":13,"s:46:4:46:Infinity":14}}}
,"/Users/anindyamukhopadhyay/Developer/JanVote/src/components/ChatBox.jsx": {"path":"/Users/anindyamukhopadhyay/Developer/JanVote/src/components/ChatBox.jsx","statementMap":{"0":{"start":{"line":10,"column":17},"end":{"line":10,"column":88}},"1":{"start":{"line":14,"column":24},"end":{"line":14,"column":56}},"2":{"start":{"line":16,"column":2},"end":{"line":26,"column":null}},"3":{"start":{"line":17,"column":12},"end":{"line":17,"column":null}},"4":{"start":{"line":18,"column":4},"end":{"line":18,"column":null}},"5":{"start":{"line":19,"column":21},"end":{"line":23,"column":10}},"6":{"start":{"line":20,"column":6},"end":{"line":20,"column":null}},"7":{"start":{"line":20,"column":33},"end":{"line":20,"column":54}},"8":{"start":{"line":21,"column":6},"end":{"line":21,"column":null}},"9":{"start":{"line":22,"column":6},"end":{"line":22,"column":null}},"10":{"start":{"line":22,"column":28},"end":{"line":22,"column":null}},"11":{"start":{"line":25,"column":4},"end":{"line":25,"column":null}},"12":{"start":{"line":25,"column":17},"end":{"line":25,"column":40}},"13":{"start":{"line":28,"column":2},"end":{"line":28,"column":null}},"14":{"start":{"line":32,"column":16},"end":{"line":32,"column":40}},"15":{"start":{"line":33,"column":19},"end":{"line":33,"column":49}},"16":{"start":{"line":34,"column":10},"end":{"line":34,"column":46}},"17":{"start":{"line":35,"column":19},"end":{"line":44,"column":4}},"18":{"start":{"line":45,"column":8},"end":{"line":45,"column":39}},"19":{"start":{"line":47,"column":2},"end":{"line":49,"column":null}},"20":{"start":{"line":48,"column":4},"end":{"line":48,"column":null}},"21":{"start":{"line":51,"column":22},"end":{"line":75,"column":null}},"22":{"start":{"line":52,"column":4},"end":{"line":75,"column":null}},"23":{"start":{"line":55,"column":28},"end":{"line":57,"column":null}},"24":{"start":{"line":59,"column":23},"end":{"line":62,"column":8}},"25":{"start":{"line":63,"column":6},"end":{"line":63,"column":null}},"26":{"start":{"line":66,"column":6},"end":{"line":73,"column":null}},"27":{"start":{"line":67,"column":8},"end":{"line":69,"column":null}},"28":{"start":{"line":70,"column":17},"end":{"line":73,"column":null}},"29":{"start":{"line":71,"column":8},"end":{"line":73,"column":null}},"30":{"start":{"line":75,"column":6},"end":{"line":75,"column":null}},"31":{"start":{"line":79,"column":22},"end":{"line":111,"column":null}},"32":{"start":{"line":80,"column":20},"end":{"line":80,"column":null}},"33":{"start":{"line":82,"column":20},"end":{"line":82,"column":54}},"34":{"start":{"line":84,"column":4},"end":{"line":84,"column":null}},"35":{"start":{"line":84,"column":18},"end":{"line":84,"column":null}},"36":{"start":{"line":86,"column":24},"end":{"line":91,"column":null}},"37":{"start":{"line":93,"column":4},"end":{"line":93,"column":null}},"38":{"start":{"line":93,"column":26},"end":{"line":93,"column":48}},"39":{"start":{"line":94,"column":4},"end":{"line":94,"column":null}},"40":{"start":{"line":95,"column":4},"end":{"line":95,"column":null}},"41":{"start":{"line":96,"column":4},"end":{"line":96,"column":null}},"42":{"start":{"line":99,"column":20},"end":{"line":99,"column":46}},"43":{"start":{"line":101,"column":29},"end":{"line":101,"column":56}},"44":{"start":{"line":103,"column":23},"end":{"line":108,"column":null}},"45":{"start":{"line":110,"column":4},"end":{"line":110,"column":null}},"46":{"start":{"line":111,"column":4},"end":{"line":111,"column":null}},"47":{"start":{"line":111,"column":26},"end":{"line":111,"column":47}},"48":{"start":{"line":114,"column":2},"end":{"line":205,"column":null}},"49":{"start":{"line":121,"column":25},"end":{"line":121,"column":58}},"50":{"start":{"line":128,"column":25},"end":{"line":128,"column":52}},"51":{"start":{"line":140,"column":14},"end":{"line":161,"column":null}},"52":{"start":{"line":191,"column":31},"end":{"line":191,"column":59}},"53":{"start":{"line":193,"column":12},"end":{"line":193,"column":null}},"54":{"start":{"line":193,"column":39},"end":{"line":193,"column":null}},"55":{"start":{"line":200,"column":25},"end":{"line":200,"column":38}}},"fnMap":{"0":{"name":"StreamingMessage","decl":{"start":{"line":13,"column":9},"end":{"line":13,"column":26}},"loc":{"start":{"line":13,"column":36},"end":{"line":28,"column":null}},"line":13},"1":{"name":"(anonymous_1)","decl":{"start":{"line":16,"column":2},"end":{"line":16,"column":18}},"loc":{"start":{"line":16,"column":18},"end":{"line":26,"column":6}},"line":16},"2":{"name":"(anonymous_2)","decl":{"start":{"line":19,"column":21},"end":{"line":19,"column":39}},"loc":{"start":{"line":19,"column":39},"end":{"line":23,"column":10}},"line":19},"3":{"name":"(anonymous_3)","decl":{"start":{"line":20,"column":6},"end":{"line":20,"column":24}},"loc":{"start":{"line":20,"column":33},"end":{"line":20,"column":54}},"line":20},"4":{"name":"(anonymous_4)","decl":{"start":{"line":25,"column":4},"end":{"line":25,"column":17}},"loc":{"start":{"line":25,"column":17},"end":{"line":25,"column":40}},"line":25},"5":{"name":"ChatBox","decl":{"start":{"line":31,"column":9},"end":{"line":31,"column":17}},"loc":{"start":{"line":31,"column":34},"end":{"line":205,"column":null}},"line":31},"6":{"name":"(anonymous_6)","decl":{"start":{"line":47,"column":2},"end":{"line":47,"column":18}},"loc":{"start":{"line":47,"column":18},"end":{"line":49,"column":6}},"line":47},"7":{"name":"(anonymous_7)","decl":{"start":{"line":51,"column":22},"end":{"line":51,"column":29}},"loc":{"start":{"line":51,"column":46},"end":{"line":75,"column":null}},"line":51},"8":{"name":"(anonymous_8)","decl":{"start":{"line":79,"column":22},"end":{"line":79,"column":29}},"loc":{"start":{"line":79,"column":42},"end":{"line":111,"column":null}},"line":79},"9":{"name":"(anonymous_9)","decl":{"start":{"line":93,"column":4},"end":{"line":93,"column":17}},"loc":{"start":{"line":93,"column":26},"end":{"line":93,"column":48}},"line":93},"10":{"name":"(anonymous_10)","decl":{"start":{"line":111,"column":4},"end":{"line":111,"column":17}},"loc":{"start":{"line":111,"column":26},"end":{"line":111,"column":47}},"line":111},"11":{"name":"(anonymous_11)","decl":{"start":{"line":121,"column":10},"end":{"line":121,"column":25}},"loc":{"start":{"line":121,"column":25},"end":{"line":121,"column":58}},"line":121},"12":{"name":"(anonymous_12)","decl":{"start":{"line":128,"column":10},"end":{"line":128,"column":25}},"loc":{"start":{"line":128,"column":25},"end":{"line":128,"column":52}},"line":128},"13":{"name":"(anonymous_13)","decl":{"start":{"line":139,"column":22},"end":{"line":139,"column":27}},"loc":{"start":{"line":140,"column":14},"end":{"line":161,"column":null}},"line":140},"14":{"name":"(anonymous_14)","decl":{"start":{"line":191,"column":10},"end":{"line":191,"column":21}},"loc":{"start":{"line":191,"column":31},"end":{"line":191,"column":59}},"line":191},"15":{"name":"(anonymous_15)","decl":{"start":{"line":192,"column":10},"end":{"line":192,"column":22}},"loc":{"start":{"line":192,"column":32},"end":{"line":193,"column":null}},"line":192},"16":{"name":"(anonymous_16)","decl":{"start":{"line":200,"column":10},"end":{"line":200,"column":25}},"loc":{"start":{"line":200,"column":25},"end":{"line":200,"column":38}},"line":200}},"branchMap":{"0":{"loc":{"start":{"line":22,"column":6},"end":{"line":22,"column":null}},"type":"if","locations":[{"start":{"line":22,"column":6},"end":{"line":22,"column":null}},{"start":{},"end":{}}],"line":22},"1":{"loc":{"start":{"line":39,"column":12},"end":{"line":41,"column":null}},"type":"cond-expr","locations":[{"start":{"line":40,"column":10},"end":{"line":40,"column":null}},{"start":{"line":41,"column":10},"end":{"line":41,"column":null}}],"line":39},"2":{"loc":{"start":{"line":55,"column":28},"end":{"line":57,"column":null}},"type":"cond-expr","locations":[{"start":{"line":56,"column":10},"end":{"line":56,"column":null}},{"start":{"line":57,"column":10},"end":{"line":57,"column":null}}],"line":55},"3":{"loc":{"start":{"line":66,"column":6},"end":{"line":73,"column":null}},"type":"if","locations":[{"start":{"line":66,"column":6},"end":{"line":73,"column":null}},{"start":{"line":70,"column":17},"end":{"line":73,"column":null}}],"line":66},"4":{"loc":{"start":{"line":67,"column":15},"end":{"line":69,"column":null}},"type":"cond-expr","locations":[{"start":{"line":68,"column":12},"end":{"line":68,"column":null}},{"start":{"line":69,"column":12},"end":{"line":69,"column":null}}],"line":67},"5":{"loc":{"start":{"line":70,"column":17},"end":{"line":73,"column":null}},"type":"if","locations":[{"start":{"line":70,"column":17},"end":{"line":73,"column":null}},{"start":{},"end":{}}],"line":70},"6":{"loc":{"start":{"line":71,"column":15},"end":{"line":73,"column":null}},"type":"cond-expr","locations":[{"start":{"line":72,"column":12},"end":{"line":72,"column":null}},{"start":{"line":73,"column":12},"end":{"line":73,"column":null}}],"line":71},"7":{"loc":{"start":{"line":80,"column":20},"end":{"line":80,"column":null}},"type":"binary-expr","locations":[{"start":{"line":80,"column":20},"end":{"line":80,"column":32}},{"start":{"line":80,"column":32},"end":{"line":80,"column":null}}],"line":80},"8":{"loc":{"start":{"line":84,"column":4},"end":{"line":84,"column":null}},"type":"if","locations":[{"start":{"line":84,"column":4},"end":{"line":84,"column":null}},{"start":{},"end":{}}],"line":84},"9":{"loc":{"start":{"line":144,"column":53},"end":{"line":144,"column":null}},"type":"cond-expr","locations":[{"start":{"line":144,"column":81},"end":{"line":144,"column":110}},{"start":{"line":144,"column":110},"end":{"line":144,"column":null}}],"line":144},"10":{"loc":{"start":{"line":146,"column":108},"end":{"line":146,"column":null}},"type":"cond-expr","locations":[{"start":{"line":146,"column":136},"end":{"line":146,"column":188}},{"start":{"line":146,"column":188},"end":{"line":146,"column":null}}],"line":146},"11":{"loc":{"start":{"line":147,"column":19},"end":{"line":147,"column":null}},"type":"cond-expr","locations":[{"start":{"line":147,"column":47},"end":{"line":147,"column":90}},{"start":{"line":147,"column":89},"end":{"line":147,"column":null}}],"line":147},"12":{"loc":{"start":{"line":151,"column":18},"end":{"line":153,"column":null}},"type":"cond-expr","locations":[{"start":{"line":152,"column":22},"end":{"line":152,"column":null}},{"start":{"line":153,"column":22},"end":{"line":153,"column":null}}],"line":151},"13":{"loc":{"start":{"line":155,"column":19},"end":{"line":158,"column":null}},"type":"cond-expr","locations":[{"start":{"line":156,"column":20},"end":{"line":158,"column":28}},{"start":{"line":158,"column":20},"end":{"line":158,"column":null}}],"line":155},"14":{"loc":{"start":{"line":155,"column":19},"end":{"line":155,"column":null}},"type":"binary-expr","locations":[{"start":{"line":155,"column":19},"end":{"line":155,"column":47}},{"start":{"line":155,"column":47},"end":{"line":155,"column":null}}],"line":155},"15":{"loc":{"start":{"line":165,"column":11},"end":{"line":177,"column":null}},"type":"binary-expr","locations":[{"start":{"line":165,"column":11},"end":{"line":165,"column":null}},{"start":{"line":166,"column":12},"end":{"line":177,"column":null}}],"line":165},"16":{"loc":{"start":{"line":193,"column":12},"end":{"line":193,"column":null}},"type":"if","locations":[{"start":{"line":193,"column":12},"end":{"line":193,"column":null}},{"start":{},"end":{}}],"line":193}},"s":{"0":2,"1":0,"2":0,"3":0,"4":0,"5":0,"6":0,"7":0,"8":0,"9":0,"10":0,"11":0,"12":0,"13":0,"14":4,"15":4,"16":4,"17":4,"18":4,"19":4,"20":4,"21":4,"22":1,"23":1,"24":1,"25":0,"26":0,"27":0,"28":0,"29":0,"30":0,"31":4,"32":1,"33":1,"34":1,"35":0,"36":1,"37":1,"38":1,"39":1,"40":1,"41":1,"42":1,"43":0,"44":0,"45":0,"46":0,"47":0,"48":4,"49":1,"50":0,"51":5,"52":0,"53":0,"54":0,"55":0},"f":{"0":0,"1":0,"2":0,"3":0,"4":0,"5":4,"6":4,"7":1,"8":1,"9":1,"10":0,"11":1,"12":0,"13":5,"14":0,"15":0,"16":0},"b":{"0":[0,0],"1":[0,4],"2":[0,1],"3":[0,0],"4":[0,0],"5":[0,0],"6":[0,0],"7":[1,0],"8":[0,1],"9":[1,4],"10":[1,4],"11":[1,4],"12":[1,4],"13":[0,5],"14":[5,4],"15":[4,1],"16":[0,0]},"meta":{"lastBranch":17,"lastFunction":17,"lastStatement":56,"seen":{"s:10:17:10:88":0,"f:13:9:13:26":0,"s:14:24:14:56":1,"s:16:2:26:Infinity":2,"f:16:2:16:18":1,"s:17:12:17:Infinity":3,"s:18:4:18:Infinity":4,"s:19:21:23:10":5,"f:19:21:19:39":2,"s:20:6:20:Infinity":6,"f:20:6:20:24":3,"s:20:33:20:54":7,"s:21:6:21:Infinity":8,"b:22:6:22:Infinity:undefined:undefined:undefined:undefined":0,"s:22:6:22:Infinity":9,"s:22:28:22:Infinity":10,"s:25:4:25:Infinity":11,"f:25:4:25:17":4,"s:25:17:25:40":12,"s:28:2:28:Infinity":13,"f:31:9:31:17":5,"s:32:16:32:40":14,"s:33:19:33:49":15,"s:34:10:34:46":16,"s:35:19:44:4":17,"b:40:10:40:Infinity:41:10:41:Infinity":1,"s:45:8:45:39":18,"s:47:2:49:Infinity":19,"f:47:2:47:18":6,"s:48:4:48:Infinity":20,"s:51:22:75:Infinity":21,"f:51:22:51:29":7,"s:52:4:75:Infinity":22,"s:55:28:57:Infinity":23,"b:56:10:56:Infinity:57:10:57:Infinity":2,"s:59:23:62:8":24,"s:63:6:63:Infinity":25,"b:66:6:73:Infinity:70:17:73:Infinity":3,"s:66:6:73:Infinity":26,"s:67:8:69:Infinity":27,"b:68:12:68:Infinity:69:12:69:Infinity":4,"b:70:17:73:Infinity:undefined:undefined:undefined:undefined":5,"s:70:17:73:Infinity":28,"s:71:8:73:Infinity":29,"b:72:12:72:Infinity:73:12:73:Infinity":6,"s:75:6:75:Infinity":30,"s:79:22:111:Infinity":31,"f:79:22:79:29":8,"s:80:20:80:Infinity":32,"b:80:20:80:32:80:32:80:Infinity":7,"s:82:20:82:54":33,"b:84:4:84:Infinity:undefined:undefined:undefined:undefined":8,"s:84:4:84:Infinity":34,"s:84:18:84:Infinity":35,"s:86:24:91:Infinity":36,"s:93:4:93:Infinity":37,"f:93:4:93:17":9,"s:93:26:93:48":38,"s:94:4:94:Infinity":39,"s:95:4:95:Infinity":40,"s:96:4:96:Infinity":41,"s:99:20:99:46":42,"s:101:29:101:56":43,"s:103:23:108:Infinity":44,"s:110:4:110:Infinity":45,"s:111:4:111:Infinity":46,"f:111:4:111:17":10,"s:111:26:111:47":47,"s:114:2:205:Infinity":48,"f:121:10:121:25":11,"s:121:25:121:58":49,"f:128:10:128:25":12,"s:128:25:128:52":50,"f:139:22:139:27":13,"s:140:14:161:Infinity":51,"b:144:81:144:110:144:110:144:Infinity":9,"b:146:136:146:188:146:188:146:Infinity":10,"b:147:47:147:90:147:89:147:Infinity":11,"b:152:22:152:Infinity:153:22:153:Infinity":12,"b:156:20:158:28:158:20:158:Infinity":13,"b:155:19:155:47:155:47:155:Infinity":14,"b:165:11:165:Infinity:166:12:177:Infinity":15,"f:191:10:191:21":14,"s:191:31:191:59":52,"f:192:10:192:22":15,"b:193:12:193:Infinity:undefined:undefined:undefined:undefined":16,"s:193:12:193:Infinity":53,"s:193:39:193:Infinity":54,"f:200:10:200:25":16,"s:200:25:200:38":55}}}
,"/Users/anindyamukhopadhyay/Developer/JanVote/src/components/MockElection.jsx": {"path":"/Users/anindyamukhopadhyay/Developer/JanVote/src/components/MockElection.jsx","statementMap":{"0":{"start":{"line":7,"column":16},"end":{"line":12,"column":null}},"1":{"start":{"line":15,"column":19},"end":{"line":15,"column":49}},"2":{"start":{"line":16,"column":24},"end":{"line":16,"column":58}},"3":{"start":{"line":17,"column":16},"end":{"line":17,"column":86}},"4":{"start":{"line":18,"column":21},"end":{"line":18,"column":53}},"5":{"start":{"line":19,"column":21},"end":{"line":19,"column":54}},"6":{"start":{"line":21,"column":21},"end":{"line":21,"column":68}},"7":{"start":{"line":21,"column":59},"end":{"line":21,"column":66}},"8":{"start":{"line":24,"column":2},"end":{"line":51,"column":null}},"9":{"start":{"line":25,"column":4},"end":{"line":48,"column":null}},"10":{"start":{"line":26,"column":23},"end":{"line":37,"column":13}},"11":{"start":{"line":27,"column":8},"end":{"line":36,"column":null}},"12":{"start":{"line":29,"column":27},"end":{"line":29,"column":38}},"13":{"start":{"line":30,"column":10},"end":{"line":34,"column":null}},"14":{"start":{"line":31,"column":12},"end":{"line":32,"column":null}},"15":{"start":{"line":32,"column":14},"end":{"line":32,"column":null}},"16":{"start":{"line":35,"column":10},"end":{"line":35,"column":null}},"17":{"start":{"line":40,"column":22},"end":{"line":44,"column":15}},"18":{"start":{"line":41,"column":8},"end":{"line":41,"column":null}},"19":{"start":{"line":42,"column":8},"end":{"line":42,"column":null}},"20":{"start":{"line":43,"column":8},"end":{"line":43,"column":null}},"21":{"start":{"line":46,"column":6},"end":{"line":48,"column":null}},"22":{"start":{"line":47,"column":8},"end":{"line":47,"column":null}},"23":{"start":{"line":48,"column":8},"end":{"line":48,"column":null}},"24":{"start":{"line":53,"column":8},"end":{"line":55,"column":null}},"25":{"start":{"line":54,"column":4},"end":{"line":54,"column":null}},"26":{"start":{"line":55,"column":4},"end":{"line":55,"column":null}},"27":{"start":{"line":58,"column":8},"end":{"line":63,"column":null}},"28":{"start":{"line":59,"column":4},"end":{"line":59,"column":null}},"29":{"start":{"line":59,"column":24},"end":{"line":59,"column":null}},"30":{"start":{"line":60,"column":4},"end":{"line":60,"column":null}},"31":{"start":{"line":61,"column":4},"end":{"line":61,"column":null}},"32":{"start":{"line":61,"column":22},"end":{"line":61,"column":77}},"33":{"start":{"line":62,"column":4},"end":{"line":62,"column":null}},"34":{"start":{"line":63,"column":4},"end":{"line":63,"column":null}},"35":{"start":{"line":66,"column":2},"end":{"line":190,"column":null}},"36":{"start":{"line":94,"column":16},"end":{"line":117,"column":null}},"37":{"start":{"line":98,"column":33},"end":{"line":98,"column":53}},"38":{"start":{"line":159,"column":38},"end":{"line":159,"column":64}},"39":{"start":{"line":160,"column":37},"end":{"line":160,"column":null}},"40":{"start":{"line":162,"column":16},"end":{"line":180,"column":null}}},"fnMap":{"0":{"name":"MockElection","decl":{"start":{"line":14,"column":9},"end":{"line":14,"column":24}},"loc":{"start":{"line":14,"column":24},"end":{"line":190,"column":null}},"line":14},"1":{"name":"(anonymous_1)","decl":{"start":{"line":21,"column":42},"end":{"line":21,"column":50}},"loc":{"start":{"line":21,"column":59},"end":{"line":21,"column":66}},"line":21},"2":{"name":"(anonymous_2)","decl":{"start":{"line":24,"column":2},"end":{"line":24,"column":18}},"loc":{"start":{"line":24,"column":18},"end":{"line":51,"column":6}},"line":24},"3":{"name":"(anonymous_3)","decl":{"start":{"line":26,"column":23},"end":{"line":26,"column":41}},"loc":{"start":{"line":26,"column":41},"end":{"line":37,"column":13}},"line":26},"4":{"name":"(anonymous_4)","decl":{"start":{"line":27,"column":8},"end":{"line":27,"column":17}},"loc":{"start":{"line":27,"column":25},"end":{"line":36,"column":null}},"line":27},"5":{"name":"(anonymous_5)","decl":{"start":{"line":30,"column":18},"end":{"line":30,"column":26}},"loc":{"start":{"line":30,"column":35},"end":{"line":34,"column":null}},"line":30},"6":{"name":"(anonymous_6)","decl":{"start":{"line":40,"column":22},"end":{"line":40,"column":39}},"loc":{"start":{"line":40,"column":39},"end":{"line":44,"column":15}},"line":40},"7":{"name":"(anonymous_7)","decl":{"start":{"line":46,"column":6},"end":{"line":46,"column":19}},"loc":{"start":{"line":46,"column":19},"end":{"line":48,"column":null}},"line":46},"8":{"name":"(anonymous_8)","decl":{"start":{"line":53,"column":8},"end":{"line":53,"column":22}},"loc":{"start":{"line":53,"column":34},"end":{"line":55,"column":null}},"line":53},"9":{"name":"(anonymous_9)","decl":{"start":{"line":58,"column":8},"end":{"line":58,"column":27}},"loc":{"start":{"line":58,"column":27},"end":{"line":63,"column":null}},"line":58},"10":{"name":"(anonymous_10)","decl":{"start":{"line":61,"column":4},"end":{"line":61,"column":13}},"loc":{"start":{"line":61,"column":22},"end":{"line":61,"column":77}},"line":61},"11":{"name":"(anonymous_11)","decl":{"start":{"line":93,"column":23},"end":{"line":93,"column":27}},"loc":{"start":{"line":94,"column":16},"end":{"line":117,"column":null}},"line":94},"12":{"name":"(anonymous_12)","decl":{"start":{"line":98,"column":18},"end":{"line":98,"column":33}},"loc":{"start":{"line":98,"column":33},"end":{"line":98,"column":53}},"line":98},"13":{"name":"(anonymous_13)","decl":{"start":{"line":159,"column":23},"end":{"line":159,"column":29}},"loc":{"start":{"line":159,"column":38},"end":{"line":159,"column":64}},"line":159},"14":{"name":"(anonymous_14)","decl":{"start":{"line":159,"column":65},"end":{"line":159,"column":70}},"loc":{"start":{"line":159,"column":80},"end":{"line":180,"column":null}},"line":159}},"branchMap":{"0":{"loc":{"start":{"line":25,"column":4},"end":{"line":48,"column":null}},"type":"if","locations":[{"start":{"line":25,"column":4},"end":{"line":48,"column":null}},{"start":{},"end":{}}],"line":25},"1":{"loc":{"start":{"line":31,"column":12},"end":{"line":32,"column":null}},"type":"if","locations":[{"start":{"line":31,"column":12},"end":{"line":32,"column":null}},{"start":{},"end":{}}],"line":31},"2":{"loc":{"start":{"line":59,"column":4},"end":{"line":59,"column":null}},"type":"if","locations":[{"start":{"line":59,"column":4},"end":{"line":59,"column":null}},{"start":{},"end":{}}],"line":59},"3":{"loc":{"start":{"line":79,"column":9},"end":{"line":135,"column":null}},"type":"cond-expr","locations":[{"start":{"line":80,"column":10},"end":{"line":132,"column":null}},{"start":{"line":134,"column":10},"end":{"line":135,"column":null}}],"line":79},"4":{"loc":{"start":{"line":100,"column":20},"end":{"line":102,"column":null}},"type":"cond-expr","locations":[{"start":{"line":101,"column":24},"end":{"line":101,"column":null}},{"start":{"line":102,"column":24},"end":{"line":102,"column":null}}],"line":100},"5":{"loc":{"start":{"line":113,"column":20},"end":{"line":113,"column":null}},"type":"cond-expr","locations":[{"start":{"line":113,"column":49},"end":{"line":113,"column":83}},{"start":{"line":113,"column":83},"end":{"line":113,"column":null}}],"line":113},"6":{"loc":{"start":{"line":115,"column":21},"end":{"line":115,"column":null}},"type":"binary-expr","locations":[{"start":{"line":115,"column":21},"end":{"line":115,"column":51}},{"start":{"line":115,"column":51},"end":{"line":115,"column":null}}],"line":115},"7":{"loc":{"start":{"line":123,"column":28},"end":{"line":123,"column":64}},"type":"cond-expr","locations":[{"start":{"line":123,"column":44},"end":{"line":123,"column":59}},{"start":{"line":123,"column":62},"end":{"line":123,"column":64}}],"line":123},"8":{"loc":{"start":{"line":124,"column":26},"end":{"line":124,"column":62}},"type":"cond-expr","locations":[{"start":{"line":124,"column":42},"end":{"line":124,"column":57}},{"start":{"line":124,"column":60},"end":{"line":124,"column":62}}],"line":124},"9":{"loc":{"start":{"line":147,"column":15},"end":{"line":153,"column":null}},"type":"cond-expr","locations":[{"start":{"line":148,"column":16},"end":{"line":152,"column":17}},{"start":{"line":152,"column":16},"end":{"line":153,"column":null}}],"line":147},"10":{"loc":{"start":{"line":160,"column":37},"end":{"line":160,"column":null}},"type":"binary-expr","locations":[{"start":{"line":160,"column":37},"end":{"line":160,"column":77}},{"start":{"line":160,"column":77},"end":{"line":160,"column":null}}],"line":160}},"s":{"0":1,"1":0,"2":0,"3":0,"4":0,"5":0,"6":0,"7":0,"8":0,"9":0,"10":0,"11":0,"12":0,"13":0,"14":0,"15":0,"16":0,"17":0,"18":0,"19":0,"20":0,"21":0,"22":0,"23":0,"24":0,"25":0,"26":0,"27":0,"28":0,"29":0,"30":0,"31":0,"32":0,"33":0,"34":0,"35":0,"36":0,"37":0,"38":0,"39":0,"40":0},"f":{"0":0,"1":0,"2":0,"3":0,"4":0,"5":0,"6":0,"7":0,"8":0,"9":0,"10":0,"11":0,"12":0,"13":0,"14":0},"b":{"0":[0,0],"1":[0,0],"2":[0,0],"3":[0,0],"4":[0,0],"5":[0,0],"6":[0,0],"7":[0,0],"8":[0,0],"9":[0,0],"10":[0,0]},"meta":{"lastBranch":11,"lastFunction":15,"lastStatement":41,"seen":{"s:7:16:12:Infinity":0,"f:14:9:14:24":0,"s:15:19:15:49":1,"s:16:24:16:58":2,"s:17:16:17:86":3,"s:18:21:18:53":4,"s:19:21:19:54":5,"s:21:21:21:68":6,"f:21:42:21:50":1,"s:21:59:21:66":7,"s:24:2:51:Infinity":8,"f:24:2:24:18":2,"b:25:4:48:Infinity:undefined:undefined:undefined:undefined":0,"s:25:4:48:Infinity":9,"s:26:23:37:13":10,"f:26:23:26:41":3,"s:27:8:36:Infinity":11,"f:27:8:27:17":4,"s:29:27:29:38":12,"s:30:10:34:Infinity":13,"f:30:18:30:26":5,"b:31:12:32:Infinity:undefined:undefined:undefined:undefined":1,"s:31:12:32:Infinity":14,"s:32:14:32:Infinity":15,"s:35:10:35:Infinity":16,"s:40:22:44:15":17,"f:40:22:40:39":6,"s:41:8:41:Infinity":18,"s:42:8:42:Infinity":19,"s:43:8:43:Infinity":20,"s:46:6:48:Infinity":21,"f:46:6:46:19":7,"s:47:8:47:Infinity":22,"s:48:8:48:Infinity":23,"s:53:8:55:Infinity":24,"f:53:8:53:22":8,"s:54:4:54:Infinity":25,"s:55:4:55:Infinity":26,"s:58:8:63:Infinity":27,"f:58:8:58:27":9,"b:59:4:59:Infinity:undefined:undefined:undefined:undefined":2,"s:59:4:59:Infinity":28,"s:59:24:59:Infinity":29,"s:60:4:60:Infinity":30,"s:61:4:61:Infinity":31,"f:61:4:61:13":10,"s:61:22:61:77":32,"s:62:4:62:Infinity":33,"s:63:4:63:Infinity":34,"s:66:2:190:Infinity":35,"b:80:10:132:Infinity:134:10:135:Infinity":3,"f:93:23:93:27":11,"s:94:16:117:Infinity":36,"f:98:18:98:33":12,"s:98:33:98:53":37,"b:101:24:101:Infinity:102:24:102:Infinity":4,"b:113:49:113:83:113:83:113:Infinity":5,"b:115:21:115:51:115:51:115:Infinity":6,"b:123:44:123:59:123:62:123:64":7,"b:124:42:124:57:124:60:124:62":8,"b:148:16:152:17:152:16:153:Infinity":9,"f:159:23:159:29":13,"s:159:38:159:64":38,"f:159:65:159:70":14,"s:160:37:160:Infinity":39,"b:160:37:160:77:160:77:160:Infinity":10,"s:162:16:180:Infinity":40}}}
,"/Users/anindyamukhopadhyay/Developer/JanVote/src/components/Navbar.jsx": {"path":"/Users/anindyamukhopadhyay/Developer/JanVote/src/components/Navbar.jsx","statementMap":{"0":{"start":{"line":5,"column":17},"end":{"line":11,"column":null}},"1":{"start":{"line":14,"column":2},"end":{"line":89,"column":null}},"2":{"start":{"line":33,"column":12},"end":{"line":58,"column":null}},"3":{"start":{"line":38,"column":16},"end":{"line":41,"column":null}},"4":{"start":{"line":46,"column":16},"end":{"line":56,"column":null}}},"fnMap":{"0":{"name":"Navbar","decl":{"start":{"line":13,"column":9},"end":{"line":13,"column":16}},"loc":{"start":{"line":13,"column":78},"end":{"line":89,"column":null}},"line":13},"1":{"name":"(anonymous_1)","decl":{"start":{"line":32,"column":20},"end":{"line":32,"column":25}},"loc":{"start":{"line":33,"column":12},"end":{"line":58,"column":null}},"line":33},"2":{"name":"(anonymous_2)","decl":{"start":{"line":37,"column":14},"end":{"line":37,"column":26}},"loc":{"start":{"line":38,"column":16},"end":{"line":41,"column":null}},"line":38},"3":{"name":"(anonymous_3)","decl":{"start":{"line":45,"column":16},"end":{"line":45,"column":18}},"loc":{"start":{"line":46,"column":16},"end":{"line":56,"column":null}},"line":46}},"branchMap":{"0":{"loc":{"start":{"line":39,"column":18},"end":{"line":41,"column":null}},"type":"cond-expr","locations":[{"start":{"line":40,"column":22},"end":{"line":40,"column":null}},{"start":{"line":41,"column":22},"end":{"line":41,"column":null}}],"line":39},"1":{"loc":{"start":{"line":47,"column":19},"end":{"line":55,"column":19}},"type":"binary-expr","locations":[{"start":{"line":47,"column":19},"end":{"line":47,"column":null}},{"start":{"line":48,"column":20},"end":{"line":55,"column":19}}],"line":47},"2":{"loc":{"start":{"line":66,"column":24},"end":{"line":66,"column":null}},"type":"cond-expr","locations":[{"start":{"line":66,"column":38},"end":{"line":66,"column":61}},{"start":{"line":66,"column":61},"end":{"line":66,"column":null}}],"line":66},"3":{"loc":{"start":{"line":69,"column":14},"end":{"line":71,"column":null}},"type":"cond-expr","locations":[{"start":{"line":70,"column":18},"end":{"line":70,"column":null}},{"start":{"line":71,"column":18},"end":{"line":71,"column":null}}],"line":69},"4":{"loc":{"start":{"line":75,"column":13},"end":{"line":75,"column":null}},"type":"cond-expr","locations":[{"start":{"line":75,"column":27},"end":{"line":75,"column":42}},{"start":{"line":75,"column":42},"end":{"line":75,"column":null}}],"line":75},"5":{"loc":{"start":{"line":81,"column":24},"end":{"line":81,"column":null}},"type":"cond-expr","locations":[{"start":{"line":81,"column":37},"end":{"line":81,"column":62}},{"start":{"line":81,"column":62},"end":{"line":81,"column":null}}],"line":81},"6":{"loc":{"start":{"line":85,"column":13},"end":{"line":85,"column":null}},"type":"cond-expr","locations":[{"start":{"line":85,"column":26},"end":{"line":85,"column":76}},{"start":{"line":85,"column":75},"end":{"line":85,"column":null}}],"line":85}},"s":{"0":1,"1":2,"2":10,"3":10,"4":10},"f":{"0":2,"1":10,"2":10,"3":10},"b":{"0":[2,8],"1":[10,2],"2":[0,2],"3":[0,2],"4":[0,2],"5":[0,2],"6":[0,2]},"meta":{"lastBranch":7,"lastFunction":4,"lastStatement":5,"seen":{"s:5:17:11:Infinity":0,"f:13:9:13:16":0,"s:14:2:89:Infinity":1,"f:32:20:32:25":1,"s:33:12:58:Infinity":2,"f:37:14:37:26":2,"s:38:16:41:Infinity":3,"b:40:22:40:Infinity:41:22:41:Infinity":0,"f:45:16:45:18":3,"s:46:16:56:Infinity":4,"b:47:19:47:Infinity:48:20:55:19":1,"b:66:38:66:61:66:61:66:Infinity":2,"b:70:18:70:Infinity:71:18:71:Infinity":3,"b:75:27:75:42:75:42:75:Infinity":4,"b:81:37:81:62:81:62:81:Infinity":5,"b:85:26:85:76:85:75:85:Infinity":6}}}
,"/Users/anindyamukhopadhyay/Developer/JanVote/src/components/QuizCard.jsx": {"path":"/Users/anindyamukhopadhyay/Developer/JanVote/src/components/QuizCard.jsx","statementMap":{"0":{"start":{"line":11,"column":2},"end":{"line":82,"column":null}},"1":{"start":{"line":31,"column":36},"end":{"line":31,"column":null}},"2":{"start":{"line":33,"column":14},"end":{"line":33,"column":null}},"3":{"start":{"line":34,"column":31},"end":{"line":34,"column":null}},"4":{"start":{"line":36,"column":37},"end":{"line":36,"column":null}},"5":{"start":{"line":38,"column":12},"end":{"line":47,"column":null}},"6":{"start":{"line":39,"column":14},"end":{"line":44,"column":null}},"7":{"start":{"line":40,"column":16},"end":{"line":40,"column":null}},"8":{"start":{"line":41,"column":25},"end":{"line":44,"column":null}},"9":{"start":{"line":42,"column":16},"end":{"line":42,"column":null}},"10":{"start":{"line":44,"column":16},"end":{"line":44,"column":null}},"11":{"start":{"line":46,"column":23},"end":{"line":47,"column":null}},"12":{"start":{"line":47,"column":14},"end":{"line":47,"column":null}},"13":{"start":{"line":50,"column":12},"end":{"line":75,"column":null}},"14":{"start":{"line":72,"column":34},"end":{"line":72,"column":69}}},"fnMap":{"0":{"name":"QuizCard","decl":{"start":{"line":4,"column":9},"end":{"line":4,"column":18}},"loc":{"start":{"line":10,"column":3},"end":{"line":82,"column":null}},"line":10},"1":{"name":"(anonymous_1)","decl":{"start":{"line":30,"column":28},"end":{"line":30,"column":33}},"loc":{"start":{"line":30,"column":44},"end":{"line":75,"column":null}},"line":30},"2":{"name":"(anonymous_2)","decl":{"start":{"line":72,"column":18},"end":{"line":72,"column":34}},"loc":{"start":{"line":72,"column":34},"end":{"line":72,"column":69}},"line":72}},"branchMap":{"0":{"loc":{"start":{"line":33,"column":14},"end":{"line":33,"column":null}},"type":"binary-expr","locations":[{"start":{"line":33,"column":14},"end":{"line":33,"column":29}},{"start":{"line":33,"column":29},"end":{"line":33,"column":58}},{"start":{"line":33,"column":58},"end":{"line":33,"column":null}}],"line":33},"1":{"loc":{"start":{"line":38,"column":12},"end":{"line":47,"column":null}},"type":"if","locations":[{"start":{"line":38,"column":12},"end":{"line":47,"column":null}},{"start":{"line":46,"column":23},"end":{"line":47,"column":null}}],"line":38},"2":{"loc":{"start":{"line":39,"column":14},"end":{"line":44,"column":null}},"type":"if","locations":[{"start":{"line":39,"column":14},"end":{"line":44,"column":null}},{"start":{"line":41,"column":25},"end":{"line":44,"column":null}}],"line":39},"3":{"loc":{"start":{"line":41,"column":25},"end":{"line":44,"column":null}},"type":"if","locations":[{"start":{"line":41,"column":25},"end":{"line":44,"column":null}},{"start":{"line":43,"column":21},"end":{"line":44,"column":null}}],"line":41},"4":{"loc":{"start":{"line":46,"column":23},"end":{"line":47,"column":null}},"type":"if","locations":[{"start":{"line":46,"column":23},"end":{"line":47,"column":null}},{"start":{},"end":{}}],"line":46},"5":{"loc":{"start":{"line":53,"column":28},"end":{"line":53,"column":63}},"type":"cond-expr","locations":[{"start":{"line":53,"column":43},"end":{"line":53,"column":58}},{"start":{"line":53,"column":61},"end":{"line":53,"column":63}}],"line":53},"6":{"loc":{"start":{"line":54,"column":26},"end":{"line":54,"column":61}},"type":"cond-expr","locations":[{"start":{"line":54,"column":41},"end":{"line":54,"column":56}},{"start":{"line":54,"column":59},"end":{"line":54,"column":61}}],"line":54},"7":{"loc":{"start":{"line":59,"column":19},"end":{"line":62,"column":null}},"type":"binary-expr","locations":[{"start":{"line":59,"column":19},"end":{"line":59,"column":null}},{"start":{"line":60,"column":20},"end":{"line":62,"column":null}}],"line":59},"8":{"loc":{"start":{"line":60,"column":120},"end":{"line":60,"column":null}},"type":"cond-expr","locations":[{"start":{"line":60,"column":133},"end":{"line":60,"column":167}},{"start":{"line":60,"column":167},"end":{"line":60,"column":null}}],"line":60},"9":{"loc":{"start":{"line":61,"column":23},"end":{"line":61,"column":null}},"type":"binary-expr","locations":[{"start":{"line":61,"column":23},"end":{"line":61,"column":37}},{"start":{"line":61,"column":37},"end":{"line":61,"column":null}}],"line":61},"10":{"loc":{"start":{"line":64,"column":19},"end":{"line":64,"column":null}},"type":"binary-expr","locations":[{"start":{"line":64,"column":19},"end":{"line":64,"column":34}},{"start":{"line":64,"column":34},"end":{"line":64,"column":53}},{"start":{"line":64,"column":53},"end":{"line":64,"column":null}}],"line":64},"11":{"loc":{"start":{"line":65,"column":19},"end":{"line":65,"column":null}},"type":"binary-expr","locations":[{"start":{"line":65,"column":19},"end":{"line":65,"column":34}},{"start":{"line":65,"column":34},"end":{"line":65,"column":54}},{"start":{"line":65,"column":54},"end":{"line":65,"column":null}}],"line":65},"12":{"loc":{"start":{"line":81,"column":7},"end":{"line":82,"column":null}},"type":"binary-expr","locations":[{"start":{"line":81,"column":7},"end":{"line":81,"column":22}},{"start":{"line":81,"column":22},"end":{"line":81,"column":null}},{"start":{"line":82,"column":9},"end":{"line":82,"column":null}}],"line":81}},"s":{"0":16,"1":64,"2":64,"3":64,"4":64,"5":64,"6":0,"7":0,"8":0,"9":0,"10":0,"11":64,"12":1,"13":64,"14":1},"f":{"0":16,"1":64,"2":1},"b":{"0":[64,0,0],"1":[0,64],"2":[0,0],"3":[0,0],"4":[1,63],"5":[64,0],"6":[64,0],"7":[64,64],"8":[1,63],"9":[64,1],"10":[64,0,0],"11":[64,0,0],"12":[16,0,0]},"meta":{"lastBranch":13,"lastFunction":3,"lastStatement":15,"seen":{"f:4:9:4:18":0,"s:11:2:82:Infinity":0,"f:30:28:30:33":1,"s:31:36:31:Infinity":1,"s:33:14:33:Infinity":2,"b:33:14:33:29:33:29:33:58:33:58:33:Infinity":0,"s:34:31:34:Infinity":3,"s:36:37:36:Infinity":4,"b:38:12:47:Infinity:46:23:47:Infinity":1,"s:38:12:47:Infinity":5,"b:39:14:44:Infinity:41:25:44:Infinity":2,"s:39:14:44:Infinity":6,"s:40:16:40:Infinity":7,"b:41:25:44:Infinity:43:21:44:Infinity":3,"s:41:25:44:Infinity":8,"s:42:16:42:Infinity":9,"s:44:16:44:Infinity":10,"b:46:23:47:Infinity:undefined:undefined:undefined:undefined":4,"s:46:23:47:Infinity":11,"s:47:14:47:Infinity":12,"s:50:12:75:Infinity":13,"b:53:43:53:58:53:61:53:63":5,"b:54:41:54:56:54:59:54:61":6,"b:59:19:59:Infinity:60:20:62:Infinity":7,"b:60:133:60:167:60:167:60:Infinity":8,"b:61:23:61:37:61:37:61:Infinity":9,"b:64:19:64:34:64:34:64:53:64:53:64:Infinity":10,"b:65:19:65:34:65:34:65:54:65:54:65:Infinity":11,"f:72:18:72:34":2,"s:72:34:72:69":14,"b:81:7:81:22:81:22:81:Infinity:82:9:82:Infinity":12}}}
,"/Users/anindyamukhopadhyay/Developer/JanVote/src/components/StatesExplorer.jsx": {"path":"/Users/anindyamukhopadhyay/Developer/JanVote/src/components/StatesExplorer.jsx","statementMap":{"0":{"start":{"line":7,"column":19},"end":{"line":20,"column":null}},"1":{"start":{"line":23,"column":23},"end":{"line":23,"column":56}},"2":{"start":{"line":24,"column":10},"end":{"line":24,"column":39}},"3":{"start":{"line":26,"column":2},"end":{"line":75,"column":null}},"4":{"start":{"line":40,"column":10},"end":{"line":73,"column":null}},"5":{"start":{"line":43,"column":14},"end":{"line":43,"column":null}},"6":{"start":{"line":44,"column":14},"end":{"line":44,"column":null}},"7":{"start":{"line":46,"column":32},"end":{"line":46,"column":53}}},"fnMap":{"0":{"name":"StatesExplorer","decl":{"start":{"line":22,"column":9},"end":{"line":22,"column":26}},"loc":{"start":{"line":22,"column":26},"end":{"line":75,"column":null}},"line":22},"1":{"name":"(anonymous_1)","decl":{"start":{"line":39,"column":20},"end":{"line":39,"column":25}},"loc":{"start":{"line":40,"column":10},"end":{"line":73,"column":null}},"line":40},"2":{"name":"(anonymous_2)","decl":{"start":{"line":42,"column":12},"end":{"line":42,"column":32}},"loc":{"start":{"line":42,"column":32},"end":{"line":44,"column":null}},"line":42},"3":{"name":"(anonymous_3)","decl":{"start":{"line":46,"column":12},"end":{"line":46,"column":32}},"loc":{"start":{"line":46,"column":32},"end":{"line":46,"column":53}},"line":46}},"branchMap":{"0":{"loc":{"start":{"line":55,"column":15},"end":{"line":72,"column":null}},"type":"binary-expr","locations":[{"start":{"line":55,"column":15},"end":{"line":55,"column":null}},{"start":{"line":56,"column":16},"end":{"line":72,"column":null}}],"line":55}},"s":{"0":1,"1":0,"2":0,"3":0,"4":0,"5":0,"6":0,"7":0},"f":{"0":0,"1":0,"2":0,"3":0},"b":{"0":[0,0]},"meta":{"lastBranch":1,"lastFunction":4,"lastStatement":8,"seen":{"s:7:19:20:Infinity":0,"f:22:9:22:26":0,"s:23:23:23:56":1,"s:24:10:24:39":2,"s:26:2:75:Infinity":3,"f:39:20:39:25":1,"s:40:10:73:Infinity":4,"f:42:12:42:32":2,"s:43:14:43:Infinity":5,"s:44:14:44:Infinity":6,"f:46:12:46:32":3,"s:46:32:46:53":7,"b:55:15:55:Infinity:56:16:72:Infinity":0}}}
,"/Users/anindyamukhopadhyay/Developer/JanVote/src/components/StepCard.jsx": {"path":"/Users/anindyamukhopadhyay/Developer/JanVote/src/components/StepCard.jsx","statementMap":{"0":{"start":{"line":4,"column":14},"end":{"line":10,"column":null}},"1":{"start":{"line":13,"column":15},"end":{"line":13,"column":null}},"2":{"start":{"line":15,"column":2},"end":{"line":46,"column":null}},"3":{"start":{"line":21,"column":8},"end":{"line":21,"column":null}},"4":{"start":{"line":21,"column":22},"end":{"line":21,"column":null}}},"fnMap":{"0":{"name":"StepCard","decl":{"start":{"line":12,"column":9},"end":{"line":12,"column":18}},"loc":{"start":{"line":12,"column":63},"end":{"line":46,"column":null}},"line":12},"1":{"name":"(anonymous_1)","decl":{"start":{"line":20,"column":6},"end":{"line":20,"column":29}},"loc":{"start":{"line":20,"column":29},"end":{"line":21,"column":null}},"line":20}},"branchMap":{"0":{"loc":{"start":{"line":13,"column":15},"end":{"line":13,"column":null}},"type":"binary-expr","locations":[{"start":{"line":13,"column":15},"end":{"line":13,"column":33}},{"start":{"line":13,"column":33},"end":{"line":13,"column":null}}],"line":13},"1":{"loc":{"start":{"line":21,"column":8},"end":{"line":21,"column":null}},"type":"if","locations":[{"start":{"line":21,"column":8},"end":{"line":21,"column":null}},{"start":{},"end":{}}],"line":21},"2":{"loc":{"start":{"line":45,"column":11},"end":{"line":45,"column":null}},"type":"cond-expr","locations":[{"start":{"line":45,"column":25},"end":{"line":45,"column":38}},{"start":{"line":45,"column":38},"end":{"line":45,"column":null}}],"line":45}},"s":{"0":1,"1":0,"2":0,"3":0,"4":0},"f":{"0":0,"1":0},"b":{"0":[0,0],"1":[0,0],"2":[0,0]},"meta":{"lastBranch":3,"lastFunction":2,"lastStatement":5,"seen":{"s:4:14:10:Infinity":0,"f:12:9:12:18":0,"s:13:15:13:Infinity":1,"b:13:15:13:33:13:33:13:Infinity":0,"s:15:2:46:Infinity":2,"f:20:6:20:29":1,"b:21:8:21:Infinity:undefined:undefined:undefined:undefined":1,"s:21:8:21:Infinity":3,"s:21:22:21:Infinity":4,"b:45:25:45:38:45:38:45:Infinity":2}}}
,"/Users/anindyamukhopadhyay/Developer/JanVote/src/components/Timeline.jsx": {"path":"/Users/anindyamukhopadhyay/Developer/JanVote/src/components/Timeline.jsx","statementMap":{"0":{"start":{"line":5,"column":2},"end":{"line":42,"column":null}},"1":{"start":{"line":17,"column":25},"end":{"line":17,"column":null}},"2":{"start":{"line":18,"column":10},"end":{"line":39,"column":null}}},"fnMap":{"0":{"name":"Timeline","decl":{"start":{"line":4,"column":9},"end":{"line":4,"column":18}},"loc":{"start":{"line":4,"column":56},"end":{"line":42,"column":null}},"line":4},"1":{"name":"(anonymous_1)","decl":{"start":{"line":16,"column":15},"end":{"line":16,"column":20}},"loc":{"start":{"line":16,"column":36},"end":{"line":39,"column":null}},"line":16}},"branchMap":{"0":{"loc":{"start":{"line":19,"column":80},"end":{"line":19,"column":127}},"type":"cond-expr","locations":[{"start":{"line":19,"column":89},"end":{"line":19,"column":105}},{"start":{"line":19,"column":105},"end":{"line":19,"column":127}}],"line":19},"1":{"loc":{"start":{"line":30,"column":63},"end":{"line":30,"column":null}},"type":"cond-expr","locations":[{"start":{"line":30,"column":72},"end":{"line":30,"column":85}},{"start":{"line":30,"column":85},"end":{"line":30,"column":null}}],"line":30}},"s":{"0":0,"1":0,"2":0},"f":{"0":0,"1":0},"b":{"0":[0,0],"1":[0,0]},"meta":{"lastBranch":2,"lastFunction":2,"lastStatement":3,"seen":{"f:4:9:4:18":0,"s:5:2:42:Infinity":0,"f:16:15:16:20":1,"s:17:25:17:Infinity":1,"s:18:10:39:Infinity":2,"b:19:89:19:105:19:105:19:127":0,"b:30:72:30:85:30:85:30:Infinity":1}}}
,"/Users/anindyamukhopadhyay/Developer/JanVote/src/data/electionSteps.js": {"path":"/Users/anindyamukhopadhyay/Developer/JanVote/src/data/electionSteps.js","statementMap":{"0":{"start":{"line":1,"column":29},"end":{"line":42,"column":null}}},"fnMap":{},"branchMap":{},"s":{"0":1},"f":{},"b":{},"meta":{"lastBranch":0,"lastFunction":0,"lastStatement":1,"seen":{"s:1:29:42:Infinity":0}}}
,"/Users/anindyamukhopadhyay/Developer/JanVote/src/data/quizData.js": {"path":"/Users/anindyamukhopadhyay/Developer/JanVote/src/data/quizData.js","statementMap":{"0":{"start":{"line":1,"column":24},"end":{"line":36,"column":null}}},"fnMap":{},"branchMap":{},"s":{"0":2},"f":{},"b":{},"meta":{"lastBranch":0,"lastFunction":0,"lastStatement":1,"seen":{"s:1:24:36:Infinity":0}}}
,"/Users/anindyamukhopadhyay/Developer/JanVote/src/hooks/useProgress.js": {"path":"/Users/anindyamukhopadhyay/Developer/JanVote/src/hooks/useProgress.js","statementMap":{"0":{"start":{"line":3,"column":25},"end":{"line":7,"column":null}},"1":{"start":{"line":10,"column":19},"end":{"line":17,"column":null}},"2":{"start":{"line":11,"column":4},"end":{"line":15,"column":null}},"3":{"start":{"line":12,"column":21},"end":{"line":12,"column":69}},"4":{"start":{"line":13,"column":6},"end":{"line":13,"column":null}},"5":{"start":{"line":15,"column":6},"end":{"line":15,"column":null}},"6":{"start":{"line":19,"column":2},"end":{"line":21,"column":null}},"7":{"start":{"line":20,"column":4},"end":{"line":20,"column":null}},"8":{"start":{"line":23,"column":8},"end":{"line":24,"column":null}},"9":{"start":{"line":24,"column":4},"end":{"line":24,"column":null}},"10":{"start":{"line":24,"column":27},"end":{"line":24,"column":65}},"11":{"start":{"line":27,"column":8},"end":{"line":28,"column":null}},"12":{"start":{"line":28,"column":4},"end":{"line":28,"column":null}},"13":{"start":{"line":28,"column":27},"end":{"line":28,"column":81}},"14":{"start":{"line":31,"column":8},"end":{"line":35,"column":null}},"15":{"start":{"line":32,"column":4},"end":{"line":35,"column":null}},"16":{"start":{"line":32,"column":27},"end":{"line":35,"column":7}},"17":{"start":{"line":39,"column":14},"end":{"line":39,"column":null}},"18":{"start":{"line":40,"column":25},"end":{"line":40,"column":null}},"19":{"start":{"line":41,"column":14},"end":{"line":41,"column":null}},"20":{"start":{"line":43,"column":15},"end":{"line":43,"column":null}},"21":{"start":{"line":44,"column":2},"end":{"line":44,"column":null}},"22":{"start":{"line":44,"column":34},"end":{"line":44,"column":null}},"23":{"start":{"line":45,"column":2},"end":{"line":45,"column":null}},"24":{"start":{"line":46,"column":2},"end":{"line":46,"column":null}},"25":{"start":{"line":48,"column":2},"end":{"line":61,"column":null}},"26":{"start":{"line":49,"column":4},"end":{"line":49,"column":null}},"27":{"start":{"line":50,"column":4},"end":{"line":50,"column":null}},"28":{"start":{"line":51,"column":4},"end":{"line":51,"column":null}},"29":{"start":{"line":52,"column":13},"end":{"line":61,"column":null}},"30":{"start":{"line":53,"column":4},"end":{"line":53,"column":null}},"31":{"start":{"line":54,"column":4},"end":{"line":54,"column":null}},"32":{"start":{"line":55,"column":4},"end":{"line":55,"column":null}},"33":{"start":{"line":56,"column":13},"end":{"line":61,"column":null}},"34":{"start":{"line":57,"column":4},"end":{"line":57,"column":null}},"35":{"start":{"line":58,"column":4},"end":{"line":58,"column":null}},"36":{"start":{"line":59,"column":4},"end":{"line":59,"column":null}},"37":{"start":{"line":61,"column":4},"end":{"line":61,"column":null}},"38":{"start":{"line":64,"column":2},"end":{"line":70,"column":null}}},"fnMap":{"0":{"name":"useProgress","decl":{"start":{"line":9,"column":16},"end":{"line":9,"column":30}},"loc":{"start":{"line":9,"column":30},"end":{"line":70,"column":null}},"line":9},"1":{"name":"(anonymous_1)","decl":{"start":{"line":10,"column":34},"end":{"line":10,"column":49}},"loc":{"start":{"line":10,"column":49},"end":{"line":17,"column":null}},"line":10},"2":{"name":"(anonymous_2)","decl":{"start":{"line":19,"column":2},"end":{"line":19,"column":18}},"loc":{"start":{"line":19,"column":18},"end":{"line":21,"column":6}},"line":19},"3":{"name":"(anonymous_3)","decl":{"start":{"line":23,"column":8},"end":{"line":23,"column":33}},"loc":{"start":{"line":23,"column":33},"end":{"line":24,"column":null}},"line":23},"4":{"name":"(anonymous_4)","decl":{"start":{"line":24,"column":4},"end":{"line":24,"column":17}},"loc":{"start":{"line":24,"column":27},"end":{"line":24,"column":65}},"line":24},"5":{"name":"(anonymous_5)","decl":{"start":{"line":27,"column":8},"end":{"line":27,"column":35}},"loc":{"start":{"line":27,"column":35},"end":{"line":28,"column":null}},"line":27},"6":{"name":"(anonymous_6)","decl":{"start":{"line":28,"column":4},"end":{"line":28,"column":17}},"loc":{"start":{"line":28,"column":27},"end":{"line":28,"column":81}},"line":28},"7":{"name":"(anonymous_7)","decl":{"start":{"line":31,"column":8},"end":{"line":31,"column":31}},"loc":{"start":{"line":31,"column":41},"end":{"line":35,"column":null}},"line":31},"8":{"name":"(anonymous_8)","decl":{"start":{"line":32,"column":4},"end":{"line":32,"column":17}},"loc":{"start":{"line":32,"column":27},"end":{"line":35,"column":7}},"line":32}},"branchMap":{"0":{"loc":{"start":{"line":13,"column":13},"end":{"line":13,"column":null}},"type":"cond-expr","locations":[{"start":{"line":13,"column":22},"end":{"line":13,"column":40}},{"start":{"line":13,"column":43},"end":{"line":13,"column":null}}],"line":13},"1":{"loc":{"start":{"line":44,"column":2},"end":{"line":44,"column":null}},"type":"if","locations":[{"start":{"line":44,"column":2},"end":{"line":44,"column":null}},{"start":{},"end":{}}],"line":44},"2":{"loc":{"start":{"line":48,"column":2},"end":{"line":61,"column":null}},"type":"if","locations":[{"start":{"line":48,"column":2},"end":{"line":61,"column":null}},{"start":{"line":52,"column":13},"end":{"line":61,"column":null}}],"line":48},"3":{"loc":{"start":{"line":52,"column":13},"end":{"line":61,"column":null}},"type":"if","locations":[{"start":{"line":52,"column":13},"end":{"line":61,"column":null}},{"start":{"line":56,"column":13},"end":{"line":61,"column":null}}],"line":52},"4":{"loc":{"start":{"line":56,"column":13},"end":{"line":61,"column":null}},"type":"if","locations":[{"start":{"line":56,"column":13},"end":{"line":61,"column":null}},{"start":{"line":60,"column":9},"end":{"line":61,"column":null}}],"line":56}},"s":{"0":1,"1":2,"2":2,"3":2,"4":2,"5":0,"6":2,"7":2,"8":2,"9":0,"10":0,"11":2,"12":0,"13":0,"14":2,"15":0,"16":0,"17":2,"18":2,"19":2,"20":2,"21":2,"22":0,"23":2,"24":2,"25":2,"26":0,"27":0,"28":0,"29":2,"30":0,"31":0,"32":0,"33":2,"34":0,"35":0,"36":0,"37":2,"38":2},"f":{"0":2,"1":2,"2":2,"3":0,"4":0,"5":0,"6":0,"7":0,"8":0},"b":{"0":[1,1],"1":[0,2],"2":[0,2],"3":[0,2],"4":[0,2]},"meta":{"lastBranch":5,"lastFunction":9,"lastStatement":39,"seen":{"s:3:25:7:Infinity":0,"f:9:16:9:30":0,"s:10:19:17:Infinity":1,"f:10:34:10:49":1,"s:11:4:15:Infinity":2,"s:12:21:12:69":3,"s:13:6:13:Infinity":4,"b:13:22:13:40:13:43:13:Infinity":0,"s:15:6:15:Infinity":5,"s:19:2:21:Infinity":6,"f:19:2:19:18":2,"s:20:4:20:Infinity":7,"s:23:8:24:Infinity":8,"f:23:8:23:33":3,"s:24:4:24:Infinity":9,"f:24:4:24:17":4,"s:24:27:24:65":10,"s:27:8:28:Infinity":11,"f:27:8:27:35":5,"s:28:4:28:Infinity":12,"f:28:4:28:17":6,"s:28:27:28:81":13,"s:31:8:35:Infinity":14,"f:31:8:31:31":7,"s:32:4:35:Infinity":15,"f:32:4:32:17":8,"s:32:27:35:7":16,"s:39:14:39:Infinity":17,"s:40:25:40:Infinity":18,"s:41:14:41:Infinity":19,"s:43:15:43:Infinity":20,"b:44:2:44:Infinity:undefined:undefined:undefined:undefined":1,"s:44:2:44:Infinity":21,"s:44:34:44:Infinity":22,"s:45:2:45:Infinity":23,"s:46:2:46:Infinity":24,"b:48:2:61:Infinity:52:13:61:Infinity":2,"s:48:2:61:Infinity":25,"s:49:4:49:Infinity":26,"s:50:4:50:Infinity":27,"s:51:4:51:Infinity":28,"b:52:13:61:Infinity:56:13:61:Infinity":3,"s:52:13:61:Infinity":29,"s:53:4:53:Infinity":30,"s:54:4:54:Infinity":31,"s:55:4:55:Infinity":32,"b:56:13:61:Infinity:60:9:61:Infinity":4,"s:56:13:61:Infinity":33,"s:57:4:57:Infinity":34,"s:58:4:58:Infinity":35,"s:59:4:59:Infinity":36,"s:61:4:61:Infinity":37,"s:64:2:70:Infinity":38}}}
,"/Users/anindyamukhopadhyay/Developer/JanVote/src/hooks/useSoundEffects.js": {"path":"/Users/anindyamukhopadhyay/Developer/JanVote/src/hooks/useSoundEffects.js","statementMap":{"0":{"start":{"line":4,"column":15},"end":{"line":4,"column":null}},"1":{"start":{"line":6,"column":6},"end":{"line":30,"column":null}},"2":{"start":{"line":7,"column":2},"end":{"line":8,"column":null}},"3":{"start":{"line":8,"column":4},"end":{"line":8,"column":null}},"4":{"start":{"line":12,"column":2},"end":{"line":13,"column":null}},"5":{"start":{"line":13,"column":4},"end":{"line":13,"column":null}},"6":{"start":{"line":16,"column":21},"end":{"line":16,"column":48}},"7":{"start":{"line":17,"column":19},"end":{"line":17,"column":40}},"8":{"start":{"line":19,"column":2},"end":{"line":19,"column":null}},"9":{"start":{"line":20,"column":2},"end":{"line":20,"column":null}},"10":{"start":{"line":23,"column":2},"end":{"line":23,"column":null}},"11":{"start":{"line":24,"column":2},"end":{"line":24,"column":null}},"12":{"start":{"line":26,"column":2},"end":{"line":26,"column":null}},"13":{"start":{"line":27,"column":2},"end":{"line":27,"column":null}},"14":{"start":{"line":29,"column":2},"end":{"line":29,"column":null}},"15":{"start":{"line":30,"column":2},"end":{"line":30,"column":null}},"16":{"start":{"line":34,"column":8},"end":{"line":36,"column":8}},"17":{"start":{"line":35,"column":4},"end":{"line":35,"column":null}},"18":{"start":{"line":38,"column":8},"end":{"line":40,"column":8}},"19":{"start":{"line":39,"column":4},"end":{"line":39,"column":null}},"20":{"start":{"line":42,"column":8},"end":{"line":50,"column":8}},"21":{"start":{"line":43,"column":4},"end":{"line":43,"column":null}},"22":{"start":{"line":43,"column":19},"end":{"line":43,"column":null}},"23":{"start":{"line":44,"column":4},"end":{"line":44,"column":null}},"24":{"start":{"line":44,"column":40},"end":{"line":44,"column":null}},"25":{"start":{"line":47,"column":4},"end":{"line":47,"column":null}},"26":{"start":{"line":48,"column":4},"end":{"line":48,"column":null}},"27":{"start":{"line":48,"column":21},"end":{"line":48,"column":56}},"28":{"start":{"line":49,"column":4},"end":{"line":49,"column":null}},"29":{"start":{"line":49,"column":21},"end":{"line":49,"column":56}},"30":{"start":{"line":52,"column":8},"end":{"line":55,"column":8}},"31":{"start":{"line":53,"column":4},"end":{"line":53,"column":null}},"32":{"start":{"line":54,"column":4},"end":{"line":54,"column":null}},"33":{"start":{"line":54,"column":21},"end":{"line":54,"column":57}},"34":{"start":{"line":57,"column":2},"end":{"line":57,"column":null}}},"fnMap":{"0":{"name":"(anonymous_0)","decl":{"start":{"line":6,"column":6},"end":{"line":6,"column":18}},"loc":{"start":{"line":6,"column":54},"end":{"line":30,"column":null}},"line":6},"1":{"name":"useSoundEffects","decl":{"start":{"line":33,"column":16},"end":{"line":33,"column":34}},"loc":{"start":{"line":33,"column":34},"end":{"line":57,"column":null}},"line":33},"2":{"name":"(anonymous_2)","decl":{"start":{"line":34,"column":20},"end":{"line":34,"column":38}},"loc":{"start":{"line":34,"column":38},"end":{"line":36,"column":7}},"line":34},"3":{"name":"(anonymous_3)","decl":{"start":{"line":38,"column":18},"end":{"line":38,"column":36}},"loc":{"start":{"line":38,"column":36},"end":{"line":40,"column":7}},"line":38},"4":{"name":"(anonymous_4)","decl":{"start":{"line":42,"column":22},"end":{"line":42,"column":40}},"loc":{"start":{"line":42,"column":40},"end":{"line":50,"column":7}},"line":42},"5":{"name":"(anonymous_5)","decl":{"start":{"line":48,"column":4},"end":{"line":48,"column":21}},"loc":{"start":{"line":48,"column":21},"end":{"line":48,"column":56}},"line":48},"6":{"name":"(anonymous_6)","decl":{"start":{"line":49,"column":4},"end":{"line":49,"column":21}},"loc":{"start":{"line":49,"column":21},"end":{"line":49,"column":56}},"line":49},"7":{"name":"(anonymous_7)","decl":{"start":{"line":52,"column":20},"end":{"line":52,"column":38}},"loc":{"start":{"line":52,"column":38},"end":{"line":55,"column":7}},"line":52},"8":{"name":"(anonymous_8)","decl":{"start":{"line":54,"column":4},"end":{"line":54,"column":21}},"loc":{"start":{"line":54,"column":21},"end":{"line":54,"column":57}},"line":54}},"branchMap":{"0":{"loc":{"start":{"line":6,"column":40},"end":{"line":6,"column":54}},"type":"default-arg","locations":[{"start":{"line":6,"column":46},"end":{"line":6,"column":54}}],"line":6},"1":{"loc":{"start":{"line":7,"column":2},"end":{"line":8,"column":null}},"type":"if","locations":[{"start":{"line":7,"column":2},"end":{"line":8,"column":null}},{"start":{},"end":{}}],"line":7},"2":{"loc":{"start":{"line":8,"column":20},"end":{"line":8,"column":71}},"type":"binary-expr","locations":[{"start":{"line":8,"column":20},"end":{"line":8,"column":43}},{"start":{"line":8,"column":43},"end":{"line":8,"column":71}}],"line":8},"3":{"loc":{"start":{"line":12,"column":2},"end":{"line":13,"column":null}},"type":"if","locations":[{"start":{"line":12,"column":2},"end":{"line":13,"column":null}},{"start":{},"end":{}}],"line":12},"4":{"loc":{"start":{"line":43,"column":4},"end":{"line":43,"column":null}},"type":"if","locations":[{"start":{"line":43,"column":4},"end":{"line":43,"column":null}},{"start":{},"end":{}}],"line":43},"5":{"loc":{"start":{"line":43,"column":35},"end":{"line":43,"column":86}},"type":"binary-expr","locations":[{"start":{"line":43,"column":35},"end":{"line":43,"column":58}},{"start":{"line":43,"column":58},"end":{"line":43,"column":86}}],"line":43},"6":{"loc":{"start":{"line":44,"column":4},"end":{"line":44,"column":null}},"type":"if","locations":[{"start":{"line":44,"column":4},"end":{"line":44,"column":null}},{"start":{},"end":{}}],"line":44}},"s":{"0":1,"1":1,"2":0,"3":0,"4":0,"5":0,"6":0,"7":0,"8":0,"9":0,"10":0,"11":0,"12":0,"13":0,"14":0,"15":0,"16":0,"17":0,"18":0,"19":0,"20":0,"21":0,"22":0,"23":0,"24":0,"25":0,"26":0,"27":0,"28":0,"29":0,"30":0,"31":0,"32":0,"33":0,"34":0},"f":{"0":0,"1":0,"2":0,"3":0,"4":0,"5":0,"6":0,"7":0,"8":0},"b":{"0":[0],"1":[0,0],"2":[0,0],"3":[0,0],"4":[0,0],"5":[0,0],"6":[0,0]},"meta":{"lastBranch":7,"lastFunction":9,"lastStatement":35,"seen":{"s:4:15:4:Infinity":0,"s:6:6:30:Infinity":1,"f:6:6:6:18":0,"b:6:46:6:54":0,"b:7:2:8:Infinity:undefined:undefined:undefined:undefined":1,"s:7:2:8:Infinity":2,"s:8:4:8:Infinity":3,"b:8:20:8:43:8:43:8:71":2,"b:12:2:13:Infinity:undefined:undefined:undefined:undefined":3,"s:12:2:13:Infinity":4,"s:13:4:13:Infinity":5,"s:16:21:16:48":6,"s:17:19:17:40":7,"s:19:2:19:Infinity":8,"s:20:2:20:Infinity":9,"s:23:2:23:Infinity":10,"s:24:2:24:Infinity":11,"s:26:2:26:Infinity":12,"s:27:2:27:Infinity":13,"s:29:2:29:Infinity":14,"s:30:2:30:Infinity":15,"f:33:16:33:34":1,"s:34:8:36:8":16,"f:34:20:34:38":2,"s:35:4:35:Infinity":17,"s:38:8:40:8":18,"f:38:18:38:36":3,"s:39:4:39:Infinity":19,"s:42:8:50:8":20,"f:42:22:42:40":4,"b:43:4:43:Infinity:undefined:undefined:undefined:undefined":4,"s:43:4:43:Infinity":21,"s:43:19:43:Infinity":22,"b:43:35:43:58:43:58:43:86":5,"b:44:4:44:Infinity:undefined:undefined:undefined:undefined":6,"s:44:4:44:Infinity":23,"s:44:40:44:Infinity":24,"s:47:4:47:Infinity":25,"s:48:4:48:Infinity":26,"f:48:4:48:21":5,"s:48:21:48:56":27,"s:49:4:49:Infinity":28,"f:49:4:49:21":6,"s:49:21:49:56":29,"s:52:8:55:8":30,"f:52:20:52:38":7,"s:53:4:53:Infinity":31,"s:54:4:54:Infinity":32,"f:54:4:54:21":8,"s:54:21:54:57":33,"s:57:2:57:Infinity":34}}}
,"/Users/anindyamukhopadhyay/Developer/JanVote/src/pages/Chat.jsx": {"path":"/Users/anindyamukhopadhyay/Developer/JanVote/src/pages/Chat.jsx","statementMap":{"0":{"start":{"line":5,"column":2},"end":{"line":26,"column":null}}},"fnMap":{"0":{"name":"Chat","decl":{"start":{"line":4,"column":9},"end":{"line":4,"column":14}},"loc":{"start":{"line":4,"column":31},"end":{"line":26,"column":null}},"line":4}},"branchMap":{"0":{"loc":{"start":{"line":20,"column":11},"end":{"line":22,"column":null}},"type":"cond-expr","locations":[{"start":{"line":21,"column":14},"end":{"line":21,"column":null}},{"start":{"line":22,"column":14},"end":{"line":22,"column":null}}],"line":20}},"s":{"0":0},"f":{"0":0},"b":{"0":[0,0]},"meta":{"lastBranch":1,"lastFunction":1,"lastStatement":1,"seen":{"f:4:9:4:14":0,"s:5:2:26:Infinity":0,"b:21:14:21:Infinity:22:14:22:Infinity":0}}}
,"/Users/anindyamukhopadhyay/Developer/JanVote/src/pages/Home.jsx": {"path":"/Users/anindyamukhopadhyay/Developer/JanVote/src/pages/Home.jsx","statementMap":{"0":{"start":{"line":6,"column":26},"end":{"line":12,"column":null}},"1":{"start":{"line":14,"column":21},"end":{"line":17,"column":null}},"2":{"start":{"line":20,"column":8},"end":{"line":20,"column":32}},"3":{"start":{"line":21,"column":10},"end":{"line":21,"column":33}},"4":{"start":{"line":23,"column":2},"end":{"line":124,"column":null}},"5":{"start":{"line":54,"column":29},"end":{"line":54,"column":50}},"6":{"start":{"line":95,"column":10},"end":{"line":122,"column":null}},"7":{"start":{"line":101,"column":14},"end":{"line":104,"column":null}},"8":{"start":{"line":102,"column":16},"end":{"line":102,"column":null}},"9":{"start":{"line":102,"column":31},"end":{"line":102,"column":null}},"10":{"start":{"line":103,"column":16},"end":{"line":103,"column":null}},"11":{"start":{"line":103,"column":31},"end":{"line":103,"column":null}},"12":{"start":{"line":104,"column":16},"end":{"line":104,"column":null}},"13":{"start":{"line":104,"column":31},"end":{"line":104,"column":null}},"14":{"start":{"line":110,"column":14},"end":{"line":110,"column":null}},"15":{"start":{"line":110,"column":29},"end":{"line":110,"column":null}},"16":{"start":{"line":111,"column":14},"end":{"line":111,"column":null}},"17":{"start":{"line":111,"column":29},"end":{"line":111,"column":null}},"18":{"start":{"line":112,"column":14},"end":{"line":112,"column":null}},"19":{"start":{"line":112,"column":29},"end":{"line":112,"column":null}}},"fnMap":{"0":{"name":"Home","decl":{"start":{"line":19,"column":9},"end":{"line":19,"column":14}},"loc":{"start":{"line":19,"column":31},"end":{"line":124,"column":null}},"line":19},"1":{"name":"(anonymous_1)","decl":{"start":{"line":54,"column":14},"end":{"line":54,"column":29}},"loc":{"start":{"line":54,"column":29},"end":{"line":54,"column":50}},"line":54},"2":{"name":"(anonymous_2)","decl":{"start":{"line":94,"column":10},"end":{"line":94,"column":15}},"loc":{"start":{"line":95,"column":10},"end":{"line":122,"column":null}},"line":95},"3":{"name":"(anonymous_3)","decl":{"start":{"line":100,"column":12},"end":{"line":100,"column":24}},"loc":{"start":{"line":100,"column":30},"end":{"line":104,"column":null}},"line":100},"4":{"name":"(anonymous_4)","decl":{"start":{"line":109,"column":12},"end":{"line":109,"column":27}},"loc":{"start":{"line":109,"column":27},"end":{"line":112,"column":null}},"line":109}},"branchMap":{"0":{"loc":{"start":{"line":46,"column":13},"end":{"line":48,"column":null}},"type":"cond-expr","locations":[{"start":{"line":47,"column":16},"end":{"line":47,"column":null}},{"start":{"line":48,"column":16},"end":{"line":48,"column":null}}],"line":46},"1":{"loc":{"start":{"line":101,"column":14},"end":{"line":104,"column":null}},"type":"if","locations":[{"start":{"line":101,"column":14},"end":{"line":104,"column":null}},{"start":{},"end":{}}],"line":101},"2":{"loc":{"start":{"line":101,"column":18},"end":{"line":101,"column":54}},"type":"binary-expr","locations":[{"start":{"line":101,"column":18},"end":{"line":101,"column":39}},{"start":{"line":101,"column":39},"end":{"line":101,"column":54}}],"line":101},"3":{"loc":{"start":{"line":102,"column":16},"end":{"line":102,"column":null}},"type":"if","locations":[{"start":{"line":102,"column":16},"end":{"line":102,"column":null}},{"start":{},"end":{}}],"line":102},"4":{"loc":{"start":{"line":103,"column":16},"end":{"line":103,"column":null}},"type":"if","locations":[{"start":{"line":103,"column":16},"end":{"line":103,"column":null}},{"start":{},"end":{}}],"line":103},"5":{"loc":{"start":{"line":104,"column":16},"end":{"line":104,"column":null}},"type":"if","locations":[{"start":{"line":104,"column":16},"end":{"line":104,"column":null}},{"start":{},"end":{}}],"line":104},"6":{"loc":{"start":{"line":110,"column":14},"end":{"line":110,"column":null}},"type":"if","locations":[{"start":{"line":110,"column":14},"end":{"line":110,"column":null}},{"start":{},"end":{}}],"line":110},"7":{"loc":{"start":{"line":111,"column":14},"end":{"line":111,"column":null}},"type":"if","locations":[{"start":{"line":111,"column":14},"end":{"line":111,"column":null}},{"start":{},"end":{}}],"line":111},"8":{"loc":{"start":{"line":112,"column":14},"end":{"line":112,"column":null}},"type":"if","locations":[{"start":{"line":112,"column":14},"end":{"line":112,"column":null}},{"start":{},"end":{}}],"line":112}},"s":{"0":2,"1":2,"2":5,"3":5,"4":5,"5":1,"6":15,"7":0,"8":0,"9":0,"10":0,"11":0,"12":0,"13":0,"14":3,"15":1,"16":3,"17":1,"18":3,"19":1},"f":{"0":5,"1":1,"2":15,"3":0,"4":3},"b":{"0":[0,5],"1":[0,0],"2":[0,0],"3":[0,0],"4":[0,0],"5":[0,0],"6":[1,2],"7":[1,2],"8":[1,2]},"meta":{"lastBranch":9,"lastFunction":5,"lastStatement":20,"seen":{"s:6:26:12:Infinity":0,"s:14:21:17:Infinity":1,"f:19:9:19:14":0,"s:20:8:20:32":2,"s:21:10:21:33":3,"s:23:2:124:Infinity":4,"b:47:16:47:Infinity:48:16:48:Infinity":0,"f:54:14:54:29":1,"s:54:29:54:50":5,"f:94:10:94:15":2,"s:95:10:122:Infinity":6,"f:100:12:100:24":3,"b:101:14:104:Infinity:undefined:undefined:undefined:undefined":1,"s:101:14:104:Infinity":7,"b:101:18:101:39:101:39:101:54":2,"b:102:16:102:Infinity:undefined:undefined:undefined:undefined":3,"s:102:16:102:Infinity":8,"s:102:31:102:Infinity":9,"b:103:16:103:Infinity:undefined:undefined:undefined:undefined":4,"s:103:16:103:Infinity":10,"s:103:31:103:Infinity":11,"b:104:16:104:Infinity:undefined:undefined:undefined:undefined":5,"s:104:16:104:Infinity":12,"s:104:31:104:Infinity":13,"f:109:12:109:27":4,"b:110:14:110:Infinity:undefined:undefined:undefined:undefined":6,"s:110:14:110:Infinity":14,"s:110:29:110:Infinity":15,"b:111:14:111:Infinity:undefined:undefined:undefined:undefined":7,"s:111:14:111:Infinity":16,"s:111:29:111:Infinity":17,"b:112:14:112:Infinity:undefined:undefined:undefined:undefined":8,"s:112:14:112:Infinity":18,"s:112:29:112:Infinity":19}}}
,"/Users/anindyamukhopadhyay/Developer/JanVote/src/pages/Quiz.jsx": {"path":"/Users/anindyamukhopadhyay/Developer/JanVote/src/pages/Quiz.jsx","statementMap":{"0":{"start":{"line":10,"column":26},"end":{"line":10,"column":60}},"1":{"start":{"line":11,"column":22},"end":{"line":11,"column":55}},"2":{"start":{"line":12,"column":16},"end":{"line":12,"column":39}},"3":{"start":{"line":13,"column":10},"end":{"line":13,"column":47}},"4":{"start":{"line":15,"column":8},"end":{"line":18,"column":23}},"5":{"start":{"line":16,"column":26},"end":{"line":16,"column":null}},"6":{"start":{"line":17,"column":4},"end":{"line":17,"column":null}},"7":{"start":{"line":20,"column":8},"end":{"line":22,"column":null}},"8":{"start":{"line":21,"column":10},"end":{"line":21,"column":null}},"9":{"start":{"line":25,"column":8},"end":{"line":30,"column":null}},"10":{"start":{"line":26,"column":4},"end":{"line":26,"column":null}},"11":{"start":{"line":26,"column":21},"end":{"line":26,"column":null}},"12":{"start":{"line":27,"column":4},"end":{"line":30,"column":null}},"13":{"start":{"line":27,"column":34},"end":{"line":30,"column":7}},"14":{"start":{"line":33,"column":8},"end":{"line":70,"column":null}},"15":{"start":{"line":34,"column":16},"end":{"line":34,"column":null}},"16":{"start":{"line":35,"column":4},"end":{"line":39,"column":null}},"17":{"start":{"line":36,"column":6},"end":{"line":37,"column":null}},"18":{"start":{"line":37,"column":8},"end":{"line":37,"column":null}},"19":{"start":{"line":41,"column":4},"end":{"line":41,"column":null}},"20":{"start":{"line":42,"column":4},"end":{"line":42,"column":null}},"21":{"start":{"line":43,"column":4},"end":{"line":43,"column":null}},"22":{"start":{"line":46,"column":4},"end":{"line":70,"column":null}},"23":{"start":{"line":47,"column":23},"end":{"line":47,"column":null}},"24":{"start":{"line":48,"column":27},"end":{"line":48,"column":null}},"25":{"start":{"line":49,"column":23},"end":{"line":49,"column":null}},"26":{"start":{"line":51,"column":12},"end":{"line":51,"column":null}},"27":{"start":{"line":51,"column":42},"end":{"line":51,"column":null}},"28":{"start":{"line":53,"column":23},"end":{"line":63,"column":13}},"29":{"start":{"line":54,"column":25},"end":{"line":54,"column":50}},"30":{"start":{"line":56,"column":8},"end":{"line":57,"column":null}},"31":{"start":{"line":57,"column":10},"end":{"line":57,"column":null}},"32":{"start":{"line":60,"column":30},"end":{"line":60,"column":null}},"33":{"start":{"line":61,"column":8},"end":{"line":61,"column":null}},"34":{"start":{"line":62,"column":8},"end":{"line":62,"column":null}},"35":{"start":{"line":64,"column":15},"end":{"line":70,"column":null}},"36":{"start":{"line":66,"column":6},"end":{"line":70,"column":null}},"37":{"start":{"line":74,"column":8},"end":{"line":77,"column":null}},"38":{"start":{"line":75,"column":4},"end":{"line":75,"column":null}},"39":{"start":{"line":76,"column":4},"end":{"line":76,"column":null}},"40":{"start":{"line":77,"column":4},"end":{"line":77,"column":null}},"41":{"start":{"line":80,"column":2},"end":{"line":176,"column":null}},"42":{"start":{"line":118,"column":10},"end":{"line":125,"column":null}}},"fnMap":{"0":{"name":"Quiz","decl":{"start":{"line":9,"column":9},"end":{"line":9,"column":14}},"loc":{"start":{"line":9,"column":31},"end":{"line":176,"column":null}},"line":9},"1":{"name":"(anonymous_1)","decl":{"start":{"line":15,"column":19},"end":{"line":15,"column":33}},"loc":{"start":{"line":15,"column":33},"end":{"line":18,"column":6}},"line":15},"2":{"name":"(anonymous_2)","decl":{"start":{"line":20,"column":22},"end":{"line":20,"column":null}},"loc":{"start":{"line":21,"column":10},"end":{"line":21,"column":null}},"line":21},"3":{"name":"(anonymous_3)","decl":{"start":{"line":25,"column":8},"end":{"line":25,"column":30}},"loc":{"start":{"line":25,"column":53},"end":{"line":30,"column":null}},"line":25},"4":{"name":"(anonymous_4)","decl":{"start":{"line":27,"column":4},"end":{"line":27,"column":24}},"loc":{"start":{"line":27,"column":34},"end":{"line":30,"column":7}},"line":27},"5":{"name":"(anonymous_5)","decl":{"start":{"line":33,"column":8},"end":{"line":33,"column":29}},"loc":{"start":{"line":33,"column":29},"end":{"line":70,"column":null}},"line":33},"6":{"name":"(anonymous_6)","decl":{"start":{"line":35,"column":13},"end":{"line":35,"column":22}},"loc":{"start":{"line":35,"column":35},"end":{"line":39,"column":null}},"line":35},"7":{"name":"(anonymous_7)","decl":{"start":{"line":51,"column":12},"end":{"line":51,"column":29}},"loc":{"start":{"line":51,"column":42},"end":{"line":51,"column":null}},"line":51},"8":{"name":"(anonymous_8)","decl":{"start":{"line":53,"column":35},"end":{"line":53,"column":46}},"loc":{"start":{"line":53,"column":46},"end":{"line":63,"column":13}},"line":53},"9":{"name":"(anonymous_9)","decl":{"start":{"line":74,"column":8},"end":{"line":74,"column":26}},"loc":{"start":{"line":74,"column":26},"end":{"line":77,"column":null}},"line":74},"10":{"name":"(anonymous_10)","decl":{"start":{"line":117,"column":18},"end":{"line":117,"column":23}},"loc":{"start":{"line":118,"column":10},"end":{"line":125,"column":null}},"line":118}},"branchMap":{"0":{"loc":{"start":{"line":26,"column":4},"end":{"line":26,"column":null}},"type":"if","locations":[{"start":{"line":26,"column":4},"end":{"line":26,"column":null}},{"start":{},"end":{}}],"line":26},"1":{"loc":{"start":{"line":36,"column":6},"end":{"line":37,"column":null}},"type":"if","locations":[{"start":{"line":36,"column":6},"end":{"line":37,"column":null}},{"start":{},"end":{}}],"line":36},"2":{"loc":{"start":{"line":46,"column":4},"end":{"line":70,"column":null}},"type":"if","locations":[{"start":{"line":46,"column":4},"end":{"line":70,"column":null}},{"start":{"line":64,"column":15},"end":{"line":70,"column":null}}],"line":46},"3":{"loc":{"start":{"line":56,"column":8},"end":{"line":57,"column":null}},"type":"if","locations":[{"start":{"line":56,"column":8},"end":{"line":57,"column":null}},{"start":{},"end":{}}],"line":56},"4":{"loc":{"start":{"line":64,"column":15},"end":{"line":70,"column":null}},"type":"if","locations":[{"start":{"line":64,"column":15},"end":{"line":70,"column":null}},{"start":{},"end":{}}],"line":64},"5":{"loc":{"start":{"line":95,"column":11},"end":{"line":97,"column":null}},"type":"cond-expr","locations":[{"start":{"line":96,"column":14},"end":{"line":96,"column":null}},{"start":{"line":97,"column":14},"end":{"line":97,"column":null}}],"line":95},"6":{"loc":{"start":{"line":130,"column":9},"end":{"line":151,"column":null}},"type":"binary-expr","locations":[{"start":{"line":130,"column":9},"end":{"line":130,"column":null}},{"start":{"line":131,"column":10},"end":{"line":151,"column":null}}],"line":130},"7":{"loc":{"start":{"line":135,"column":14},"end":{"line":137,"column":null}},"type":"cond-expr","locations":[{"start":{"line":136,"column":18},"end":{"line":136,"column":null}},{"start":{"line":137,"column":18},"end":{"line":137,"column":null}}],"line":135},"8":{"loc":{"start":{"line":140,"column":56},"end":{"line":140,"column":127}},"type":"cond-expr","locations":[{"start":{"line":140,"column":84},"end":{"line":140,"column":105}},{"start":{"line":140,"column":105},"end":{"line":140,"column":127}}],"line":140},"9":{"loc":{"start":{"line":145,"column":15},"end":{"line":147,"column":null}},"type":"cond-expr","locations":[{"start":{"line":146,"column":18},"end":{"line":146,"column":null}},{"start":{"line":147,"column":18},"end":{"line":147,"column":null}}],"line":145},"10":{"loc":{"start":{"line":154,"column":9},"end":{"line":173,"column":null}},"type":"cond-expr","locations":[{"start":{"line":155,"column":10},"end":{"line":166,"column":11}},{"start":{"line":166,"column":10},"end":{"line":173,"column":null}}],"line":154},"11":{"loc":{"start":{"line":156,"column":24},"end":{"line":156,"column":58}},"type":"cond-expr","locations":[{"start":{"line":156,"column":38},"end":{"line":156,"column":53}},{"start":{"line":156,"column":56},"end":{"line":156,"column":58}}],"line":156},"12":{"loc":{"start":{"line":157,"column":22},"end":{"line":157,"column":56}},"type":"cond-expr","locations":[{"start":{"line":157,"column":36},"end":{"line":157,"column":51}},{"start":{"line":157,"column":54},"end":{"line":157,"column":56}}],"line":157}},"s":{"0":4,"1":4,"2":4,"3":4,"4":4,"5":4,"6":4,"7":4,"8":4,"9":4,"10":1,"11":0,"12":1,"13":1,"14":4,"15":0,"16":0,"17":0,"18":0,"19":0,"20":0,"21":0,"22":0,"23":0,"24":0,"25":0,"26":0,"27":0,"28":0,"29":0,"30":0,"31":0,"32":0,"33":0,"34":0,"35":0,"36":0,"37":4,"38":0,"39":0,"40":0,"41":4,"42":16},"f":{"0":4,"1":4,"2":4,"3":1,"4":1,"5":0,"6":0,"7":0,"8":0,"9":0,"10":16},"b":{"0":[0,1],"1":[0,0],"2":[0,0],"3":[0,0],"4":[0,0],"5":[0,4],"6":[4,0],"7":[0,0],"8":[0,0],"9":[0,0],"10":[4,0],"11":[0,4],"12":[0,4]},"meta":{"lastBranch":13,"lastFunction":11,"lastStatement":43,"seen":{"f:9:9:9:14":0,"s:10:26:10:60":0,"s:11:22:11:55":1,"s:12:16:12:39":2,"s:13:10:13:47":3,"s:15:8:18:23":4,"f:15:19:15:33":1,"s:16:26:16:Infinity":5,"s:17:4:17:Infinity":6,"s:20:8:22:Infinity":7,"f:20:22:20:Infinity":2,"s:21:10:21:Infinity":8,"s:25:8:30:Infinity":9,"f:25:8:25:30":3,"b:26:4:26:Infinity:undefined:undefined:undefined:undefined":0,"s:26:4:26:Infinity":10,"s:26:21:26:Infinity":11,"s:27:4:30:Infinity":12,"f:27:4:27:24":4,"s:27:34:30:7":13,"s:33:8:70:Infinity":14,"f:33:8:33:29":5,"s:34:16:34:Infinity":15,"s:35:4:39:Infinity":16,"f:35:13:35:22":6,"b:36:6:37:Infinity:undefined:undefined:undefined:undefined":1,"s:36:6:37:Infinity":17,"s:37:8:37:Infinity":18,"s:41:4:41:Infinity":19,"s:42:4:42:Infinity":20,"s:43:4:43:Infinity":21,"b:46:4:70:Infinity:64:15:70:Infinity":2,"s:46:4:70:Infinity":22,"s:47:23:47:Infinity":23,"s:48:27:48:Infinity":24,"s:49:23:49:Infinity":25,"s:51:12:51:Infinity":26,"f:51:12:51:29":7,"s:51:42:51:Infinity":27,"s:53:23:63:13":28,"f:53:35:53:46":8,"s:54:25:54:50":29,"b:56:8:57:Infinity:undefined:undefined:undefined:undefined":3,"s:56:8:57:Infinity":30,"s:57:10:57:Infinity":31,"s:60:30:60:Infinity":32,"s:61:8:61:Infinity":33,"s:62:8:62:Infinity":34,"b:64:15:70:Infinity:undefined:undefined:undefined:undefined":4,"s:64:15:70:Infinity":35,"s:66:6:70:Infinity":36,"s:74:8:77:Infinity":37,"f:74:8:74:26":9,"s:75:4:75:Infinity":38,"s:76:4:76:Infinity":39,"s:77:4:77:Infinity":40,"s:80:2:176:Infinity":41,"b:96:14:96:Infinity:97:14:97:Infinity":5,"f:117:18:117:23":10,"s:118:10:125:Infinity":42,"b:130:9:130:Infinity:131:10:151:Infinity":6,"b:136:18:136:Infinity:137:18:137:Infinity":7,"b:140:84:140:105:140:105:140:127":8,"b:146:18:146:Infinity:147:18:147:Infinity":9,"b:155:10:166:11:166:10:173:Infinity":10,"b:156:38:156:53:156:56:156:58":11,"b:157:36:157:51:157:54:157:56":12}}}
,"/Users/anindyamukhopadhyay/Developer/JanVote/src/pages/Simulation.jsx": {"path":"/Users/anindyamukhopadhyay/Developer/JanVote/src/pages/Simulation.jsx","statementMap":{"0":{"start":{"line":7,"column":2},"end":{"line":30,"column":null}}},"fnMap":{"0":{"name":"Simulation","decl":{"start":{"line":6,"column":9},"end":{"line":6,"column":20}},"loc":{"start":{"line":6,"column":37},"end":{"line":30,"column":null}},"line":6}},"branchMap":{"0":{"loc":{"start":{"line":22,"column":11},"end":{"line":24,"column":null}},"type":"cond-expr","locations":[{"start":{"line":23,"column":14},"end":{"line":23,"column":null}},{"start":{"line":24,"column":14},"end":{"line":24,"column":null}}],"line":22}},"s":{"0":1},"f":{"0":1},"b":{"0":[0,1]},"meta":{"lastBranch":1,"lastFunction":1,"lastStatement":1,"seen":{"f:6:9:6:20":0,"s:7:2:30:Infinity":0,"b:23:14:23:Infinity:24:14:24:Infinity":0}}}
,"/Users/anindyamukhopadhyay/Developer/JanVote/src/pages/TimelinePage.jsx": {"path":"/Users/anindyamukhopadhyay/Developer/JanVote/src/pages/TimelinePage.jsx","statementMap":{"0":{"start":{"line":7,"column":10},"end":{"line":7,"column":44}},"1":{"start":{"line":9,"column":8},"end":{"line":12,"column":null}},"2":{"start":{"line":11,"column":4},"end":{"line":12,"column":null}},"3":{"start":{"line":12,"column":6},"end":{"line":12,"column":null}},"4":{"start":{"line":16,"column":2},"end":{"line":37,"column":null}}},"fnMap":{"0":{"name":"TimelinePage","decl":{"start":{"line":6,"column":9},"end":{"line":6,"column":22}},"loc":{"start":{"line":6,"column":39},"end":{"line":37,"column":null}},"line":6},"1":{"name":"(anonymous_1)","decl":{"start":{"line":9,"column":8},"end":{"line":9,"column":28}},"loc":{"start":{"line":9,"column":39},"end":{"line":12,"column":null}},"line":9}},"branchMap":{"0":{"loc":{"start":{"line":11,"column":4},"end":{"line":12,"column":null}},"type":"if","locations":[{"start":{"line":11,"column":4},"end":{"line":12,"column":null}},{"start":{},"end":{}}],"line":11},"1":{"loc":{"start":{"line":31,"column":11},"end":{"line":33,"column":null}},"type":"cond-expr","locations":[{"start":{"line":32,"column":14},"end":{"line":32,"column":null}},{"start":{"line":33,"column":14},"end":{"line":33,"column":null}}],"line":31}},"s":{"0":0,"1":0,"2":0,"3":0,"4":0},"f":{"0":0,"1":0},"b":{"0":[0,0],"1":[0,0]},"meta":{"lastBranch":2,"lastFunction":2,"lastStatement":5,"seen":{"f:6:9:6:22":0,"s:7:10:7:44":0,"s:9:8:12:Infinity":1,"f:9:8:9:28":1,"b:11:4:12:Infinity:undefined:undefined:undefined:undefined":0,"s:11:4:12:Infinity":2,"s:12:6:12:Infinity":3,"s:16:2:37:Infinity":4,"b:32:14:32:Infinity:33:14:33:Infinity":1}}}
}
